#
# A fatal error has been detected by the Java Runtime Environment:
#
#  SIGSEGV (0xb) at pc=0x00007f9aa473955e, pid=26702, tid=0x00007f9aa5c58700
#
# JRE version: Java(TM) SE Runtime Environment (8.0_231-b11) (build 1.8.0_231-b11)
# Java VM: Java HotSpot(TM) 64-Bit Server VM (25.231-b11 mixed mode linux-amd64 compressed oops)
# Problematic frame:
# V  [libjvm.so+0x6cb55e]  jni_GetFieldID+0xae
#
# Failed to write core dump. Core dumps have been disabled. To enable core dumping, try "ulimit -c unlimited" before starting Java again
#
# If you would like to submit a bug report, please visit:
#   http://bugreport.java.com/bugreport/crash.jsp
#

---------------  T H R E A D  ---------------

Current thread (0x00007f9a9c010800):  JavaThread "main" [_thread_in_vm, id=26703, stack(0x00007f9aa5b58000,0x00007f9aa5c59000)]

siginfo: si_signo: 11 (SIGSEGV), si_code: 1 (SEGV_MAPERR), si_addr: 0x0000000000000000

Registers:
RAX=0x0000000000000000, RBX=0x00007f9a9c010800, RCX=0x00007f9a7cc9ea69, RDX=0x0000000000000049
RSP=0x00007f9aa5c57830, RBP=0x00007f9aa5c578b0, RSI=0x00007f9a7cc9ea68, RDI=0x00007f9a8c5a7550
R8 =0x0000000000000001, R9 =0x00000000000000e5, R10=0x000000000000003f, R11=0x00007f9a7cc9e4ca
R12=0x00007f9a8c5f7980, R13=0x00007f9a7cc9ea6a, R14=0x00007f9aa5c57840, R15=0x00007f9a8c5a7550
RIP=0x00007f9aa473955e, EFLAGS=0x0000000000010206, CSGSFS=0x002b000000000033, ERR=0x0000000000000004
  TRAPNO=0x000000000000000e

Top of Stack: (sp=0x00007f9aa5c57830)
0x00007f9aa5c57830:   00007f9a9c010fa0 0000000000000000
0x00007f9aa5c57840:   00007f9a00000049 00007f9a9c010800
0x00007f9aa5c57850:   00007f9a8d0055d0 00007f9a9c010800
0x00007f9aa5c57860:   00007f9a9c010800 00007f9a9c00e050
0x00007f9aa5c57870:   00007f9a000000c7 00007f9aa4bdf1a8
0x00007f9aa5c57880:   00007f9aa5c578f0 00007f9a8ca0ca40
0x00007f9aa5c57890:   0000000000000000 00007f9a8ca0ca40
0x00007f9aa5c578a0:   00007f9aa5c579e0 00007f9a9c010800
0x00007f9aa5c578b0:   00007f9aa5c578e0 00007f9a7cc9e502
0x00007f9aa5c578c0:   00007f9a7cc9ea68 00007f9a7cc9ea6a
0x00007f9aa5c578d0:   0000000000000000 00007f9a9c0109f8
0x00007f9aa5c578e0:   00007f9aa5c57960 00007f9a7cc9e15a
0x00007f9aa5c578f0:   00007f9aa5c579e0 00007f9a9c0109f8
0x00007f9aa5c57900:   00007f9a8ca0ca40 0000000000000000
0x00007f9aa5c57910:   00007f9a8ca0ca40 00007f9a9c010800
0x00007f9aa5c57920:   00007f9a8ca0ca40 00007f9a9c010800
0x00007f9aa5c57930:   00007f9a8ca0ca40 0000000000000000
0x00007f9aa5c57940:   00007f9a8ca0ca40 00007f9aa5c579e0
0x00007f9aa5c57950:   00007f9aa5c579c0 6c7167d6b1102f00
0x00007f9aa5c57960:   00007f9aa5c579c0 00007f9a8d020aa8
0x00007f9aa5c57970:   0000000500000001 00007f9a8d0204e2
0x00007f9aa5c57980:   00007f9aa5c57980 00007f9a8ca0ca40
0x00007f9aa5c57990:   00007f9aa5c579e0 00007f9a8ca0cb58
0x00007f9aa5c579a0:   0000000000000000 00007f9a8ca0ca40
0x00007f9aa5c579b0:   0000000000000000 00007f9aa5c579e0
0x00007f9aa5c579c0:   00007f9aa5c57a30 00007f9a8d0080e0
0x00007f9aa5c579d0:   0000000000000000 00007f9a8d016d3b
0x00007f9aa5c579e0:   0000000718d69538 0000000718b21c58
0x00007f9aa5c579f0:   00007f9aa5c579f0 00007f9a8ca0c578
0x00007f9aa5c57a00:   00007f9aa5c57a48 00007f9a8ca0c610
0x00007f9aa5c57a10:   0000000000000000 00007f9a8ca0c5a0
0x00007f9aa5c57a20:   00007f9aa5c579e0 00007f9aa5c57a48 

Instructions: (pc=0x00007f9aa473955e)
0x00007f9aa473953e:   89 c6 e8 6b af 36 00 4d 85 e4 49 89 c7 0f 84 ef
0x00007f9aa473954e:   01 00 00 48 85 c0 0f 84 e6 01 00 00 48 8b 45 88
0x00007f9aa473955e:   48 8b 38 e8 7a 0d fc ff 48 8b 10 48 89 de 48 89
0x00007f9aa473956e:   c7 48 89 45 88 ff 92 90 00 00 00 48 83 7b 08 00 

Register to memory mapping:

RAX=0x0000000000000000 is an unknown value
RBX=0x00007f9a9c010800 is a thread
RCX=0x00007f9a7cc9ea69: <offset 0x2a69> in /home/whl/Documents/java_project/demo/lib/Framework.so at 0x00007f9a7cc9c000
RDX=0x0000000000000049 is an unknown value
RSP=0x00007f9aa5c57830 is pointing into the stack for thread: 0x00007f9a9c010800
RBP=0x00007f9aa5c578b0 is pointing into the stack for thread: 0x00007f9a9c010800
RSI=0x00007f9a7cc9ea68: <offset 0x2a68> in /home/whl/Documents/java_project/demo/lib/Framework.so at 0x00007f9a7cc9c000
RDI=0x00007f9a8c5a7550 is an unknown value
R8 =0x0000000000000001 is an unknown value
R9 =0x00000000000000e5 is an unknown value
R10=0x000000000000003f is an unknown value
R11=0x00007f9a7cc9e4ca: _ZN7JNIEnv_10GetFieldIDEP7_jclassPKcS3_+0 in /home/whl/Documents/java_project/demo/lib/Framework.so at 0x00007f9a7cc9c000
R12=0x00007f9a8c5f7980 is an unknown value
R13=0x00007f9a7cc9ea6a: <offset 0x2a6a> in /home/whl/Documents/java_project/demo/lib/Framework.so at 0x00007f9a7cc9c000
R14=0x00007f9aa5c57840 is pointing into the stack for thread: 0x00007f9a9c010800
R15=0x00007f9a8c5a7550 is an unknown value


Stack: [0x00007f9aa5b58000,0x00007f9aa5c59000],  sp=0x00007f9aa5c57830,  free space=1022k
Native frames: (J=compiled Java code, j=interpreted, Vv=VM code, C=native code)
V  [libjvm.so+0x6cb55e]  jni_GetFieldID+0xae
C  [Framework.so+0x2502]  JNIEnv_::GetFieldID(_jclass*, char const*, char const*)+0x38
C  [Framework.so+0x215a]  Java_com_example_demo_better_Framework_create+0x54
j  com.example.demo.better.Framework.create()Lcom/example/demo/domain/Camera;+0
j  com.example.demo.main.FrameworkVerify.main([Ljava/lang/String;)V+24
v  ~StubRoutines::call_stub
V  [libjvm.so+0x68868b]  JavaCalls::call_helper(JavaValue*, methodHandle*, JavaCallArguments*, Thread*)+0xddb
V  [libjvm.so+0x6d3641]  jni_invoke_static(JNIEnv_*, JavaValue*, _jobject*, JNICallType, _jmethodID*, JNI_ArgumentPusher*, Thread*) [clone .isra.96] [clone .constprop.117]+0x1e1
V  [libjvm.so+0x6d590b]  jni_CallStaticVoidMethod+0x15b
C  [libjli.so+0x889c]  JavaMain+0xa3c
C  [libpthread.so.0+0x76ba]  start_thread+0xca

Java frames: (J=compiled Java code, j=interpreted, Vv=VM code)
j  com.example.demo.better.Framework.create()Lcom/example/demo/domain/Camera;+0
j  com.example.demo.main.FrameworkVerify.main([Ljava/lang/String;)V+24
v  ~StubRoutines::call_stub

---------------  P R O C E S S  ---------------

Java Threads: ( => current thread )
  0x00007f9a9c41a800 JavaThread "Service Thread" daemon [_thread_blocked, id=26738, stack(0x00007f9a7cfa2000,0x00007f9a7d0a3000)]
  0x00007f9a9c417000 JavaThread "C1 CompilerThread2" daemon [_thread_in_native, id=26737, stack(0x00007f9a7d0a3000,0x00007f9a7d1a4000)]
  0x00007f9a9c410800 JavaThread "C2 CompilerThread1" daemon [_thread_in_native, id=26736, stack(0x00007f9a7d1a4000,0x00007f9a7d2a5000)]
  0x00007f9a9c40e000 JavaThread "C2 CompilerThread0" daemon [_thread_in_native, id=26735, stack(0x00007f9a7d2a5000,0x00007f9a7d3a6000)]
  0x00007f9a50001000 JavaThread "JDWP Command Reader" daemon [_thread_in_native, id=26734, stack(0x00007f9a7d532000,0x00007f9a7d633000)]
  0x00007f9a9c1d9000 JavaThread "JDWP Event Helper Thread" daemon [_thread_blocked, id=26733, stack(0x00007f9a7d633000,0x00007f9a7d734000)]
  0x00007f9a9c1d5800 JavaThread "JDWP Transport Listener: dt_socket" daemon [_thread_blocked, id=26730, stack(0x00007f9a7d734000,0x00007f9a7d835000)]
  0x00007f9a9c1c8000 JavaThread "Signal Dispatcher" daemon [_thread_blocked, id=26729, stack(0x00007f9a7da3a000,0x00007f9a7db3b000)]
  0x00007f9a9c198000 JavaThread "Finalizer" daemon [_thread_blocked, id=26728, stack(0x00007f9a7db3b000,0x00007f9a7dc3c000)]
  0x00007f9a9c193800 JavaThread "Reference Handler" daemon [_thread_blocked, id=26723, stack(0x00007f9a7dc3c000,0x00007f9a7dd3d000)]
=>0x00007f9a9c010800 JavaThread "main" [_thread_in_vm, id=26703, stack(0x00007f9aa5b58000,0x00007f9aa5c59000)]

Other Threads:
  0x00007f9a9c18a000 VMThread [stack: 0x00007f9a7dd3d000,0x00007f9a7de3e000] [id=26719]
  0x00007f9a9c41d800 WatcherThread [stack: 0x00007f9a7cea1000,0x00007f9a7cfa2000] [id=26739]

VM state:not at safepoint (normal execution)

VM Mutex/Monitor currently owned by a thread: None

heap address: 0x00000005ca000000, size: 8032 MB, Compressed Oops mode: Zero based, Oop shift amount: 3
Narrow klass base: 0x0000000000000000, Narrow klass shift: 3
Compressed class space size: 1073741824 Address: 0x00000007c0000000

Heap:
 PSYoungGen      total 150016K, used 7741K [0x0000000718b00000, 0x0000000723200000, 0x00000007c0000000)
  eden space 129024K, 6% used [0x0000000718b00000,0x000000071928f5f8,0x0000000720900000)
  from space 20992K, 0% used [0x0000000721d80000,0x0000000721d80000,0x0000000723200000)
  to   space 20992K, 0% used [0x0000000720900000,0x0000000720900000,0x0000000721d80000)
 ParOldGen       total 343040K, used 0K [0x00000005ca000000, 0x00000005def00000, 0x0000000718b00000)
  object space 343040K, 0% used [0x00000005ca000000,0x00000005ca000000,0x00000005def00000)
 Metaspace       used 3179K, capacity 4568K, committed 4864K, reserved 1056768K
  class space    used 341K, capacity 392K, committed 512K, reserved 1048576K

Card table byte_map: [0x00007f9aa0e7e000,0x00007f9aa1e2f000] byte_map_base: 0x00007f9a9e02e000

Marking Bits: (ParMarkBitMap*) 0x00007f9aa503ade0
 Begin Bits: [0x00007f9a60500000, 0x00007f9a68280000)
 End Bits:   [0x00007f9a68280000, 0x00007f9a70000000)

Polling page: 0x00007f9aa5c7f000

CodeCache: size=245760Kb used=1113Kb max_used=1124Kb free=244646Kb
 bounds [0x00007f9a8d000000, 0x00007f9a8d270000, 0x00007f9a9c000000]
 total_blobs=267 nmethods=29 adapters=161
 compilation: enabled

Compilation events (10 events):
Event: 0.138 Thread 0x00007f9a9c40e000    3       4       java.lang.String::hashCode (55 bytes)
Event: 0.138 Thread 0x00007f9a9c417000 nmethod 1 0x00007f9a8d102d90 code [0x00007f9a8d102f60, 0x00007f9a8d1036b8]
Event: 0.138 Thread 0x00007f9a9c417000    2       3       java.lang.String::getChars (62 bytes)
Event: 0.138 Thread 0x00007f9a9c417000 nmethod 2 0x00007f9a8d1039d0 code [0x00007f9a8d103ba0, 0x00007f9a8d104038]
Event: 0.140 Thread 0x00007f9a9c40e000 nmethod 3 0x00007f9a8d10f990 code [0x00007f9a8d10fae0, 0x00007f9a8d10fc78]
Event: 0.140 Thread 0x00007f9a9c40e000    6       4       java.lang.String::charAt (29 bytes)
Event: 0.140 Thread 0x00007f9a9c40e000 nmethod 6 0x00007f9a8d10fd50 code [0x00007f9a8d10fea0, 0x00007f9a8d10ffb8]
Event: 0.140 Thread 0x00007f9a9c40e000   19 %     4       java.lang.String::indexOf @ 37 (70 bytes)
Event: 0.142 Thread 0x00007f9a9c40e000 nmethod 19% 0x00007f9a8d10d890 code [0x00007f9a8d10d9e0, 0x00007f9a8d10dc38]
Event: 0.142 Thread 0x00007f9a9c40e000   20 %     4       sun.nio.cs.UTF_8$Encoder::encode @ 20 (359 bytes)

GC Heap History (0 events):
No events

Deoptimization events (0 events):
No events

Classes redefined (0 events):
No events

Internal exceptions (3 events):
Event: 0.037 Thread 0x00007f9a9c010800 Exception <a 'java/lang/NoSuchMethodError': Method sun.misc.Unsafe.defineClass(Ljava/lang/String;[BII)Ljava/lang/Class; name or signature does not match> (0x0000000718b07cb8) thrown at [/HUDSON/workspace/8-2-build-linux-amd64/jdk8u231/13620/hotspot/src/sh
Event: 0.037 Thread 0x00007f9a9c010800 Exception <a 'java/lang/NoSuchMethodError': Method sun.misc.Unsafe.prefetchRead(Ljava/lang/Object;J)V name or signature does not match> (0x0000000718b07fa0) thrown at [/HUDSON/workspace/8-2-build-linux-amd64/jdk8u231/13620/hotspot/src/share/vm/prims/jni.c
Event: 0.142 Thread 0x00007f9a9c010800 Exception <a 'java/lang/NoClassDefFoundError': Lcom/example/demo/domain/Camera> (0x0000000718d6e5d0) thrown at [/HUDSON/workspace/8-2-build-linux-amd64/jdk8u231/13620/hotspot/src/share/vm/classfile/systemDictionary.cpp, line 199]

Events (10 events):
Event: 0.140 loading class sun/launcher/LauncherHelper$FXHelper
Event: 0.140 loading class sun/launcher/LauncherHelper$FXHelper done
Event: 0.140 loading class java/lang/Class$MethodArray
Event: 0.140 loading class java/lang/Class$MethodArray done
Event: 0.140 loading class java/lang/Void
Event: 0.140 loading class java/lang/Void done
Event: 0.141 loading class com/example/demo/better/Framework
Event: 0.141 loading class com/example/demo/better/Framework done
Event: 0.142 loading class Lcom/example/demo/domain/Camera
Event: 0.142 loading class Lcom/example/demo/domain/Camera done


Dynamic libraries:
00400000-00401000 r-xp 00000000 08:11 10510491                           /home/whl/new_docker_libs/jdk1.8.0_231/bin/java
00600000-00601000 r--p 00000000 08:11 10510491                           /home/whl/new_docker_libs/jdk1.8.0_231/bin/java
00601000-00602000 rw-p 00001000 08:11 10510491                           /home/whl/new_docker_libs/jdk1.8.0_231/bin/java
019c4000-019e5000 rw-p 00000000 00:00 0                                  [heap]
5ca000000-5def00000 rw-p 00000000 00:00 0 
5def00000-718b00000 ---p 00000000 00:00 0 
718b00000-723200000 rw-p 00000000 00:00 0 
723200000-7c0000000 ---p 00000000 00:00 0 
7c0000000-7c0080000 rw-p 00000000 00:00 0 
7c0080000-800000000 ---p 00000000 00:00 0 
7f9a2c000000-7f9a2c021000 rw-p 00000000 00:00 0 
7f9a2c021000-7f9a30000000 ---p 00000000 00:00 0 
7f9a34000000-7f9a34036000 rw-p 00000000 00:00 0 
7f9a34036000-7f9a38000000 ---p 00000000 00:00 0 
7f9a38000000-7f9a38021000 rw-p 00000000 00:00 0 
7f9a38021000-7f9a3c000000 ---p 00000000 00:00 0 
7f9a3c000000-7f9a3c0b1000 rw-p 00000000 00:00 0 
7f9a3c0b1000-7f9a40000000 ---p 00000000 00:00 0 
7f9a40000000-7f9a4003b000 rw-p 00000000 00:00 0 
7f9a4003b000-7f9a44000000 ---p 00000000 00:00 0 
7f9a44000000-7f9a44021000 rw-p 00000000 00:00 0 
7f9a44021000-7f9a48000000 ---p 00000000 00:00 0 
7f9a48000000-7f9a48021000 rw-p 00000000 00:00 0 
7f9a48021000-7f9a4c000000 ---p 00000000 00:00 0 
7f9a4c000000-7f9a4c021000 rw-p 00000000 00:00 0 
7f9a4c021000-7f9a50000000 ---p 00000000 00:00 0 
7f9a50000000-7f9a50021000 rw-p 00000000 00:00 0 
7f9a50021000-7f9a54000000 ---p 00000000 00:00 0 
7f9a54000000-7f9a54021000 rw-p 00000000 00:00 0 
7f9a54021000-7f9a58000000 ---p 00000000 00:00 0 
7f9a58000000-7f9a58021000 rw-p 00000000 00:00 0 
7f9a58021000-7f9a5c000000 ---p 00000000 00:00 0 
7f9a5c000000-7f9a5c021000 rw-p 00000000 00:00 0 
7f9a5c021000-7f9a60000000 ---p 00000000 00:00 0 
7f9a60500000-7f9a70000000 rw-p 00000000 00:00 0 
7f9a70000000-7f9a70021000 rw-p 00000000 00:00 0 
7f9a70021000-7f9a74000000 ---p 00000000 00:00 0 
7f9a74000000-7f9a74021000 rw-p 00000000 00:00 0 
7f9a74021000-7f9a78000000 ---p 00000000 00:00 0 
7f9a78000000-7f9a78021000 rw-p 00000000 00:00 0 
7f9a78021000-7f9a7c000000 ---p 00000000 00:00 0 
7f9a7c441000-7f9a7c6d6000 rw-p 00000000 00:00 0 
7f9a7c6d6000-7f9a7c6ed000 r-xp 00000000 08:01 1573097                    /lib/x86_64-linux-gnu/libgcc_s.so.1
7f9a7c6ed000-7f9a7c8ec000 ---p 00017000 08:01 1573097                    /lib/x86_64-linux-gnu/libgcc_s.so.1
7f9a7c8ec000-7f9a7c8ed000 r--p 00016000 08:01 1573097                    /lib/x86_64-linux-gnu/libgcc_s.so.1
7f9a7c8ed000-7f9a7c8ee000 rw-p 00017000 08:01 1573097                    /lib/x86_64-linux-gnu/libgcc_s.so.1
7f9a7c8ee000-7f9a7ca6a000 r-xp 00000000 08:01 7081727                    /usr/lib/x86_64-linux-gnu/libstdc++.so.6.0.25
7f9a7ca6a000-7f9a7cc6a000 ---p 0017c000 08:01 7081727                    /usr/lib/x86_64-linux-gnu/libstdc++.so.6.0.25
7f9a7cc6a000-7f9a7cc74000 r--p 0017c000 08:01 7081727                    /usr/lib/x86_64-linux-gnu/libstdc++.so.6.0.25
7f9a7cc74000-7f9a7cc76000 rw-p 00186000 08:01 7081727                    /usr/lib/x86_64-linux-gnu/libstdc++.so.6.0.25
7f9a7cc76000-7f9a7cc7a000 rw-p 00000000 00:00 0 
7f9a7cc9c000-7f9a7cc9f000 r-xp 00000000 08:11 3516738                    /home/whl/Documents/java_project/demo/lib/Framework.so
7f9a7cc9f000-7f9a7ce9f000 ---p 00003000 08:11 3516738                    /home/whl/Documents/java_project/demo/lib/Framework.so
7f9a7ce9f000-7f9a7cea0000 r--p 00003000 08:11 3516738                    /home/whl/Documents/java_project/demo/lib/Framework.so
7f9a7cea0000-7f9a7cea1000 rw-p 00004000 08:11 3516738                    /home/whl/Documents/java_project/demo/lib/Framework.so
7f9a7cea1000-7f9a7cea2000 ---p 00000000 00:00 0 
7f9a7cea2000-7f9a7cfa2000 rw-p 00000000 00:00 0 
7f9a7cfa2000-7f9a7cfa5000 ---p 00000000 00:00 0 
7f9a7cfa5000-7f9a7d0a3000 rw-p 00000000 00:00 0 
7f9a7d0a3000-7f9a7d0a6000 ---p 00000000 00:00 0 
7f9a7d0a6000-7f9a7d1a4000 rw-p 00000000 00:00 0 
7f9a7d1a4000-7f9a7d1a7000 ---p 00000000 00:00 0 
7f9a7d1a7000-7f9a7d2a5000 rw-p 00000000 00:00 0 
7f9a7d2a5000-7f9a7d2a8000 ---p 00000000 00:00 0 
7f9a7d2a8000-7f9a7d3a6000 rw-p 00000000 00:00 0 
7f9a7d3a6000-7f9a7d3ad000 r--s 00064000 08:11 13058257                   /home/whl/JetBrains.IntelliJ.IDEA.Ultimate.v2018.1.1.Linux/idea-IU-181.4445.78/lib/rt/debugger-agent.jar
7f9a7d3ad000-7f9a7d3af000 r--s 0001a000 08:11 13058173                   /home/whl/JetBrains.IntelliJ.IDEA.Ultimate.v2018.1.1.Linux/idea-IU-181.4445.78/lib/idea_rt.jar
7f9a7d3af000-7f9a7d3b0000 r--s 00005000 08:11 8480044                    /home/whl/.m2/repository/org/springframework/spring-jcl/5.2.8.RELEASE/spring-jcl-5.2.8.RELEASE.jar
7f9a7d3b0000-7f9a7d3cb000 r--s 00146000 08:11 8480072                    /home/whl/.m2/repository/org/springframework/spring-core/5.2.8.RELEASE/spring-core-5.2.8.RELEASE.jar
7f9a7d3cb000-7f9a7d3e5000 r--s 00230000 08:11 8487111                    /home/whl/.m2/repository/mysql/mysql-connector-java/8.0.21/mysql-connector-java-8.0.21.jar
7f9a7d3e5000-7f9a7d3ee000 r--s 00044000 08:11 8480226                    /home/whl/.m2/repository/org/springframework/spring-tx/5.2.8.RELEASE/spring-tx-5.2.8.RELEASE.jar
7f9a7d3ee000-7f9a7d3f7000 r--s 0005b000 08:11 8480234                    /home/whl/.m2/repository/org/springframework/spring-jdbc/5.2.8.RELEASE/spring-jdbc-5.2.8.RELEASE.jar
7f9a7d3f7000-7f9a7d3f9000 r--s 00009000 08:11 8480014                    /home/whl/.m2/repository/org/slf4j/slf4j-api/1.7.30/slf4j-api-1.7.30.jar
7f9a7d3f9000-7f9a7d3fd000 r--s 00023000 08:11 8480222                    /home/whl/.m2/repository/com/zaxxer/HikariCP/3.4.5/HikariCP-3.4.5.jar
7f9a7d3fd000-7f9a7d3fe000 r--s 00001000 08:11 8480218                    /home/whl/.m2/repository/org/springframework/boot/spring-boot-starter-jdbc/2.3.3.RELEASE/spring-boot-starter-jdbc-2.3.3.RELEASE.jar
7f9a7d3fe000-7f9a7d403000 r--s 00040000 08:11 8479993                    /home/whl/.m2/repository/org/springframework/spring-expression/5.2.8.RELEASE/spring-expression-5.2.8.RELEASE.jar
7f9a7d403000-7f9a7d41e000 r--s 00111000 08:11 8479977                    /home/whl/.m2/repository/org/springframework/spring-context/5.2.8.RELEASE/spring-context-5.2.8.RELEASE.jar
7f9a7d41e000-7f9a7d427000 r--s 00052000 08:11 8479994                    /home/whl/.m2/repository/org/springframework/spring-aop/5.2.8.RELEASE/spring-aop-5.2.8.RELEASE.jar
7f9a7d427000-7f9a7d439000 r--s 000d8000 08:11 8479990                    /home/whl/.m2/repository/org/springframework/spring-webmvc/5.2.8.RELEASE/spring-webmvc-5.2.8.RELEASE.jar
7f9a7d439000-7f9a7d446000 r--s 0009c000 08:11 8479978                    /home/whl/.m2/repository/org/springframework/spring-beans/5.2.8.RELEASE/spring-beans-5.2.8.RELEASE.jar
7f9a7d446000-7f9a7d462000 r--s 00144000 08:11 8479996                    /home/whl/.m2/repository/org/springframework/spring-web/5.2.8.RELEASE/spring-web-5.2.8.RELEASE.jar
7f9a7d462000-7f9a7d468000 r--s 0003c000 08:11 8479985                    /home/whl/.m2/repository/org/apache/tomcat/embed/tomcat-embed-websocket/9.0.37/tomcat-embed-websocket-9.0.37.jar
7f9a7d468000-7f9a7d46d000 r--s 00036000 08:11 8479976                    /home/whl/.m2/repository/org/glassfish/jakarta.el/3.0.3/jakarta.el-3.0.3.jar
7f9a7d46d000-7f9a7d499000 r--s 0030f000 08:11 8479984                    /home/whl/.m2/repository/org/apache/tomcat/embed/tomcat-embed-core/9.0.37/tomcat-embed-core-9.0.37.jar
7f9a7d499000-7f9a7d49a000 r--s 00001000 08:11 8479982                    /home/whl/.m2/repository/org/springframework/boot/spring-boot-starter-tomcat/2.3.3.RELEASE/spring-boot-starter-tomcat-2.3.3.RELEASE.jar
7f9a7d49a000-7f9a7d49c000 r--s 00001000 08:11 8479980                    /home/whl/.m2/repository/com/fasterxml/jackson/module/jackson-module-parameter-names/2.11.2/jackson-module-parameter-names-2.11.2.jar
7f9a7d49c000-7f9a7d4a0000 r--s 00018000 08:11 8479975                    /home/whl/.m2/repository/com/fasterxml/jackson/datatype/jackson-datatype-jsr310/2.11.2/jackson-datatype-jsr310-2.11.2.jar
7f9a7d4a0000-7f9a7d4a2000 r--s 00007000 08:11 8479973                    /home/whl/.m2/repository/com/fasterxml/jackson/datatype/jackson-datatype-jdk8/2.11.2/jackson-datatype-jdk8-2.11.2.jar
7f9a7d4a2000-7f9a7d4a6000 r--s 00052000 08:11 8479971                    /home/whl/.m2/repository/com/fasterxml/jackson/core/jackson-core/2.11.2/jackson-core-2.11.2.jar
7f9a7d4a6000-7f9a7d4a9000 r--s 0000e000 08:11 8479969                    /home/whl/.m2/repository/com/fasterxml/jackson/core/jackson-annotations/2.11.2/jackson-annotations-2.11.2.jar
7f9a7d4a9000-7f9a7d4be000 r--s 00146000 08:11 8479967                    /home/whl/.m2/repository/com/fasterxml/jackson/core/jackson-databind/2.11.2/jackson-databind-2.11.2.jar
7f9a7d4be000-7f9a7d4bf000 r--s 00001000 08:11 8479965                    /home/whl/.m2/repository/org/springframework/boot/spring-boot-starter-json/2.3.3.RELEASE/spring-boot-starter-json-2.3.3.RELEASE.jar
7f9a7d4bf000-7f9a7d4c6000 r--s 00045000 08:11 8479963                    /home/whl/.m2/repository/org/yaml/snakeyaml/1.26/snakeyaml-1.26.jar
7f9a7d4c6000-7f9a7d4cc000 r--s 00042000 08:11 8479957                    /home/whl/.m2/repository/org/apache/logging/log4j/log4j-api/2.13.3/log4j-api-2.13.3.jar
7f9a7d4cc000-7f9a7d4d7000 r--s 00069000 08:11 8479951                    /home/whl/.m2/repository/ch/qos/logback/logback-core/1.2.3/logback-core-1.2.3.jar
7f9a7d4d7000-7f9a7d4dd000 r--s 00041000 08:11 8479949                    /home/whl/.m2/repository/ch/qos/logback/logback-classic/1.2.3/logback-classic-1.2.3.jar
7f9a7d4dd000-7f9a7d507000 r--s 0013f000 08:11 8479953                    /home/whl/.m2/repository/org/springframework/boot/spring-boot-autoconfigure/2.3.3.RELEASE/spring-boot-autoconfigure-2.3.3.RELEASE.jar
7f9a7d507000-7f9a7d51f000 r--s 000fa000 08:11 8479974                    /home/whl/.m2/repository/org/springframework/boot/spring-boot/2.3.3.RELEASE/spring-boot-2.3.3.RELEASE.jar
7f9a7d51f000-7f9a7d532000 r--s 0034b000 08:11 10518661                   /home/whl/new_docker_libs/jdk1.8.0_231/jre/lib/resources.jar
7f9a7d532000-7f9a7d535000 ---p 00000000 00:00 0 
7f9a7d535000-7f9a7d633000 rw-p 00000000 00:00 0 
7f9a7d633000-7f9a7d636000 ---p 00000000 00:00 0 
7f9a7d636000-7f9a7d734000 rw-p 00000000 00:00 0 
7f9a7d734000-7f9a7d737000 ---p 00000000 00:00 0 
7f9a7d737000-7f9a7d835000 rw-p 00000000 00:00 0 
7f9a7d835000-7f9a7d839000 r-xp 00000000 08:11 10526781                   /home/whl/new_docker_libs/jdk1.8.0_231/jre/lib/amd64/libdt_socket.so
7f9a7d839000-7f9a7da38000 ---p 00004000 08:11 10526781                   /home/whl/new_docker_libs/jdk1.8.0_231/jre/lib/amd64/libdt_socket.so
7f9a7da38000-7f9a7da39000 r--p 00003000 08:11 10526781                   /home/whl/new_docker_libs/jdk1.8.0_231/jre/lib/amd64/libdt_socket.so
7f9a7da39000-7f9a7da3a000 rw-p 00004000 08:11 10526781                   /home/whl/new_docker_libs/jdk1.8.0_231/jre/lib/amd64/libdt_socket.so
7f9a7da3a000-7f9a7da3d000 ---p 00000000 00:00 0 
7f9a7da3d000-7f9a7db3b000 rw-p 00000000 00:00 0 
7f9a7db3b000-7f9a7db3e000 ---p 00000000 00:00 0 
7f9a7db3e000-7f9a7dc3c000 rw-p 00000000 00:00 0 
7f9a7dc3c000-7f9a7dc3f000 ---p 00000000 00:00 0 
7f9a7dc3f000-7f9a7dd3d000 rw-p 00000000 00:00 0 
7f9a7dd3d000-7f9a7dd3e000 ---p 00000000 00:00 0 
7f9a7dd3e000-7f9a80000000 rw-p 00000000 00:00 0 
7f9a80000000-7f9a80021000 rw-p 00000000 00:00 0 
7f9a80021000-7f9a84000000 ---p 00000000 00:00 0 
7f9a84000000-7f9a84021000 rw-p 00000000 00:00 0 
7f9a84021000-7f9a88000000 ---p 00000000 00:00 0 
7f9a88000000-7f9a88021000 rw-p 00000000 00:00 0 
7f9a88021000-7f9a8c000000 ---p 00000000 00:00 0 
7f9a8c000000-7f9a8c353000 rw-p 00000000 00:00 0 
7f9a8c353000-7f9a8c52d000 r--s 03d89000 08:11 10518539                   /home/whl/new_docker_libs/jdk1.8.0_231/jre/lib/rt.jar
7f9a8c52d000-7f9a8ca3e000 rw-p 00000000 00:00 0 
7f9a8ca3e000-7f9a8cdfe000 ---p 00000000 00:00 0 
7f9a8cdfe000-7f9a8cdff000 ---p 00000000 00:00 0 
7f9a8cdff000-7f9a8ceff000 rw-p 00000000 00:00 0 
7f9a8ceff000-7f9a8cf00000 ---p 00000000 00:00 0 
7f9a8cf00000-7f9a8d000000 rw-p 00000000 00:00 0 
7f9a8d000000-7f9a8d270000 rwxp 00000000 00:00 0 
7f9a8d270000-7f9a9c000000 ---p 00000000 00:00 0 
7f9a9c000000-7f9a9c463000 rw-p 00000000 00:00 0 
7f9a9c463000-7f9aa0000000 ---p 00000000 00:00 0 
7f9aa0000000-7f9aa0002000 r--s 00005000 08:11 8479961                    /home/whl/.m2/repository/jakarta/annotation/jakarta.annotation-api/1.3.5/jakarta.annotation-api-1.3.5.jar
7f9aa0002000-7f9aa0004000 r--s 00000000 08:11 8479959                    /home/whl/.m2/repository/org/slf4j/jul-to-slf4j/1.7.30/jul-to-slf4j-1.7.30.jar
7f9aa0004000-7f9aa0005000 ---p 00000000 00:00 0 
7f9aa0005000-7f9aa0105000 rw-p 00000000 00:00 0 
7f9aa0105000-7f9aa0106000 ---p 00000000 00:00 0 
7f9aa0106000-7f9aa0206000 rw-p 00000000 00:00 0 
7f9aa0206000-7f9aa0207000 ---p 00000000 00:00 0 
7f9aa0207000-7f9aa0307000 rw-p 00000000 00:00 0 
7f9aa0307000-7f9aa0308000 ---p 00000000 00:00 0 
7f9aa0308000-7f9aa04b0000 rw-p 00000000 00:00 0 
7f9aa04b0000-7f9aa0e7e000 ---p 00000000 00:00 0 
7f9aa0e7e000-7f9aa0f26000 rw-p 00000000 00:00 0 
7f9aa0f26000-7f9aa18f3000 ---p 00000000 00:00 0 
7f9aa18f3000-7f9aa1947000 rw-p 00000000 00:00 0 
7f9aa1947000-7f9aa1e2e000 ---p 00000000 00:00 0 
7f9aa1e2e000-7f9aa1e39000 rw-p 00000000 00:00 0 
7f9aa1e39000-7f9aa21ef000 ---p 00000000 00:00 0 
7f9aa21ef000-7f9aa220a000 r-xp 00000000 08:11 10526793                   /home/whl/new_docker_libs/jdk1.8.0_231/jre/lib/amd64/libzip.so
7f9aa220a000-7f9aa2409000 ---p 0001b000 08:11 10526793                   /home/whl/new_docker_libs/jdk1.8.0_231/jre/lib/amd64/libzip.so
7f9aa2409000-7f9aa240a000 r--p 0001a000 08:11 10526793                   /home/whl/new_docker_libs/jdk1.8.0_231/jre/lib/amd64/libzip.so
7f9aa240a000-7f9aa240b000 rw-p 0001b000 08:11 10526793                   /home/whl/new_docker_libs/jdk1.8.0_231/jre/lib/amd64/libzip.so
7f9aa240b000-7f9aa2416000 r-xp 00000000 08:01 1609134                    /lib/x86_64-linux-gnu/libnss_files-2.23.so
7f9aa2416000-7f9aa2615000 ---p 0000b000 08:01 1609134                    /lib/x86_64-linux-gnu/libnss_files-2.23.so
7f9aa2615000-7f9aa2616000 r--p 0000a000 08:01 1609134                    /lib/x86_64-linux-gnu/libnss_files-2.23.so
7f9aa2616000-7f9aa2617000 rw-p 0000b000 08:01 1609134                    /lib/x86_64-linux-gnu/libnss_files-2.23.so
7f9aa2617000-7f9aa261d000 rw-p 00000000 00:00 0 
7f9aa261d000-7f9aa2628000 r-xp 00000000 08:01 1609138                    /lib/x86_64-linux-gnu/libnss_nis-2.23.so
7f9aa2628000-7f9aa2827000 ---p 0000b000 08:01 1609138                    /lib/x86_64-linux-gnu/libnss_nis-2.23.so
7f9aa2827000-7f9aa2828000 r--p 0000a000 08:01 1609138                    /lib/x86_64-linux-gnu/libnss_nis-2.23.so
7f9aa2828000-7f9aa2829000 rw-p 0000b000 08:01 1609138                    /lib/x86_64-linux-gnu/libnss_nis-2.23.so
7f9aa2829000-7f9aa283f000 r-xp 00000000 08:01 1609124                    /lib/x86_64-linux-gnu/libnsl-2.23.so
7f9aa283f000-7f9aa2a3e000 ---p 00016000 08:01 1609124                    /lib/x86_64-linux-gnu/libnsl-2.23.so
7f9aa2a3e000-7f9aa2a3f000 r--p 00015000 08:01 1609124                    /lib/x86_64-linux-gnu/libnsl-2.23.so
7f9aa2a3f000-7f9aa2a40000 rw-p 00016000 08:01 1609124                    /lib/x86_64-linux-gnu/libnsl-2.23.so
7f9aa2a40000-7f9aa2a42000 rw-p 00000000 00:00 0 
7f9aa2a42000-7f9aa2a4a000 r-xp 00000000 08:01 1609136                    /lib/x86_64-linux-gnu/libnss_compat-2.23.so
7f9aa2a4a000-7f9aa2c49000 ---p 00008000 08:01 1609136                    /lib/x86_64-linux-gnu/libnss_compat-2.23.so
7f9aa2c49000-7f9aa2c4a000 r--p 00007000 08:01 1609136                    /lib/x86_64-linux-gnu/libnss_compat-2.23.so
7f9aa2c4a000-7f9aa2c4b000 rw-p 00008000 08:01 1609136                    /lib/x86_64-linux-gnu/libnss_compat-2.23.so
7f9aa2c4b000-7f9aa2c55000 r-xp 00000000 08:11 10526795                   /home/whl/new_docker_libs/jdk1.8.0_231/jre/lib/amd64/libinstrument.so
7f9aa2c55000-7f9aa2e54000 ---p 0000a000 08:11 10526795                   /home/whl/new_docker_libs/jdk1.8.0_231/jre/lib/amd64/libinstrument.so
7f9aa2e54000-7f9aa2e55000 r--p 00009000 08:11 10526795                   /home/whl/new_docker_libs/jdk1.8.0_231/jre/lib/amd64/libinstrument.so
7f9aa2e55000-7f9aa2e56000 rw-p 0000a000 08:11 10526795                   /home/whl/new_docker_libs/jdk1.8.0_231/jre/lib/amd64/libinstrument.so
7f9aa2e56000-7f9aa32e0000 r--p 00000000 08:01 7078947                    /usr/lib/locale/locale-archive
7f9aa32e0000-7f9aa32e2000 r-xp 00000000 08:11 10526806                   /home/whl/new_docker_libs/jdk1.8.0_231/jre/lib/amd64/libnpt.so
7f9aa32e2000-7f9aa34e2000 ---p 00002000 08:11 10526806                   /home/whl/new_docker_libs/jdk1.8.0_231/jre/lib/amd64/libnpt.so
7f9aa34e2000-7f9aa34e3000 r--p 00002000 08:11 10526806                   /home/whl/new_docker_libs/jdk1.8.0_231/jre/lib/amd64/libnpt.so
7f9aa34e3000-7f9aa34e4000 rw-p 00003000 08:11 10526806                   /home/whl/new_docker_libs/jdk1.8.0_231/jre/lib/amd64/libnpt.so
7f9aa34e4000-7f9aa351e000 r-xp 00000000 08:11 10526779                   /home/whl/new_docker_libs/jdk1.8.0_231/jre/lib/amd64/libjdwp.so
7f9aa351e000-7f9aa371d000 ---p 0003a000 08:11 10526779                   /home/whl/new_docker_libs/jdk1.8.0_231/jre/lib/amd64/libjdwp.so
7f9aa371d000-7f9aa371e000 r--p 00039000 08:11 10526779                   /home/whl/new_docker_libs/jdk1.8.0_231/jre/lib/amd64/libjdwp.so
7f9aa371e000-7f9aa371f000 rw-p 0003a000 08:11 10526779                   /home/whl/new_docker_libs/jdk1.8.0_231/jre/lib/amd64/libjdwp.so
7f9aa371f000-7f9aa374b000 r-xp 00000000 08:11 10526784                   /home/whl/new_docker_libs/jdk1.8.0_231/jre/lib/amd64/libjava.so
7f9aa374b000-7f9aa394b000 ---p 0002c000 08:11 10526784                   /home/whl/new_docker_libs/jdk1.8.0_231/jre/lib/amd64/libjava.so
7f9aa394b000-7f9aa394c000 r--p 0002c000 08:11 10526784                   /home/whl/new_docker_libs/jdk1.8.0_231/jre/lib/amd64/libjava.so
7f9aa394c000-7f9aa394e000 rw-p 0002d000 08:11 10526784                   /home/whl/new_docker_libs/jdk1.8.0_231/jre/lib/amd64/libjava.so
7f9aa394e000-7f9aa395b000 r-xp 00000000 08:11 10526775                   /home/whl/new_docker_libs/jdk1.8.0_231/jre/lib/amd64/libverify.so
7f9aa395b000-7f9aa3b5a000 ---p 0000d000 08:11 10526775                   /home/whl/new_docker_libs/jdk1.8.0_231/jre/lib/amd64/libverify.so
7f9aa3b5a000-7f9aa3b5c000 r--p 0000c000 08:11 10526775                   /home/whl/new_docker_libs/jdk1.8.0_231/jre/lib/amd64/libverify.so
7f9aa3b5c000-7f9aa3b5d000 rw-p 0000e000 08:11 10526775                   /home/whl/new_docker_libs/jdk1.8.0_231/jre/lib/amd64/libverify.so
7f9aa3b5d000-7f9aa3b64000 r-xp 00000000 08:01 1609141                    /lib/x86_64-linux-gnu/librt-2.23.so
7f9aa3b64000-7f9aa3d63000 ---p 00007000 08:01 1609141                    /lib/x86_64-linux-gnu/librt-2.23.so
7f9aa3d63000-7f9aa3d64000 r--p 00006000 08:01 1609141                    /lib/x86_64-linux-gnu/librt-2.23.so
7f9aa3d64000-7f9aa3d65000 rw-p 00007000 08:01 1609141                    /lib/x86_64-linux-gnu/librt-2.23.so
7f9aa3d65000-7f9aa3e6d000 r-xp 00000000 08:01 1609125                    /lib/x86_64-linux-gnu/libm-2.23.so
7f9aa3e6d000-7f9aa406c000 ---p 00108000 08:01 1609125                    /lib/x86_64-linux-gnu/libm-2.23.so
7f9aa406c000-7f9aa406d000 r--p 00107000 08:01 1609125                    /lib/x86_64-linux-gnu/libm-2.23.so
7f9aa406d000-7f9aa406e000 rw-p 00108000 08:01 1609125                    /lib/x86_64-linux-gnu/libm-2.23.so
7f9aa406e000-7f9aa4d57000 r-xp 00000000 08:11 10526791                   /home/whl/new_docker_libs/jdk1.8.0_231/jre/lib/amd64/server/libjvm.so
7f9aa4d57000-7f9aa4f56000 ---p 00ce9000 08:11 10526791                   /home/whl/new_docker_libs/jdk1.8.0_231/jre/lib/amd64/server/libjvm.so
7f9aa4f56000-7f9aa4fec000 r--p 00ce8000 08:11 10526791                   /home/whl/new_docker_libs/jdk1.8.0_231/jre/lib/amd64/server/libjvm.so
7f9aa4fec000-7f9aa501d000 rw-p 00d7e000 08:11 10526791                   /home/whl/new_docker_libs/jdk1.8.0_231/jre/lib/amd64/server/libjvm.so
7f9aa501d000-7f9aa5058000 rw-p 00000000 00:00 0 
7f9aa5058000-7f9aa5218000 r-xp 00000000 08:01 1609110                    /lib/x86_64-linux-gnu/libc-2.23.so
7f9aa5218000-7f9aa5418000 ---p 001c0000 08:01 1609110                    /lib/x86_64-linux-gnu/libc-2.23.so
7f9aa5418000-7f9aa541c000 r--p 001c0000 08:01 1609110                    /lib/x86_64-linux-gnu/libc-2.23.so
7f9aa541c000-7f9aa541e000 rw-p 001c4000 08:01 1609110                    /lib/x86_64-linux-gnu/libc-2.23.so
7f9aa541e000-7f9aa5422000 rw-p 00000000 00:00 0 
7f9aa5422000-7f9aa5425000 r-xp 00000000 08:01 1584625                    /lib/x86_64-linux-gnu/libdl-2.23.so
7f9aa5425000-7f9aa5624000 ---p 00003000 08:01 1584625                    /lib/x86_64-linux-gnu/libdl-2.23.so
7f9aa5624000-7f9aa5625000 r--p 00002000 08:01 1584625                    /lib/x86_64-linux-gnu/libdl-2.23.so
7f9aa5625000-7f9aa5626000 rw-p 00003000 08:01 1584625                    /lib/x86_64-linux-gnu/libdl-2.23.so
7f9aa5626000-7f9aa563d000 r-xp 00000000 08:11 10494103                   /home/whl/new_docker_libs/jdk1.8.0_231/lib/amd64/jli/libjli.so
7f9aa563d000-7f9aa583c000 ---p 00017000 08:11 10494103                   /home/whl/new_docker_libs/jdk1.8.0_231/lib/amd64/jli/libjli.so
7f9aa583c000-7f9aa583d000 r--p 00016000 08:11 10494103                   /home/whl/new_docker_libs/jdk1.8.0_231/lib/amd64/jli/libjli.so
7f9aa583d000-7f9aa583e000 rw-p 00017000 08:11 10494103                   /home/whl/new_docker_libs/jdk1.8.0_231/lib/amd64/jli/libjli.so
7f9aa583e000-7f9aa5856000 r-xp 00000000 08:01 1609112                    /lib/x86_64-linux-gnu/libpthread-2.23.so
7f9aa5856000-7f9aa5a55000 ---p 00018000 08:01 1609112                    /lib/x86_64-linux-gnu/libpthread-2.23.so
7f9aa5a55000-7f9aa5a56000 r--p 00017000 08:01 1609112                    /lib/x86_64-linux-gnu/libpthread-2.23.so
7f9aa5a56000-7f9aa5a57000 rw-p 00018000 08:01 1609112                    /lib/x86_64-linux-gnu/libpthread-2.23.so
7f9aa5a57000-7f9aa5a5b000 rw-p 00000000 00:00 0 
7f9aa5a5b000-7f9aa5a81000 r-xp 00000000 08:01 1609132                    /lib/x86_64-linux-gnu/ld-2.23.so
7f9aa5a81000-7f9aa5a83000 r--s 00003000 08:11 8479955                    /home/whl/.m2/repository/org/apache/logging/log4j/log4j-to-slf4j/2.13.3/log4j-to-slf4j-2.13.3.jar
7f9aa5a83000-7f9aa5a84000 r--s 00001000 08:11 8479948                    /home/whl/.m2/repository/org/springframework/boot/spring-boot-starter-logging/2.3.3.RELEASE/spring-boot-starter-logging-2.3.3.RELEASE.jar
7f9aa5a84000-7f9aa5a85000 r--s 00001000 08:11 8479946                    /home/whl/.m2/repository/org/springframework/boot/spring-boot-starter/2.3.3.RELEASE/spring-boot-starter-2.3.3.RELEASE.jar
7f9aa5a85000-7f9aa5a86000 r--s 00001000 08:11 8479945                    /home/whl/.m2/repository/org/springframework/boot/spring-boot-starter-web/2.3.3.RELEASE/spring-boot-starter-web-2.3.3.RELEASE.jar
7f9aa5a86000-7f9aa5a99000 r--s 000d6000 08:11 10518533                   /home/whl/new_docker_libs/jdk1.8.0_231/jre/lib/plugin.jar
7f9aa5a99000-7f9aa5a9a000 r--s 00000000 08:11 10518739                   /home/whl/new_docker_libs/jdk1.8.0_231/jre/lib/management-agent.jar
7f9aa5a9a000-7f9aa5a9e000 r--s 000a4000 08:11 10518728                   /home/whl/new_docker_libs/jdk1.8.0_231/jre/lib/jsse.jar
7f9aa5a9e000-7f9aa5aa0000 r--s 00007000 08:11 10518733                   /home/whl/new_docker_libs/jdk1.8.0_231/jre/lib/jfxswt.jar
7f9aa5aa0000-7f9aa5abb000 r--s 0020c000 08:11 10518534                   /home/whl/new_docker_libs/jdk1.8.0_231/jre/lib/deploy.jar
7f9aa5abb000-7f9aa5b58000 rw-p 00000000 00:00 0 
7f9aa5b58000-7f9aa5b5b000 ---p 00000000 00:00 0 
7f9aa5b5b000-7f9aa5c5e000 rw-p 00000000 00:00 0 
7f9aa5c5e000-7f9aa5c63000 r--s 00087000 08:11 10518723                   /home/whl/new_docker_libs/jdk1.8.0_231/jre/lib/jfr.jar
7f9aa5c63000-7f9aa5c66000 r--s 0001a000 08:11 10518629                   /home/whl/new_docker_libs/jdk1.8.0_231/jre/lib/jce.jar
7f9aa5c66000-7f9aa5c70000 r--s 0006e000 08:11 10518665                   /home/whl/new_docker_libs/jdk1.8.0_231/jre/lib/javaws.jar
7f9aa5c70000-7f9aa5c75000 r--s 002f9000 08:11 10518538                   /home/whl/new_docker_libs/jdk1.8.0_231/jre/lib/charsets.jar
7f9aa5c75000-7f9aa5c76000 r--s 00002000 08:11 13058256                   /home/whl/JetBrains.IntelliJ.IDEA.Ultimate.v2018.1.1.Linux/idea-IU-181.4445.78/lib/rt/debugger-agent-storage.jar
7f9aa5c76000-7f9aa5c7e000 rw-s 00000000 08:01 6947060                    /tmp/hsperfdata_whl/26702
7f9aa5c7e000-7f9aa5c7f000 rw-p 00000000 00:00 0 
7f9aa5c7f000-7f9aa5c80000 r--p 00000000 00:00 0 
7f9aa5c80000-7f9aa5c81000 r--p 00025000 08:01 1609132                    /lib/x86_64-linux-gnu/ld-2.23.so
7f9aa5c81000-7f9aa5c82000 rw-p 00026000 08:01 1609132                    /lib/x86_64-linux-gnu/ld-2.23.so
7f9aa5c82000-7f9aa5c83000 rw-p 00000000 00:00 0 
7ffcee2d2000-7ffcee2f4000 rw-p 00000000 00:00 0                          [stack]
7ffcee2f4000-7ffcee2f7000 r--p 00000000 00:00 0                          [vvar]
7ffcee2f7000-7ffcee2f9000 r-xp 00000000 00:00 0                          [vdso]
ffffffffff600000-ffffffffff601000 r-xp 00000000 00:00 0                  [vsyscall]

VM Arguments:
jvm_args: -agentlib:jdwp=transport=dt_socket,address=127.0.0.1:1149,suspend=y,server=n -javaagent:/home/whl/JetBrains.IntelliJ.IDEA.Ultimate.v2018.1.1.Linux/idea-IU-181.4445.78/lib/rt/debugger-agent.jar=file:/tmp/capture.props -Dfile.encoding=UTF-8 
java_command: com.example.demo.main.FrameworkVerify
java_class_path (initial): /home/whl/new_docker_libs/jdk1.8.0_231/jre/lib/charsets.jar:/home/whl/new_docker_libs/jdk1.8.0_231/jre/lib/deploy.jar:/home/whl/new_docker_libs/jdk1.8.0_231/jre/lib/ext/cldrdata.jar:/home/whl/new_docker_libs/jdk1.8.0_231/jre/lib/ext/dnsns.jar:/home/whl/new_docker_libs/jdk1.8.0_231/jre/lib/ext/jaccess.jar:/home/whl/new_docker_libs/jdk1.8.0_231/jre/lib/ext/jfxrt.jar:/home/whl/new_docker_libs/jdk1.8.0_231/jre/lib/ext/localedata.jar:/home/whl/new_docker_libs/jdk1.8.0_231/jre/lib/ext/nashorn.jar:/home/whl/new_docker_libs/jdk1.8.0_231/jre/lib/ext/sunec.jar:/home/whl/new_docker_libs/jdk1.8.0_231/jre/lib/ext/sunjce_provider.jar:/home/whl/new_docker_libs/jdk1.8.0_231/jre/lib/ext/sunpkcs11.jar:/home/whl/new_docker_libs/jdk1.8.0_231/jre/lib/ext/zipfs.jar:/home/whl/new_docker_libs/jdk1.8.0_231/jre/lib/javaws.jar:/home/whl/new_docker_libs/jdk1.8.0_231/jre/lib/jce.jar:/home/whl/new_docker_libs/jdk1.8.0_231/jre/lib/jfr.jar:/home/whl/new_docker_libs/jdk1.8.0_231/jre/lib/jfxswt.jar:/home/whl/new_docker_libs/jdk1.8.0_231/jre/lib/jsse.jar:/home/whl/new_docker_libs/jdk1.8.0_231/jre/lib/management-agent.jar:/home/whl/new_docker_libs/jdk1.8.0_231/jre/lib/plugin.jar:/home/whl/new_docker_libs/jdk1.8.0_231/jre/lib/resources.jar:/home/whl/new_docker_libs/jdk1.8.0_231/jre/lib/rt.jar:/home/whl/Documents/java_project/demo/target/classes:/home/whl/.m2/repository/org/springframework/boot/spring-boot-starter-web/2.3.3.RELEASE/spring-boot-starter-web-2.3.3.RELEASE.jar:/home/whl/.m2/repository/org/springframework/boot/spring-boot-starter/2.3.3.RELEASE/spring-boot-starter-2.3.3.RELEASE.jar:/home/whl/.m2/repository/org/springframework/boot/spring-boot/2.3.3.RELEASE/spring-boot-2.3.3.RELEASE.jar:/home/whl/.m2/repository/org/springframework/boot/spring-boot-autoconfigure/2.3.3.RELEASE/spring-boot-autoconfigure-2.3.3.RELEASE.jar:/home/whl/.m2/repository/org/springframework/boot/spring-boot-starter-logging/2.3.3.RELEASE/spring-boot-starter-logging-2.3.3.RELEASE.jar:/home/whl/.
Launcher Type: SUN_STANDARD

Environment Variables:
JAVA_HOME=/usr/lib/jvm/java-1.8.0-openjdk-amd64
JRE_HOME=/usr/lib/jvm/java-1.8.0-openjdk-amd64/jre
CLASSPATH=.:/usr/lib/jvm/java-1.8.0-openjdk-amd64/lib:/lib
PATH=/usr/local/mongodb/bin:/usr/local/sbin:/usr/local/bin:/usr/sbin:/usr/bin:/sbin:/bin:/usr/games:/usr/local/games:/snap/bin:/usr/lib/jvm/java-1.8.0-openjdk-amd64/bin
SHELL=/bin/bash
DISPLAY=:0

Signal Handlers:
SIGSEGV: [libjvm.so+0xad4d90], sa_mask[0]=11111111011111111101111111111110, sa_flags=SA_RESTART|SA_SIGINFO
SIGBUS: [libjvm.so+0xad4d90], sa_mask[0]=11111111011111111101111111111110, sa_flags=SA_RESTART|SA_SIGINFO
SIGFPE: [libjvm.so+0x90bc10], sa_mask[0]=11111111011111111101111111111110, sa_flags=SA_RESTART|SA_SIGINFO
SIGPIPE: [libjvm.so+0x90bc10], sa_mask[0]=11111111011111111101111111111110, sa_flags=SA_RESTART|SA_SIGINFO
SIGXFSZ: [libjvm.so+0x90bc10], sa_mask[0]=11111111011111111101111111111110, sa_flags=SA_RESTART|SA_SIGINFO
SIGILL: [libjvm.so+0x90bc10], sa_mask[0]=11111111011111111101111111111110, sa_flags=SA_RESTART|SA_SIGINFO
SIGUSR1: SIG_DFL, sa_mask[0]=00000000000000000000000000000000, sa_flags=none
SIGUSR2: [libjvm.so+0x90bae0], sa_mask[0]=00100000000000000000000000000000, sa_flags=SA_RESTART|SA_SIGINFO
SIGHUP: [libjvm.so+0x90c100], sa_mask[0]=11111111011111111101111111111110, sa_flags=SA_RESTART|SA_SIGINFO
SIGINT: [libjvm.so+0x90c100], sa_mask[0]=11111111011111111101111111111110, sa_flags=SA_RESTART|SA_SIGINFO
SIGTERM: [libjvm.so+0x90c100], sa_mask[0]=11111111011111111101111111111110, sa_flags=SA_RESTART|SA_SIGINFO
SIGQUIT: [libjvm.so+0x90c100], sa_mask[0]=11111111011111111101111111111110, sa_flags=SA_RESTART|SA_SIGINFO


---------------  S Y S T E M  ---------------

OS:DISTRIB_ID=Ubuntu
DISTRIB_RELEASE=16.04
DISTRIB_CODENAME=xenial
DISTRIB_DESCRIPTION="Ubuntu 16.04.5 LTS"

uname:Linux 4.15.0-112-generic #113~16.04.1-Ubuntu SMP Fri Jul 10 04:37:08 UTC 2020 x86_64
libc:glibc 2.23 NPTL 2.23 
rlimit: STACK 8192k, CORE 0k, NPROC 1000000, NOFILE 1000000, AS infinity
load average:4.54 4.65 4.49

/proc/meminfo:
MemTotal:       32891256 kB
MemFree:         3291356 kB
MemAvailable:   19176456 kB
Buffers:         1097072 kB
Cached:         14742920 kB
SwapCached:           12 kB
Active:         20748900 kB
Inactive:        7661144 kB
Active(anon):   12455908 kB
Inactive(anon):   277444 kB
Active(file):    8292992 kB
Inactive(file):  7383700 kB
Unevictable:          96 kB
Mlocked:              96 kB
SwapTotal:        998396 kB
SwapFree:         997116 kB
Dirty:              9124 kB
Writeback:             0 kB
AnonPages:      12570016 kB
Mapped:          1294900 kB
Shmem:            248196 kB
Slab:             842112 kB
SReclaimable:     667068 kB
SUnreclaim:       175044 kB
KernelStack:       35424 kB
PageTables:       115392 kB
NFS_Unstable:          0 kB
Bounce:                0 kB
WritebackTmp:          0 kB
CommitLimit:    17444024 kB
Committed_AS:   26413748 kB
VmallocTotal:   34359738367 kB
VmallocUsed:           0 kB
VmallocChunk:          0 kB
HardwareCorrupted:     0 kB
AnonHugePages:         0 kB
ShmemHugePages:        0 kB
ShmemPmdMapped:        0 kB
CmaTotal:              0 kB
CmaFree:               0 kB
HugePages_Total:       0
HugePages_Free:        0
HugePages_Rsvd:        0
HugePages_Surp:        0
Hugepagesize:       2048 kB
DirectMap4k:     2115488 kB
DirectMap2M:    30341120 kB
DirectMap1G:     1048576 kB

container (cgroup) information:
container_type: cgroupv1
cpu_cpuset_cpus: 0-5
cpu_memory_nodes: 0
active_processor_count: 6
cpu_quota: -1
cpu_period: 100000
cpu_shares: -1
memory_limit_in_bytes: -1
memory_and_swap_limit_in_bytes: -2
memory_soft_limit_in_bytes: -1
memory_usage_in_bytes: 15638200320
memory_max_usage_in_bytes: 16250978304


CPU:total 6 (initial active 6) (6 cores per cpu, 1 threads per core) family 6 model 158 stepping 10, cmov, cx8, fxsr, mmx, sse, sse2, sse3, ssse3, sse4.1, sse4.2, popcnt, avx, avx2, aes, clmul, erms, rtm, 3dnowpref, lzcnt, tsc, tscinvbit, bmi1, bmi2, adx

/proc/cpuinfo:
processor	: 0
vendor_id	: GenuineIntel
cpu family	: 6
model		: 158
model name	: Intel(R) Core(TM) i5-8600K CPU @ 3.60GHz
stepping	: 10
microcode	: 0xd6
cpu MHz		: 4099.998
cache size	: 9216 KB
physical id	: 0
siblings	: 6
core id		: 0
cpu cores	: 6
apicid		: 0
initial apicid	: 0
fpu		: yes
fpu_exception	: yes
cpuid level	: 22
wp		: yes
flags		: fpu vme de pse tsc msr pae mce cx8 apic sep mtrr pge mca cmov pat pse36 clflush dts acpi mmx fxsr sse sse2 ss ht tm pbe syscall nx pdpe1gb rdtscp lm constant_tsc art arch_perfmon pebs bts rep_good nopl xtopology nonstop_tsc cpuid aperfmperf pni pclmulqdq dtes64 monitor ds_cpl vmx smx est tm2 ssse3 sdbg fma cx16 xtpr pdcm pcid sse4_1 sse4_2 x2apic movbe popcnt tsc_deadline_timer aes xsave avx f16c rdrand lahf_lm abm 3dnowprefetch cpuid_fault invpcid_single pti ssbd ibrs ibpb stibp tpr_shadow vnmi flexpriority ept vpid fsgsbase tsc_adjust bmi1 hle avx2 smep bmi2 erms invpcid rtm mpx rdseed adx smap clflushopt intel_pt xsaveopt xsavec xgetbv1 xsaves dtherm ida arat pln pts hwp hwp_notify hwp_act_window hwp_epp md_clear flush_l1d
bugs		: cpu_meltdown spectre_v1 spectre_v2 spec_store_bypass l1tf mds swapgs taa itlb_multihit srbds
bogomips	: 7200.00
clflush size	: 64
cache_alignment	: 64
address sizes	: 39 bits physical, 48 bits virtual
power management:

processor	: 1
vendor_id	: GenuineIntel
cpu family	: 6
model		: 158
model name	: Intel(R) Core(TM) i5-8600K CPU @ 3.60GHz
stepping	: 10
microcode	: 0xd6
cpu MHz		: 4100.001
cache size	: 9216 KB
physical id	: 0
siblings	: 6
core id		: 1
cpu cores	: 6
apicid		: 2
initial apicid	: 2
fpu		: yes
fpu_exception	: yes
cpuid level	: 22
wp		: yes
flags		: fpu vme de pse tsc msr pae mce cx8 apic sep mtrr pge mca cmov pat pse36 clflush dts acpi mmx fxsr sse sse2 ss ht tm pbe syscall nx pdpe1gb rdtscp lm constant_tsc art arch_perfmon pebs bts rep_good nopl xtopology nonstop_tsc cpuid aperfmperf pni pclmulqdq dtes64 monitor ds_cpl vmx smx est tm2 ssse3 sdbg fma cx16 xtpr pdcm pcid sse4_1 sse4_2 x2apic movbe popcnt tsc_deadline_timer aes xsave avx f16c rdrand lahf_lm abm 3dnowprefetch cpuid_fault invpcid_single pti ssbd ibrs ibpb stibp tpr_shadow vnmi flexpriority ept vpid fsgsbase tsc_adjust bmi1 hle avx2 smep bmi2 erms invpcid rtm mpx rdseed adx smap clflushopt intel_pt xsaveopt xsavec xgetbv1 xsaves dtherm ida arat pln pts hwp hwp_notify hwp_act_window hwp_epp md_clear flush_l1d
bugs		: cpu_meltdown spectre_v1 spectre_v2 spec_store_bypass l1tf mds swapgs taa itlb_multihit srbds
bogomips	: 7200.00
clflush size	: 64
cache_alignment	: 64
address sizes	: 39 bits physical, 48 bits virtual
power management:

processor	: 2
vendor_id	: GenuineIntel
cpu family	: 6
model		: 158
model name	: Intel(R) Core(TM) i5-8600K CPU @ 3.60GHz
stepping	: 10
microcode	: 0xd6
cpu MHz		: 4099.991
cache size	: 9216 KB
physical id	: 0
siblings	: 6
core id		: 2
cpu cores	: 6
apicid		: 4
initial apicid	: 4
fpu		: yes
fpu_exception	: yes
cpuid level	: 22
wp		: yes
flags		: fpu vme de pse tsc msr pae mce cx8 apic sep mtrr pge mca cmov pat pse36 clflush dts acpi mmx fxsr sse sse2 ss ht tm pbe syscall nx pdpe1gb rdtscp lm constant_tsc art arch_perfmon pebs bts rep_good nopl xtopology nonstop_tsc cpuid aperfmperf pni pclmulqdq dtes64 monitor ds_cpl vmx smx est tm2 ssse3 sdbg fma cx16 xtpr pdcm pcid sse4_1 sse4_2 x2apic movbe popcnt tsc_deadline_timer aes xsave avx f16c rdrand lahf_lm abm 3dnowprefetch cpuid_fault invpcid_single pti ssbd ibrs ibpb stibp tpr_shadow vnmi flexpriority ept vpid fsgsbase tsc_adjust bmi1 hle avx2 smep bmi2 erms invpcid rtm mpx rdseed adx smap clflushopt intel_pt xsaveopt xsavec xgetbv1 xsaves dtherm ida arat pln pts hwp hwp_notify hwp_act_window hwp_epp md_clear flush_l1d
bugs		: cpu_meltdown spectre_v1 spectre_v2 spec_store_bypass l1tf mds swapgs taa itlb_multihit srbds
bogomips	: 7200.00
clflush size	: 64
cache_alignment	: 64
address sizes	: 39 bits physical, 48 bits virtual
power management:

processor	: 3
vendor_id	: GenuineIntel
cpu family	: 6
model		: 158
model name	: Intel(R) Core(TM) i5-8600K CPU @ 3.60GHz
stepping	: 10
microcode	: 0xd6
cpu MHz		: 4100.000
cache size	: 9216 KB
physical id	: 0
siblings	: 6
core id		: 3
cpu cores	: 6
apicid		: 6
initial apicid	: 6
fpu		: yes
fpu_exception	: yes
cpuid level	: 22
wp		: yes
flags		: fpu vme de pse tsc msr pae mce cx8 apic sep mtrr pge mca cmov pat pse36 clflush dts acpi mmx fxsr sse sse2 ss ht tm pbe syscall nx pdpe1gb rdtscp lm constant_tsc art arch_perfmon pebs bts rep_good nopl xtopology nonstop_tsc cpuid aperfmperf pni pclmulqdq dtes64 monitor ds_cpl vmx smx est tm2 ssse3 sdbg fma cx16 xtpr pdcm pcid sse4_1 sse4_2 x2apic movbe popcnt tsc_deadline_timer aes xsave avx f16c rdrand lahf_lm abm 3dnowprefetch cpuid_fault invpcid_single pti ssbd ibrs ibpb stibp tpr_shadow vnmi flexpriority ept vpid fsgsbase tsc_adjust bmi1 hle avx2 smep bmi2 erms invpcid rtm mpx rdseed adx smap clflushopt intel_pt xsaveopt xsavec xgetbv1 xsaves dtherm ida arat pln pts hwp hwp_notify hwp_act_window hwp_epp md_clear flush_l1d
bugs		: cpu_meltdown spectre_v1 spectre_v2 spec_store_bypass l1tf mds swapgs taa itlb_multihit srbds
bogomips	: 7200.00
clflush size	: 64
cache_alignment	: 64
address sizes	: 39 bits physical, 48 bits virtual
power management:

processor	: 4
vendor_id	: GenuineIntel
cpu family	: 6
model		: 158
model name	: Intel(R) Core(TM) i5-8600K CPU @ 3.60GHz
stepping	: 10
microcode	: 0xd6
cpu MHz		: 4100.007
cache size	: 9216 KB
physical id	: 0
siblings	: 6
core id		: 4
cpu cores	: 6
apicid		: 8
initial apicid	: 8
fpu		: yes
fpu_exception	: yes
cpuid level	: 22
wp		: yes
flags		: fpu vme de pse tsc msr pae mce cx8 apic sep mtrr pge mca cmov pat pse36 clflush dts acpi mmx fxsr sse sse2 ss ht tm pbe syscall nx pdpe1gb rdtscp lm constant_tsc art arch_perfmon pebs bts rep_good nopl xtopology nonstop_tsc cpuid aperfmperf pni pclmulqdq dtes64 monitor ds_cpl vmx smx est tm2 ssse3 sdbg fma cx16 xtpr pdcm pcid sse4_1 sse4_2 x2apic movbe popcnt tsc_deadline_timer aes xsave avx f16c rdrand lahf_lm abm 3dnowprefetch cpuid_fault invpcid_single pti ssbd ibrs ibpb stibp tpr_shadow vnmi flexpriority ept vpid fsgsbase tsc_adjust bmi1 hle avx2 smep bmi2 erms invpcid rtm mpx rdseed adx smap clflushopt intel_pt xsaveopt xsavec xgetbv1 xsaves dtherm ida arat pln pts hwp hwp_notify hwp_act_window hwp_epp md_clear flush_l1d
bugs		: cpu_meltdown spectre_v1 spectre_v2 spec_store_bypass l1tf mds swapgs taa itlb_multihit srbds
bogomips	: 7200.00
clflush size	: 64
cache_alignment	: 64
address sizes	: 39 bits physical, 48 bits virtual
power management:

processor	: 5
vendor_id	: GenuineIntel
cpu family	: 6
model		: 158
model name	: Intel(R) Core(TM) i5-8600K CPU @ 3.60GHz
stepping	: 10
microcode	: 0xd6
cpu MHz		: 4100.000
cache size	: 9216 KB
physical id	: 0
siblings	: 6
core id		: 5
cpu cores	: 6
apicid		: 10
initial apicid	: 10
fpu		: yes
fpu_exception	: yes
cpuid level	: 22
wp		: yes
flags		: fpu vme de pse tsc msr pae mce cx8 apic sep mtrr pge mca cmov pat pse36 clflush dts acpi mmx fxsr sse sse2 ss ht tm pbe syscall nx pdpe1gb rdtscp lm constant_tsc art arch_perfmon pebs bts rep_good nopl xtopology nonstop_tsc cpuid aperfmperf pni pclmulqdq dtes64 monitor ds_cpl vmx smx est tm2 ssse3 sdbg fma cx16 xtpr pdcm pcid sse4_1 sse4_2 x2apic movbe popcnt tsc_deadline_timer aes xsave avx f16c rdrand lahf_lm abm 3dnowprefetch cpuid_fault invpcid_single pti ssbd ibrs ibpb stibp tpr_shadow vnmi flexpriority ept vpid fsgsbase tsc_adjust bmi1 hle avx2 smep bmi2 erms invpcid rtm mpx rdseed adx smap clflushopt intel_pt xsaveopt xsavec xgetbv1 xsaves dtherm ida arat pln pts hwp hwp_notify hwp_act_window hwp_epp md_clear flush_l1d
bugs		: cpu_meltdown spectre_v1 spectre_v2 spec_store_bypass l1tf mds swapgs taa itlb_multihit srbds
bogomips	: 7200.00
clflush size	: 64
cache_alignment	: 64
address sizes	: 39 bits physical, 48 bits virtual
power management:



Memory: 4k page, physical 32891256k(3285532k free), swap 998396k(997116k free)

vm_info: Java HotSpot(TM) 64-Bit Server VM (25.231-b11) for linux-amd64 JRE (1.8.0_231-b11), built on Oct  5 2019 03:00:41 by "java_re" with gcc 7.3.0

time: Thu Aug 27 16:18:33 2020
timezone: CST
elapsed time: 0 seconds (0d 0h 0m 0s)

