#
# A fatal error has been detected by the Java Runtime Environment:
#
#  SIGSEGV (0xb) at pc=0x00007f2ecfc69767, pid=26040, tid=0x00007f2ed118c700
#
# JRE version: Java(TM) SE Runtime Environment (8.0_231-b11) (build 1.8.0_231-b11)
# Java VM: Java HotSpot(TM) 64-Bit Server VM (25.231-b11 mixed mode linux-amd64 compressed oops)
# Problematic frame:
# V  [libjvm.so+0x6c7767]  get_method_id(JNIEnv_*, _jclass*, char const*, char const*, bool, Thread*) [clone .constprop.107]+0x77
#
# Failed to write core dump. Core dumps have been disabled. To enable core dumping, try "ulimit -c unlimited" before starting Java again
#
# If you would like to submit a bug report, please visit:
#   http://bugreport.java.com/bugreport/crash.jsp
#

---------------  T H R E A D  ---------------

Current thread (0x00007f2ec8010800):  JavaThread "main" [_thread_in_vm, id=26042, stack(0x00007f2ed108c000,0x00007f2ed118d000)]

siginfo: si_signo: 11 (SIGSEGV), si_code: 1 (SEGV_MAPERR), si_addr: 0x0000000000000000

Registers:
RAX=0x0000000000000000, RBX=0x00007f2ecc056800, RCX=0x00007f2eb01d2bfb, RDX=0x0000000000000028
RSP=0x00007f2ed118b810, RBP=0x00007f2ed118b870, RSI=0x00007f2eb01d2bf8, RDI=0x00007f2ecc0583c0
R8 =0x0000000000000003, R9 =0x00000000000000e5, R10=0x00007f2ec8421ab0, R11=0xfffffffffffffffe
R12=0x00007f2ed118b830, R13=0x00007f2eb01d2bfc, R14=0x00007f2ecc0583c0, R15=0x00007f2ec8010800
RIP=0x00007f2ecfc69767, EFLAGS=0x0000000000010206, CSGSFS=0x002b000000000033, ERR=0x0000000000000004
  TRAPNO=0x000000000000000e

Top of Stack: (sp=0x00007f2ed118b810)
0x00007f2ed118b810:   0000000000000000 0000000000000000
0x00007f2ed118b820:   00007f2ec8010800 00007f2ed118b880
0x00007f2ed118b830:   0000000000009b75 00007f2eb01d2bfc
0x00007f2ed118b840:   00007f2ed118b870 00007f2ec8010800
0x00007f2ed118b850:   0000000000000000 00007f2eb01d2bfc
0x00007f2ed118b860:   00007f2eb01d2bf8 00007f2ec8010800
0x00007f2ed118b870:   00007f2ed118b8c0 00007f2ecfc69ae4
0x00007f2ed118b880:   00007f2ec8010800 00007f2ec800e050
0x00007f2ed118b890:   00007f2e000000c7 00007f2ed01131a8
0x00007f2ed118b8a0:   00007f2eb2c5ea40 0000000000000000
0x00007f2ed118b8b0:   00007f2eb2c5ea40 00007f2ed118b9e0
0x00007f2ed118b8c0:   00007f2ed118b8f0 00007f2eb01d2566
0x00007f2ed118b8d0:   00007f2eb01d2bf8 00007f2eb01d2bfc
0x00007f2ed118b8e0:   0000000000000000 00007f2ec80109f8
0x00007f2ed118b8f0:   00007f2ed118b960 00007f2eb01d220b
0x00007f2ed118b900:   00007f2ed118b9e0 00007f2ec80109f8
0x00007f2ed118b910:   00007f2eb2c5ea40 00007f2ec8010800
0x00007f2ed118b920:   0000000000000000 00007f2ec8010800
0x00007f2ed118b930:   00007f2eb2c5ea40 0000000000000000
0x00007f2ed118b940:   00007f2eb2c5ea40 00007f2ed118b9e0
0x00007f2ed118b950:   00007f2ed118b9c0 00007f2eb9020806
0x00007f2ed118b960:   00007f2ed118b9c0 00007f2eb9020aa8
0x00007f2ed118b970:   0000000600000001 00007f2eb90204e2
0x00007f2ed118b980:   00007f2ed118b980 00007f2eb2c5ea40
0x00007f2ed118b990:   00007f2ed118b9e0 00007f2eb2c5eb58
0x00007f2ed118b9a0:   0000000000000000 00007f2eb2c5ea40
0x00007f2ed118b9b0:   0000000000000000 00007f2ed118b9e0
0x00007f2ed118b9c0:   00007f2ed118ba30 00007f2eb90080e0
0x00007f2ed118b9d0:   0000000000000000 00007f2eb9016d3b
0x00007f2ed118b9e0:   0000000718d69538 0000000718b21c58
0x00007f2ed118b9f0:   00007f2ed118b9f0 00007f2eb2c5e578
0x00007f2ed118ba00:   00007f2ed118ba48 00007f2eb2c5e610 

Instructions: (pc=0x00007f2ecfc69767)
0x00007f2ecfc69747:   89 c6 e8 62 ed 36 00 48 85 db 49 89 c6 0f 84 86
0x00007f2ecfc69757:   01 00 00 48 85 c0 0f 84 7d 01 00 00 48 8b 45 a8
0x00007f2ecfc69767:   48 8b 38 e8 b1 4e fc ff 84 c0 0f 85 c9 01 00 00
0x00007f2ecfc69777:   48 8b 45 a8 48 8b 38 e8 5d 4b fc ff 49 89 c0 48 

Register to memory mapping:

RAX=0x0000000000000000 is an unknown value
RBX=0x00007f2ecc056800 is an unknown value
RCX=0x00007f2eb01d2bfb: <offset 0x2bfb> in /home/whl/Documents/java_project/demo/lib/Framework.so at 0x00007f2eb01d0000
RDX=0x0000000000000028 is an unknown value
RSP=0x00007f2ed118b810 is pointing into the stack for thread: 0x00007f2ec8010800
RBP=0x00007f2ed118b870 is pointing into the stack for thread: 0x00007f2ec8010800
RSI=0x00007f2eb01d2bf8: <offset 0x2bf8> in /home/whl/Documents/java_project/demo/lib/Framework.so at 0x00007f2eb01d0000
RDI=0x00007f2ecc0583c0 is an unknown value
R8 =0x0000000000000003 is an unknown value
R9 =0x00000000000000e5 is an unknown value
R10=0x00007f2ec8421ab0 is an unknown value
R11=0xfffffffffffffffe is an unknown value
R12=0x00007f2ed118b830 is pointing into the stack for thread: 0x00007f2ec8010800
R13=0x00007f2eb01d2bfc: <offset 0x2bfc> in /home/whl/Documents/java_project/demo/lib/Framework.so at 0x00007f2eb01d0000
R14=0x00007f2ecc0583c0 is an unknown value
R15=0x00007f2ec8010800 is a thread


Stack: [0x00007f2ed108c000,0x00007f2ed118d000],  sp=0x00007f2ed118b810,  free space=1022k
Native frames: (J=compiled Java code, j=interpreted, Vv=VM code, C=native code)
V  [libjvm.so+0x6c7767]  get_method_id(JNIEnv_*, _jclass*, char const*, char const*, bool, Thread*) [clone .constprop.107]+0x77
V  [libjvm.so+0x6c7ae4]  jni_GetMethodID+0x74
C  [Framework.so+0x2566]  JNIEnv_::GetMethodID(_jclass*, char const*, char const*)+0x38
C  [Framework.so+0x220b]  Java_com_example_demo_better_Framework_create+0x45
j  com.example.demo.better.Framework.create()Lcom/example/demo/domain/Camera;+0
j  com.example.demo.main.FrameworkVerify.main([Ljava/lang/String;)V+24
v  ~StubRoutines::call_stub
V  [libjvm.so+0x68868b]  JavaCalls::call_helper(JavaValue*, methodHandle*, JavaCallArguments*, Thread*)+0xddb
V  [libjvm.so+0x6d3641]  jni_invoke_static(JNIEnv_*, JavaValue*, _jobject*, JNICallType, _jmethodID*, JNI_ArgumentPusher*, Thread*) [clone .isra.96] [clone .constprop.117]+0x1e1
V  [libjvm.so+0x6d590b]  jni_CallStaticVoidMethod+0x15b
C  [libjli.so+0x889c]  JavaMain+0xa3c
C  [libpthread.so.0+0x76ba]  start_thread+0xca

Java frames: (J=compiled Java code, j=interpreted, Vv=VM code)
j  com.example.demo.better.Framework.create()Lcom/example/demo/domain/Camera;+0
j  com.example.demo.main.FrameworkVerify.main([Ljava/lang/String;)V+24
v  ~StubRoutines::call_stub

---------------  P R O C E S S  ---------------

Java Threads: ( => current thread )
  0x00007f2ec841b800 JavaThread "Service Thread" daemon [_thread_blocked, id=26104, stack(0x00007f2eb04d6000,0x00007f2eb05d7000)]
  0x00007f2ec8417000 JavaThread "C1 CompilerThread2" daemon [_thread_blocked, id=26103, stack(0x00007f2eb05d7000,0x00007f2eb06d8000)]
  0x00007f2ec8410800 JavaThread "C2 CompilerThread1" daemon [_thread_blocked, id=26102, stack(0x00007f2eb06d8000,0x00007f2eb07d9000)]
  0x00007f2ec840e000 JavaThread "C2 CompilerThread0" daemon [_thread_blocked, id=26101, stack(0x00007f2eb07d9000,0x00007f2eb08da000)]
  0x00007f2e70001000 JavaThread "JDWP Command Reader" daemon [_thread_in_native, id=26100, stack(0x00007f2eb0a2f000,0x00007f2eb0b30000)]
  0x00007f2ec81d9000 JavaThread "JDWP Event Helper Thread" daemon [_thread_blocked, id=26098, stack(0x00007f2eb0b30000,0x00007f2eb0c31000)]
  0x00007f2ec81d5800 JavaThread "JDWP Transport Listener: dt_socket" daemon [_thread_blocked, id=26095, stack(0x00007f2eb0c31000,0x00007f2eb0d32000)]
  0x00007f2ec81c8000 JavaThread "Signal Dispatcher" daemon [_thread_blocked, id=26092, stack(0x00007f2eb0f37000,0x00007f2eb1038000)]
  0x00007f2ec8198000 JavaThread "Finalizer" daemon [_thread_blocked, id=26082, stack(0x00007f2eb1038000,0x00007f2eb1139000)]
  0x00007f2ec8193800 JavaThread "Reference Handler" daemon [_thread_blocked, id=26081, stack(0x00007f2eb1139000,0x00007f2eb123a000)]
=>0x00007f2ec8010800 JavaThread "main" [_thread_in_vm, id=26042, stack(0x00007f2ed108c000,0x00007f2ed118d000)]

Other Threads:
  0x00007f2ec818a000 VMThread [stack: 0x00007f2eb123a000,0x00007f2eb133b000] [id=26072]
  0x00007f2ec841e000 WatcherThread [stack: 0x00007f2eb03d5000,0x00007f2eb04d6000] [id=26105]

VM state:not at safepoint (normal execution)

VM Mutex/Monitor currently owned by a thread: None

heap address: 0x00000005ca000000, size: 8032 MB, Compressed Oops mode: Zero based, Oop shift amount: 3
Narrow klass base: 0x0000000000000000, Narrow klass shift: 3
Compressed class space size: 1073741824 Address: 0x00000007c0000000

Heap:
 PSYoungGen      total 150016K, used 7741K [0x0000000718b00000, 0x0000000723200000, 0x00000007c0000000)
  eden space 129024K, 6% used [0x0000000718b00000,0x000000071928f5f8,0x0000000720900000)
  from space 20992K, 0% used [0x0000000721d80000,0x0000000721d80000,0x0000000723200000)
  to   space 20992K, 0% used [0x0000000720900000,0x0000000720900000,0x0000000721d80000)
 ParOldGen       total 343040K, used 0K [0x00000005ca000000, 0x00000005def00000, 0x0000000718b00000)
  object space 343040K, 0% used [0x00000005ca000000,0x00000005ca000000,0x00000005def00000)
 Metaspace       used 3196K, capacity 4568K, committed 4864K, reserved 1056768K
  class space    used 341K, capacity 392K, committed 512K, reserved 1048576K

Card table byte_map: [0x00007f2ecc3b2000,0x00007f2ecd363000] byte_map_base: 0x00007f2ec9562000

Marking Bits: (ParMarkBitMap*) 0x00007f2ed056ede0
 Begin Bits: [0x00007f2e8c500000, 0x00007f2e94280000)
 End Bits:   [0x00007f2e94280000, 0x00007f2e9c000000)

Polling page: 0x00007f2ed11b3000

CodeCache: size=245760Kb used=1140Kb max_used=1140Kb free=244619Kb
 bounds [0x00007f2eb9000000, 0x00007f2eb9270000, 0x00007f2ec8000000]
 total_blobs=270 nmethods=32 adapters=161
 compilation: enabled

Compilation events (10 events):
Event: 0.208 Thread 0x00007f2ec8417000 nmethod 12 0x00007f2eb910f190 code [0x00007f2eb910f300, 0x00007f2eb910f650]
Event: 0.208 Thread 0x00007f2ec8417000    7       2       java.lang.Object::<init> (1 bytes)
Event: 0.208 Thread 0x00007f2ec8417000 nmethod 7 0x00007f2eb910ee50 code [0x00007f2eb910efa0, 0x00007f2eb910f0f0]
Event: 0.208 Thread 0x00007f2ec8417000   10       3       java.util.concurrent.ConcurrentHashMap::tabAt (21 bytes)
Event: 0.208 Thread 0x00007f2ec8417000 nmethod 10 0x00007f2eb910ea10 code [0x00007f2eb910eb80, 0x00007f2eb910edb0]
Event: 0.208 Thread 0x00007f2ec8417000   23  s!   3       sun.misc.URLClassPath::getLoader (243 bytes)
Event: 0.209 Thread 0x00007f2ec840e000 nmethod 19% 0x00007f2eb910e190 code [0x00007f2eb910e2e0, 0x00007f2eb910e538]
Event: 0.210 Thread 0x00007f2ec840e000   29       4       java.lang.String::indexOf (70 bytes)
Event: 0.210 Thread 0x00007f2ec8417000 nmethod 23 0x00007f2eb9112a50 code [0x00007f2eb9112ea0, 0x00007f2eb9115bd8]
Event: 0.210 Thread 0x00007f2ec8417000   13       3       java.lang.String::startsWith (7 bytes)

GC Heap History (0 events):
No events

Deoptimization events (0 events):
No events

Classes redefined (0 events):
No events

Internal exceptions (3 events):
Event: 0.067 Thread 0x00007f2ec8010800 Exception <a 'java/lang/NoSuchMethodError': Method sun.misc.Unsafe.defineClass(Ljava/lang/String;[BII)Ljava/lang/Class; name or signature does not match> (0x0000000718b07cb8) thrown at [/HUDSON/workspace/8-2-build-linux-amd64/jdk8u231/13620/hotspot/src/sh
Event: 0.067 Thread 0x00007f2ec8010800 Exception <a 'java/lang/NoSuchMethodError': Method sun.misc.Unsafe.prefetchRead(Ljava/lang/Object;J)V name or signature does not match> (0x0000000718b07fa0) thrown at [/HUDSON/workspace/8-2-build-linux-amd64/jdk8u231/13620/hotspot/src/share/vm/prims/jni.c
Event: 0.210 Thread 0x00007f2ec8010800 Exception <a 'java/lang/NoClassDefFoundError': Lcom/example/demo/domain/Camera> (0x0000000718d6e5d0) thrown at [/HUDSON/workspace/8-2-build-linux-amd64/jdk8u231/13620/hotspot/src/share/vm/classfile/systemDictionary.cpp, line 199]

Events (10 events):
Event: 0.207 loading class sun/launcher/LauncherHelper$FXHelper
Event: 0.208 loading class sun/launcher/LauncherHelper$FXHelper done
Event: 0.208 loading class java/lang/Class$MethodArray
Event: 0.208 loading class java/lang/Class$MethodArray done
Event: 0.208 loading class java/lang/Void
Event: 0.208 loading class java/lang/Void done
Event: 0.208 loading class com/example/demo/better/Framework
Event: 0.208 loading class com/example/demo/better/Framework done
Event: 0.209 loading class Lcom/example/demo/domain/Camera
Event: 0.209 loading class Lcom/example/demo/domain/Camera done


Dynamic libraries:
00400000-00401000 r-xp 00000000 08:11 10510491                           /home/whl/new_docker_libs/jdk1.8.0_231/bin/java
00600000-00601000 r--p 00000000 08:11 10510491                           /home/whl/new_docker_libs/jdk1.8.0_231/bin/java
00601000-00602000 rw-p 00001000 08:11 10510491                           /home/whl/new_docker_libs/jdk1.8.0_231/bin/java
0235c000-0237d000 rw-p 00000000 00:00 0                                  [heap]
5ca000000-5def00000 rw-p 00000000 00:00 0 
5def00000-718b00000 ---p 00000000 00:00 0 
718b00000-723200000 rw-p 00000000 00:00 0 
723200000-7c0000000 ---p 00000000 00:00 0 
7c0000000-7c0080000 rw-p 00000000 00:00 0 
7c0080000-800000000 ---p 00000000 00:00 0 
7f2e58000000-7f2e58021000 rw-p 00000000 00:00 0 
7f2e58021000-7f2e5c000000 ---p 00000000 00:00 0 
7f2e5c000000-7f2e5c021000 rw-p 00000000 00:00 0 
7f2e5c021000-7f2e60000000 ---p 00000000 00:00 0 
7f2e60000000-7f2e6006a000 rw-p 00000000 00:00 0 
7f2e6006a000-7f2e64000000 ---p 00000000 00:00 0 
7f2e64000000-7f2e64057000 rw-p 00000000 00:00 0 
7f2e64057000-7f2e68000000 ---p 00000000 00:00 0 
7f2e68000000-7f2e68021000 rw-p 00000000 00:00 0 
7f2e68021000-7f2e6c000000 ---p 00000000 00:00 0 
7f2e6c000000-7f2e6c0d9000 rw-p 00000000 00:00 0 
7f2e6c0d9000-7f2e70000000 ---p 00000000 00:00 0 
7f2e70000000-7f2e70021000 rw-p 00000000 00:00 0 
7f2e70021000-7f2e74000000 ---p 00000000 00:00 0 
7f2e74000000-7f2e74021000 rw-p 00000000 00:00 0 
7f2e74021000-7f2e78000000 ---p 00000000 00:00 0 
7f2e78000000-7f2e78021000 rw-p 00000000 00:00 0 
7f2e78021000-7f2e7c000000 ---p 00000000 00:00 0 
7f2e7c000000-7f2e7c021000 rw-p 00000000 00:00 0 
7f2e7c021000-7f2e80000000 ---p 00000000 00:00 0 
7f2e80000000-7f2e80021000 rw-p 00000000 00:00 0 
7f2e80021000-7f2e84000000 ---p 00000000 00:00 0 
7f2e84000000-7f2e84021000 rw-p 00000000 00:00 0 
7f2e84021000-7f2e88000000 ---p 00000000 00:00 0 
7f2e88000000-7f2e88021000 rw-p 00000000 00:00 0 
7f2e88021000-7f2e8c000000 ---p 00000000 00:00 0 
7f2e8c500000-7f2e9c000000 rw-p 00000000 00:00 0 
7f2e9c000000-7f2e9c021000 rw-p 00000000 00:00 0 
7f2e9c021000-7f2ea0000000 ---p 00000000 00:00 0 
7f2ea0000000-7f2ea0021000 rw-p 00000000 00:00 0 
7f2ea0021000-7f2ea4000000 ---p 00000000 00:00 0 
7f2ea4000000-7f2ea4021000 rw-p 00000000 00:00 0 
7f2ea4021000-7f2ea8000000 ---p 00000000 00:00 0 
7f2eab8bf000-7f2eaba5c000 rw-p 00000000 00:00 0 
7f2eaba5c000-7f2eaba73000 r-xp 00000000 08:01 1573097                    /lib/x86_64-linux-gnu/libgcc_s.so.1
7f2eaba73000-7f2eabc72000 ---p 00017000 08:01 1573097                    /lib/x86_64-linux-gnu/libgcc_s.so.1
7f2eabc72000-7f2eabc73000 r--p 00016000 08:01 1573097                    /lib/x86_64-linux-gnu/libgcc_s.so.1
7f2eabc73000-7f2eabc74000 rw-p 00017000 08:01 1573097                    /lib/x86_64-linux-gnu/libgcc_s.so.1
7f2eabc74000-7f2eabdf0000 r-xp 00000000 08:01 7081727                    /usr/lib/x86_64-linux-gnu/libstdc++.so.6.0.25
7f2eabdf0000-7f2eabff0000 ---p 0017c000 08:01 7081727                    /usr/lib/x86_64-linux-gnu/libstdc++.so.6.0.25
7f2eabff0000-7f2eabffa000 r--p 0017c000 08:01 7081727                    /usr/lib/x86_64-linux-gnu/libstdc++.so.6.0.25
7f2eabffa000-7f2eabffc000 rw-p 00186000 08:01 7081727                    /usr/lib/x86_64-linux-gnu/libstdc++.so.6.0.25
7f2eabffc000-7f2eac000000 rw-p 00000000 00:00 0 
7f2eac000000-7f2eac021000 rw-p 00000000 00:00 0 
7f2eac021000-7f2eb0000000 ---p 00000000 00:00 0 
7f2eb00d8000-7f2eb01d0000 rw-p 00000000 00:00 0 
7f2eb01d0000-7f2eb01d4000 r-xp 00000000 08:11 3516736                    /home/whl/Documents/java_project/demo/lib/Framework.so
7f2eb01d4000-7f2eb03d3000 ---p 00004000 08:11 3516736                    /home/whl/Documents/java_project/demo/lib/Framework.so
7f2eb03d3000-7f2eb03d4000 r--p 00003000 08:11 3516736                    /home/whl/Documents/java_project/demo/lib/Framework.so
7f2eb03d4000-7f2eb03d5000 rw-p 00004000 08:11 3516736                    /home/whl/Documents/java_project/demo/lib/Framework.so
7f2eb03d5000-7f2eb03d6000 ---p 00000000 00:00 0 
7f2eb03d6000-7f2eb04d6000 rw-p 00000000 00:00 0 
7f2eb04d6000-7f2eb04d9000 ---p 00000000 00:00 0 
7f2eb04d9000-7f2eb05d7000 rw-p 00000000 00:00 0 
7f2eb05d7000-7f2eb05da000 ---p 00000000 00:00 0 
7f2eb05da000-7f2eb06d8000 rw-p 00000000 00:00 0 
7f2eb06d8000-7f2eb06db000 ---p 00000000 00:00 0 
7f2eb06db000-7f2eb07d9000 rw-p 00000000 00:00 0 
7f2eb07d9000-7f2eb07dc000 ---p 00000000 00:00 0 
7f2eb07dc000-7f2eb08da000 rw-p 00000000 00:00 0 
7f2eb08da000-7f2eb08e1000 r--s 00064000 08:11 13058257                   /home/whl/JetBrains.IntelliJ.IDEA.Ultimate.v2018.1.1.Linux/idea-IU-181.4445.78/lib/rt/debugger-agent.jar
7f2eb08e1000-7f2eb08e3000 r--s 0001a000 08:11 13058173                   /home/whl/JetBrains.IntelliJ.IDEA.Ultimate.v2018.1.1.Linux/idea-IU-181.4445.78/lib/idea_rt.jar
7f2eb08e3000-7f2eb08e4000 r--s 00005000 08:11 8480044                    /home/whl/.m2/repository/org/springframework/spring-jcl/5.2.8.RELEASE/spring-jcl-5.2.8.RELEASE.jar
7f2eb08e4000-7f2eb08ff000 r--s 00146000 08:11 8480072                    /home/whl/.m2/repository/org/springframework/spring-core/5.2.8.RELEASE/spring-core-5.2.8.RELEASE.jar
7f2eb08ff000-7f2eb0919000 r--s 00230000 08:11 8487111                    /home/whl/.m2/repository/mysql/mysql-connector-java/8.0.21/mysql-connector-java-8.0.21.jar
7f2eb0919000-7f2eb0922000 r--s 00044000 08:11 8480226                    /home/whl/.m2/repository/org/springframework/spring-tx/5.2.8.RELEASE/spring-tx-5.2.8.RELEASE.jar
7f2eb0922000-7f2eb092b000 r--s 0005b000 08:11 8480234                    /home/whl/.m2/repository/org/springframework/spring-jdbc/5.2.8.RELEASE/spring-jdbc-5.2.8.RELEASE.jar
7f2eb092b000-7f2eb092d000 r--s 00009000 08:11 8480014                    /home/whl/.m2/repository/org/slf4j/slf4j-api/1.7.30/slf4j-api-1.7.30.jar
7f2eb092d000-7f2eb0931000 r--s 00023000 08:11 8480222                    /home/whl/.m2/repository/com/zaxxer/HikariCP/3.4.5/HikariCP-3.4.5.jar
7f2eb0931000-7f2eb0932000 r--s 00001000 08:11 8480218                    /home/whl/.m2/repository/org/springframework/boot/spring-boot-starter-jdbc/2.3.3.RELEASE/spring-boot-starter-jdbc-2.3.3.RELEASE.jar
7f2eb0932000-7f2eb0937000 r--s 00040000 08:11 8479993                    /home/whl/.m2/repository/org/springframework/spring-expression/5.2.8.RELEASE/spring-expression-5.2.8.RELEASE.jar
7f2eb0937000-7f2eb0952000 r--s 00111000 08:11 8479977                    /home/whl/.m2/repository/org/springframework/spring-context/5.2.8.RELEASE/spring-context-5.2.8.RELEASE.jar
7f2eb0952000-7f2eb095b000 r--s 00052000 08:11 8479994                    /home/whl/.m2/repository/org/springframework/spring-aop/5.2.8.RELEASE/spring-aop-5.2.8.RELEASE.jar
7f2eb095b000-7f2eb096d000 r--s 000d8000 08:11 8479990                    /home/whl/.m2/repository/org/springframework/spring-webmvc/5.2.8.RELEASE/spring-webmvc-5.2.8.RELEASE.jar
7f2eb096d000-7f2eb097a000 r--s 0009c000 08:11 8479978                    /home/whl/.m2/repository/org/springframework/spring-beans/5.2.8.RELEASE/spring-beans-5.2.8.RELEASE.jar
7f2eb097a000-7f2eb0996000 r--s 00144000 08:11 8479996                    /home/whl/.m2/repository/org/springframework/spring-web/5.2.8.RELEASE/spring-web-5.2.8.RELEASE.jar
7f2eb0996000-7f2eb099c000 r--s 0003c000 08:11 8479985                    /home/whl/.m2/repository/org/apache/tomcat/embed/tomcat-embed-websocket/9.0.37/tomcat-embed-websocket-9.0.37.jar
7f2eb099c000-7f2eb09a1000 r--s 00036000 08:11 8479976                    /home/whl/.m2/repository/org/glassfish/jakarta.el/3.0.3/jakarta.el-3.0.3.jar
7f2eb09a1000-7f2eb09cd000 r--s 0030f000 08:11 8479984                    /home/whl/.m2/repository/org/apache/tomcat/embed/tomcat-embed-core/9.0.37/tomcat-embed-core-9.0.37.jar
7f2eb09cd000-7f2eb09ce000 r--s 00001000 08:11 8479982                    /home/whl/.m2/repository/org/springframework/boot/spring-boot-starter-tomcat/2.3.3.RELEASE/spring-boot-starter-tomcat-2.3.3.RELEASE.jar
7f2eb09ce000-7f2eb09d0000 r--s 00001000 08:11 8479980                    /home/whl/.m2/repository/com/fasterxml/jackson/module/jackson-module-parameter-names/2.11.2/jackson-module-parameter-names-2.11.2.jar
7f2eb09d0000-7f2eb09d4000 r--s 00018000 08:11 8479975                    /home/whl/.m2/repository/com/fasterxml/jackson/datatype/jackson-datatype-jsr310/2.11.2/jackson-datatype-jsr310-2.11.2.jar
7f2eb09d4000-7f2eb09d6000 r--s 00007000 08:11 8479973                    /home/whl/.m2/repository/com/fasterxml/jackson/datatype/jackson-datatype-jdk8/2.11.2/jackson-datatype-jdk8-2.11.2.jar
7f2eb09d6000-7f2eb09da000 r--s 00052000 08:11 8479971                    /home/whl/.m2/repository/com/fasterxml/jackson/core/jackson-core/2.11.2/jackson-core-2.11.2.jar
7f2eb09da000-7f2eb09dd000 r--s 0000e000 08:11 8479969                    /home/whl/.m2/repository/com/fasterxml/jackson/core/jackson-annotations/2.11.2/jackson-annotations-2.11.2.jar
7f2eb09dd000-7f2eb09f2000 r--s 00146000 08:11 8479967                    /home/whl/.m2/repository/com/fasterxml/jackson/core/jackson-databind/2.11.2/jackson-databind-2.11.2.jar
7f2eb09f2000-7f2eb09f3000 r--s 00001000 08:11 8479965                    /home/whl/.m2/repository/org/springframework/boot/spring-boot-starter-json/2.3.3.RELEASE/spring-boot-starter-json-2.3.3.RELEASE.jar
7f2eb09f3000-7f2eb09fa000 r--s 00045000 08:11 8479963                    /home/whl/.m2/repository/org/yaml/snakeyaml/1.26/snakeyaml-1.26.jar
7f2eb09fa000-7f2eb0a05000 r--s 00069000 08:11 8479951                    /home/whl/.m2/repository/ch/qos/logback/logback-core/1.2.3/logback-core-1.2.3.jar
7f2eb0a05000-7f2eb0a2f000 r--s 0013f000 08:11 8479953                    /home/whl/.m2/repository/org/springframework/boot/spring-boot-autoconfigure/2.3.3.RELEASE/spring-boot-autoconfigure-2.3.3.RELEASE.jar
7f2eb0a2f000-7f2eb0a32000 ---p 00000000 00:00 0 
7f2eb0a32000-7f2eb0b30000 rw-p 00000000 00:00 0 
7f2eb0b30000-7f2eb0b33000 ---p 00000000 00:00 0 
7f2eb0b33000-7f2eb0c31000 rw-p 00000000 00:00 0 
7f2eb0c31000-7f2eb0c34000 ---p 00000000 00:00 0 
7f2eb0c34000-7f2eb0d32000 rw-p 00000000 00:00 0 
7f2eb0d32000-7f2eb0d36000 r-xp 00000000 08:11 10526781                   /home/whl/new_docker_libs/jdk1.8.0_231/jre/lib/amd64/libdt_socket.so
7f2eb0d36000-7f2eb0f35000 ---p 00004000 08:11 10526781                   /home/whl/new_docker_libs/jdk1.8.0_231/jre/lib/amd64/libdt_socket.so
7f2eb0f35000-7f2eb0f36000 r--p 00003000 08:11 10526781                   /home/whl/new_docker_libs/jdk1.8.0_231/jre/lib/amd64/libdt_socket.so
7f2eb0f36000-7f2eb0f37000 rw-p 00004000 08:11 10526781                   /home/whl/new_docker_libs/jdk1.8.0_231/jre/lib/amd64/libdt_socket.so
7f2eb0f37000-7f2eb0f3a000 ---p 00000000 00:00 0 
7f2eb0f3a000-7f2eb1038000 rw-p 00000000 00:00 0 
7f2eb1038000-7f2eb103b000 ---p 00000000 00:00 0 
7f2eb103b000-7f2eb1139000 rw-p 00000000 00:00 0 
7f2eb1139000-7f2eb113c000 ---p 00000000 00:00 0 
7f2eb113c000-7f2eb123a000 rw-p 00000000 00:00 0 
7f2eb123a000-7f2eb123b000 ---p 00000000 00:00 0 
7f2eb123b000-7f2eb2c90000 rw-p 00000000 00:00 0 
7f2eb2c90000-7f2eb3050000 ---p 00000000 00:00 0 
7f2eb3050000-7f2eb4000000 rw-p 00000000 00:00 0 
7f2eb4000000-7f2eb4021000 rw-p 00000000 00:00 0 
7f2eb4021000-7f2eb8000000 ---p 00000000 00:00 0 
7f2eb8000000-7f2eb8006000 r--s 00042000 08:11 8479957                    /home/whl/.m2/repository/org/apache/logging/log4j/log4j-api/2.13.3/log4j-api-2.13.3.jar
7f2eb8006000-7f2eb800c000 r--s 00041000 08:11 8479949                    /home/whl/.m2/repository/ch/qos/logback/logback-classic/1.2.3/logback-classic-1.2.3.jar
7f2eb800c000-7f2eb8024000 r--s 000fa000 08:11 8479974                    /home/whl/.m2/repository/org/springframework/boot/spring-boot/2.3.3.RELEASE/spring-boot-2.3.3.RELEASE.jar
7f2eb8024000-7f2eb8037000 r--s 0034b000 08:11 10518661                   /home/whl/new_docker_libs/jdk1.8.0_231/jre/lib/resources.jar
7f2eb8037000-7f2eb8211000 r--s 03d89000 08:11 10518539                   /home/whl/new_docker_libs/jdk1.8.0_231/jre/lib/rt.jar
7f2eb8211000-7f2eb8287000 rw-p 00000000 00:00 0 
7f2eb8287000-7f2eb8288000 ---p 00000000 00:00 0 
7f2eb8288000-7f2eb8388000 rw-p 00000000 00:00 0 
7f2eb8388000-7f2eb8389000 ---p 00000000 00:00 0 
7f2eb8389000-7f2eb8489000 rw-p 00000000 00:00 0 
7f2eb8489000-7f2eb848a000 ---p 00000000 00:00 0 
7f2eb848a000-7f2eb8632000 rw-p 00000000 00:00 0 
7f2eb8632000-7f2eb9000000 ---p 00000000 00:00 0 
7f2eb9000000-7f2eb9270000 rwxp 00000000 00:00 0 
7f2eb9270000-7f2ec8000000 ---p 00000000 00:00 0 
7f2ec8000000-7f2ec848b000 rw-p 00000000 00:00 0 
7f2ec848b000-7f2ecc000000 ---p 00000000 00:00 0 
7f2ecc000000-7f2ecc002000 r--s 00005000 08:11 8479961                    /home/whl/.m2/repository/jakarta/annotation/jakarta.annotation-api/1.3.5/jakarta.annotation-api-1.3.5.jar
7f2ecc002000-7f2ecc004000 r--s 00000000 08:11 8479959                    /home/whl/.m2/repository/org/slf4j/jul-to-slf4j/1.7.30/jul-to-slf4j-1.7.30.jar
7f2ecc004000-7f2ecc0af000 rw-p 00000000 00:00 0 
7f2ecc0af000-7f2ecc0b0000 ---p 00000000 00:00 0 
7f2ecc0b0000-7f2ecc1b0000 rw-p 00000000 00:00 0 
7f2ecc1b0000-7f2ecc1b1000 ---p 00000000 00:00 0 
7f2ecc1b1000-7f2ecc2b1000 rw-p 00000000 00:00 0 
7f2ecc2b1000-7f2ecc2b2000 ---p 00000000 00:00 0 
7f2ecc2b2000-7f2ecc45a000 rw-p 00000000 00:00 0 
7f2ecc45a000-7f2ecce27000 ---p 00000000 00:00 0 
7f2ecce27000-7f2ecce7b000 rw-p 00000000 00:00 0 
7f2ecce7b000-7f2ecd362000 ---p 00000000 00:00 0 
7f2ecd362000-7f2ecd36d000 rw-p 00000000 00:00 0 
7f2ecd36d000-7f2ecd723000 ---p 00000000 00:00 0 
7f2ecd723000-7f2ecd73e000 r-xp 00000000 08:11 10526793                   /home/whl/new_docker_libs/jdk1.8.0_231/jre/lib/amd64/libzip.so
7f2ecd73e000-7f2ecd93d000 ---p 0001b000 08:11 10526793                   /home/whl/new_docker_libs/jdk1.8.0_231/jre/lib/amd64/libzip.so
7f2ecd93d000-7f2ecd93e000 r--p 0001a000 08:11 10526793                   /home/whl/new_docker_libs/jdk1.8.0_231/jre/lib/amd64/libzip.so
7f2ecd93e000-7f2ecd93f000 rw-p 0001b000 08:11 10526793                   /home/whl/new_docker_libs/jdk1.8.0_231/jre/lib/amd64/libzip.so
7f2ecd93f000-7f2ecd94a000 r-xp 00000000 08:01 1609134                    /lib/x86_64-linux-gnu/libnss_files-2.23.so
7f2ecd94a000-7f2ecdb49000 ---p 0000b000 08:01 1609134                    /lib/x86_64-linux-gnu/libnss_files-2.23.so
7f2ecdb49000-7f2ecdb4a000 r--p 0000a000 08:01 1609134                    /lib/x86_64-linux-gnu/libnss_files-2.23.so
7f2ecdb4a000-7f2ecdb4b000 rw-p 0000b000 08:01 1609134                    /lib/x86_64-linux-gnu/libnss_files-2.23.so
7f2ecdb4b000-7f2ecdb51000 rw-p 00000000 00:00 0 
7f2ecdb51000-7f2ecdb5c000 r-xp 00000000 08:01 1609138                    /lib/x86_64-linux-gnu/libnss_nis-2.23.so
7f2ecdb5c000-7f2ecdd5b000 ---p 0000b000 08:01 1609138                    /lib/x86_64-linux-gnu/libnss_nis-2.23.so
7f2ecdd5b000-7f2ecdd5c000 r--p 0000a000 08:01 1609138                    /lib/x86_64-linux-gnu/libnss_nis-2.23.so
7f2ecdd5c000-7f2ecdd5d000 rw-p 0000b000 08:01 1609138                    /lib/x86_64-linux-gnu/libnss_nis-2.23.so
7f2ecdd5d000-7f2ecdd73000 r-xp 00000000 08:01 1609124                    /lib/x86_64-linux-gnu/libnsl-2.23.so
7f2ecdd73000-7f2ecdf72000 ---p 00016000 08:01 1609124                    /lib/x86_64-linux-gnu/libnsl-2.23.so
7f2ecdf72000-7f2ecdf73000 r--p 00015000 08:01 1609124                    /lib/x86_64-linux-gnu/libnsl-2.23.so
7f2ecdf73000-7f2ecdf74000 rw-p 00016000 08:01 1609124                    /lib/x86_64-linux-gnu/libnsl-2.23.so
7f2ecdf74000-7f2ecdf76000 rw-p 00000000 00:00 0 
7f2ecdf76000-7f2ecdf7e000 r-xp 00000000 08:01 1609136                    /lib/x86_64-linux-gnu/libnss_compat-2.23.so
7f2ecdf7e000-7f2ece17d000 ---p 00008000 08:01 1609136                    /lib/x86_64-linux-gnu/libnss_compat-2.23.so
7f2ece17d000-7f2ece17e000 r--p 00007000 08:01 1609136                    /lib/x86_64-linux-gnu/libnss_compat-2.23.so
7f2ece17e000-7f2ece17f000 rw-p 00008000 08:01 1609136                    /lib/x86_64-linux-gnu/libnss_compat-2.23.so
7f2ece17f000-7f2ece189000 r-xp 00000000 08:11 10526795                   /home/whl/new_docker_libs/jdk1.8.0_231/jre/lib/amd64/libinstrument.so
7f2ece189000-7f2ece388000 ---p 0000a000 08:11 10526795                   /home/whl/new_docker_libs/jdk1.8.0_231/jre/lib/amd64/libinstrument.so
7f2ece388000-7f2ece389000 r--p 00009000 08:11 10526795                   /home/whl/new_docker_libs/jdk1.8.0_231/jre/lib/amd64/libinstrument.so
7f2ece389000-7f2ece38a000 rw-p 0000a000 08:11 10526795                   /home/whl/new_docker_libs/jdk1.8.0_231/jre/lib/amd64/libinstrument.so
7f2ece38a000-7f2ece814000 r--p 00000000 08:01 7078947                    /usr/lib/locale/locale-archive
7f2ece814000-7f2ece816000 r-xp 00000000 08:11 10526806                   /home/whl/new_docker_libs/jdk1.8.0_231/jre/lib/amd64/libnpt.so
7f2ece816000-7f2ecea16000 ---p 00002000 08:11 10526806                   /home/whl/new_docker_libs/jdk1.8.0_231/jre/lib/amd64/libnpt.so
7f2ecea16000-7f2ecea17000 r--p 00002000 08:11 10526806                   /home/whl/new_docker_libs/jdk1.8.0_231/jre/lib/amd64/libnpt.so
7f2ecea17000-7f2ecea18000 rw-p 00003000 08:11 10526806                   /home/whl/new_docker_libs/jdk1.8.0_231/jre/lib/amd64/libnpt.so
7f2ecea18000-7f2ecea52000 r-xp 00000000 08:11 10526779                   /home/whl/new_docker_libs/jdk1.8.0_231/jre/lib/amd64/libjdwp.so
7f2ecea52000-7f2ecec51000 ---p 0003a000 08:11 10526779                   /home/whl/new_docker_libs/jdk1.8.0_231/jre/lib/amd64/libjdwp.so
7f2ecec51000-7f2ecec52000 r--p 00039000 08:11 10526779                   /home/whl/new_docker_libs/jdk1.8.0_231/jre/lib/amd64/libjdwp.so
7f2ecec52000-7f2ecec53000 rw-p 0003a000 08:11 10526779                   /home/whl/new_docker_libs/jdk1.8.0_231/jre/lib/amd64/libjdwp.so
7f2ecec53000-7f2ecec7f000 r-xp 00000000 08:11 10526784                   /home/whl/new_docker_libs/jdk1.8.0_231/jre/lib/amd64/libjava.so
7f2ecec7f000-7f2ecee7f000 ---p 0002c000 08:11 10526784                   /home/whl/new_docker_libs/jdk1.8.0_231/jre/lib/amd64/libjava.so
7f2ecee7f000-7f2ecee80000 r--p 0002c000 08:11 10526784                   /home/whl/new_docker_libs/jdk1.8.0_231/jre/lib/amd64/libjava.so
7f2ecee80000-7f2ecee82000 rw-p 0002d000 08:11 10526784                   /home/whl/new_docker_libs/jdk1.8.0_231/jre/lib/amd64/libjava.so
7f2ecee82000-7f2ecee8f000 r-xp 00000000 08:11 10526775                   /home/whl/new_docker_libs/jdk1.8.0_231/jre/lib/amd64/libverify.so
7f2ecee8f000-7f2ecf08e000 ---p 0000d000 08:11 10526775                   /home/whl/new_docker_libs/jdk1.8.0_231/jre/lib/amd64/libverify.so
7f2ecf08e000-7f2ecf090000 r--p 0000c000 08:11 10526775                   /home/whl/new_docker_libs/jdk1.8.0_231/jre/lib/amd64/libverify.so
7f2ecf090000-7f2ecf091000 rw-p 0000e000 08:11 10526775                   /home/whl/new_docker_libs/jdk1.8.0_231/jre/lib/amd64/libverify.so
7f2ecf091000-7f2ecf098000 r-xp 00000000 08:01 1609141                    /lib/x86_64-linux-gnu/librt-2.23.so
7f2ecf098000-7f2ecf297000 ---p 00007000 08:01 1609141                    /lib/x86_64-linux-gnu/librt-2.23.so
7f2ecf297000-7f2ecf298000 r--p 00006000 08:01 1609141                    /lib/x86_64-linux-gnu/librt-2.23.so
7f2ecf298000-7f2ecf299000 rw-p 00007000 08:01 1609141                    /lib/x86_64-linux-gnu/librt-2.23.so
7f2ecf299000-7f2ecf3a1000 r-xp 00000000 08:01 1609125                    /lib/x86_64-linux-gnu/libm-2.23.so
7f2ecf3a1000-7f2ecf5a0000 ---p 00108000 08:01 1609125                    /lib/x86_64-linux-gnu/libm-2.23.so
7f2ecf5a0000-7f2ecf5a1000 r--p 00107000 08:01 1609125                    /lib/x86_64-linux-gnu/libm-2.23.so
7f2ecf5a1000-7f2ecf5a2000 rw-p 00108000 08:01 1609125                    /lib/x86_64-linux-gnu/libm-2.23.so
7f2ecf5a2000-7f2ed028b000 r-xp 00000000 08:11 10526791                   /home/whl/new_docker_libs/jdk1.8.0_231/jre/lib/amd64/server/libjvm.so
7f2ed028b000-7f2ed048a000 ---p 00ce9000 08:11 10526791                   /home/whl/new_docker_libs/jdk1.8.0_231/jre/lib/amd64/server/libjvm.so
7f2ed048a000-7f2ed0520000 r--p 00ce8000 08:11 10526791                   /home/whl/new_docker_libs/jdk1.8.0_231/jre/lib/amd64/server/libjvm.so
7f2ed0520000-7f2ed0551000 rw-p 00d7e000 08:11 10526791                   /home/whl/new_docker_libs/jdk1.8.0_231/jre/lib/amd64/server/libjvm.so
7f2ed0551000-7f2ed058c000 rw-p 00000000 00:00 0 
7f2ed058c000-7f2ed074c000 r-xp 00000000 08:01 1609110                    /lib/x86_64-linux-gnu/libc-2.23.so
7f2ed074c000-7f2ed094c000 ---p 001c0000 08:01 1609110                    /lib/x86_64-linux-gnu/libc-2.23.so
7f2ed094c000-7f2ed0950000 r--p 001c0000 08:01 1609110                    /lib/x86_64-linux-gnu/libc-2.23.so
7f2ed0950000-7f2ed0952000 rw-p 001c4000 08:01 1609110                    /lib/x86_64-linux-gnu/libc-2.23.so
7f2ed0952000-7f2ed0956000 rw-p 00000000 00:00 0 
7f2ed0956000-7f2ed0959000 r-xp 00000000 08:01 1584625                    /lib/x86_64-linux-gnu/libdl-2.23.so
7f2ed0959000-7f2ed0b58000 ---p 00003000 08:01 1584625                    /lib/x86_64-linux-gnu/libdl-2.23.so
7f2ed0b58000-7f2ed0b59000 r--p 00002000 08:01 1584625                    /lib/x86_64-linux-gnu/libdl-2.23.so
7f2ed0b59000-7f2ed0b5a000 rw-p 00003000 08:01 1584625                    /lib/x86_64-linux-gnu/libdl-2.23.so
7f2ed0b5a000-7f2ed0b71000 r-xp 00000000 08:11 10494103                   /home/whl/new_docker_libs/jdk1.8.0_231/lib/amd64/jli/libjli.so
7f2ed0b71000-7f2ed0d70000 ---p 00017000 08:11 10494103                   /home/whl/new_docker_libs/jdk1.8.0_231/lib/amd64/jli/libjli.so
7f2ed0d70000-7f2ed0d71000 r--p 00016000 08:11 10494103                   /home/whl/new_docker_libs/jdk1.8.0_231/lib/amd64/jli/libjli.so
7f2ed0d71000-7f2ed0d72000 rw-p 00017000 08:11 10494103                   /home/whl/new_docker_libs/jdk1.8.0_231/lib/amd64/jli/libjli.so
7f2ed0d72000-7f2ed0d8a000 r-xp 00000000 08:01 1609112                    /lib/x86_64-linux-gnu/libpthread-2.23.so
7f2ed0d8a000-7f2ed0f89000 ---p 00018000 08:01 1609112                    /lib/x86_64-linux-gnu/libpthread-2.23.so
7f2ed0f89000-7f2ed0f8a000 r--p 00017000 08:01 1609112                    /lib/x86_64-linux-gnu/libpthread-2.23.so
7f2ed0f8a000-7f2ed0f8b000 rw-p 00018000 08:01 1609112                    /lib/x86_64-linux-gnu/libpthread-2.23.so
7f2ed0f8b000-7f2ed0f8f000 rw-p 00000000 00:00 0 
7f2ed0f8f000-7f2ed0fb5000 r-xp 00000000 08:01 1609132                    /lib/x86_64-linux-gnu/ld-2.23.so
7f2ed0fb5000-7f2ed0fb7000 r--s 00003000 08:11 8479955                    /home/whl/.m2/repository/org/apache/logging/log4j/log4j-to-slf4j/2.13.3/log4j-to-slf4j-2.13.3.jar
7f2ed0fb7000-7f2ed0fb8000 r--s 00001000 08:11 8479948                    /home/whl/.m2/repository/org/springframework/boot/spring-boot-starter-logging/2.3.3.RELEASE/spring-boot-starter-logging-2.3.3.RELEASE.jar
7f2ed0fb8000-7f2ed0fb9000 r--s 00001000 08:11 8479946                    /home/whl/.m2/repository/org/springframework/boot/spring-boot-starter/2.3.3.RELEASE/spring-boot-starter-2.3.3.RELEASE.jar
7f2ed0fb9000-7f2ed0fba000 r--s 00001000 08:11 8479945                    /home/whl/.m2/repository/org/springframework/boot/spring-boot-starter-web/2.3.3.RELEASE/spring-boot-starter-web-2.3.3.RELEASE.jar
7f2ed0fba000-7f2ed0fcd000 r--s 000d6000 08:11 10518533                   /home/whl/new_docker_libs/jdk1.8.0_231/jre/lib/plugin.jar
7f2ed0fcd000-7f2ed0fce000 r--s 00000000 08:11 10518739                   /home/whl/new_docker_libs/jdk1.8.0_231/jre/lib/management-agent.jar
7f2ed0fce000-7f2ed0fd2000 r--s 000a4000 08:11 10518728                   /home/whl/new_docker_libs/jdk1.8.0_231/jre/lib/jsse.jar
7f2ed0fd2000-7f2ed0fd4000 r--s 00007000 08:11 10518733                   /home/whl/new_docker_libs/jdk1.8.0_231/jre/lib/jfxswt.jar
7f2ed0fd4000-7f2ed0fef000 r--s 0020c000 08:11 10518534                   /home/whl/new_docker_libs/jdk1.8.0_231/jre/lib/deploy.jar
7f2ed0fef000-7f2ed108c000 rw-p 00000000 00:00 0 
7f2ed108c000-7f2ed108f000 ---p 00000000 00:00 0 
7f2ed108f000-7f2ed1192000 rw-p 00000000 00:00 0 
7f2ed1192000-7f2ed1197000 r--s 00087000 08:11 10518723                   /home/whl/new_docker_libs/jdk1.8.0_231/jre/lib/jfr.jar
7f2ed1197000-7f2ed119a000 r--s 0001a000 08:11 10518629                   /home/whl/new_docker_libs/jdk1.8.0_231/jre/lib/jce.jar
7f2ed119a000-7f2ed11a4000 r--s 0006e000 08:11 10518665                   /home/whl/new_docker_libs/jdk1.8.0_231/jre/lib/javaws.jar
7f2ed11a4000-7f2ed11a9000 r--s 002f9000 08:11 10518538                   /home/whl/new_docker_libs/jdk1.8.0_231/jre/lib/charsets.jar
7f2ed11a9000-7f2ed11aa000 r--s 00002000 08:11 13058256                   /home/whl/JetBrains.IntelliJ.IDEA.Ultimate.v2018.1.1.Linux/idea-IU-181.4445.78/lib/rt/debugger-agent-storage.jar
7f2ed11aa000-7f2ed11b2000 rw-s 00000000 08:01 6947063                    /tmp/hsperfdata_whl/26040
7f2ed11b2000-7f2ed11b3000 rw-p 00000000 00:00 0 
7f2ed11b3000-7f2ed11b4000 r--p 00000000 00:00 0 
7f2ed11b4000-7f2ed11b5000 r--p 00025000 08:01 1609132                    /lib/x86_64-linux-gnu/ld-2.23.so
7f2ed11b5000-7f2ed11b6000 rw-p 00026000 08:01 1609132                    /lib/x86_64-linux-gnu/ld-2.23.so
7f2ed11b6000-7f2ed11b7000 rw-p 00000000 00:00 0 
7fffd393a000-7fffd395c000 rw-p 00000000 00:00 0                          [stack]
7fffd39c4000-7fffd39c7000 r--p 00000000 00:00 0                          [vvar]
7fffd39c7000-7fffd39c9000 r-xp 00000000 00:00 0                          [vdso]
ffffffffff600000-ffffffffff601000 r-xp 00000000 00:00 0                  [vsyscall]

VM Arguments:
jvm_args: -agentlib:jdwp=transport=dt_socket,address=127.0.0.1:30511,suspend=y,server=n -javaagent:/home/whl/JetBrains.IntelliJ.IDEA.Ultimate.v2018.1.1.Linux/idea-IU-181.4445.78/lib/rt/debugger-agent.jar=file:/tmp/capture.props -Dfile.encoding=UTF-8 
java_command: com.example.demo.main.FrameworkVerify
java_class_path (initial): /home/whl/new_docker_libs/jdk1.8.0_231/jre/lib/charsets.jar:/home/whl/new_docker_libs/jdk1.8.0_231/jre/lib/deploy.jar:/home/whl/new_docker_libs/jdk1.8.0_231/jre/lib/ext/cldrdata.jar:/home/whl/new_docker_libs/jdk1.8.0_231/jre/lib/ext/dnsns.jar:/home/whl/new_docker_libs/jdk1.8.0_231/jre/lib/ext/jaccess.jar:/home/whl/new_docker_libs/jdk1.8.0_231/jre/lib/ext/jfxrt.jar:/home/whl/new_docker_libs/jdk1.8.0_231/jre/lib/ext/localedata.jar:/home/whl/new_docker_libs/jdk1.8.0_231/jre/lib/ext/nashorn.jar:/home/whl/new_docker_libs/jdk1.8.0_231/jre/lib/ext/sunec.jar:/home/whl/new_docker_libs/jdk1.8.0_231/jre/lib/ext/sunjce_provider.jar:/home/whl/new_docker_libs/jdk1.8.0_231/jre/lib/ext/sunpkcs11.jar:/home/whl/new_docker_libs/jdk1.8.0_231/jre/lib/ext/zipfs.jar:/home/whl/new_docker_libs/jdk1.8.0_231/jre/lib/javaws.jar:/home/whl/new_docker_libs/jdk1.8.0_231/jre/lib/jce.jar:/home/whl/new_docker_libs/jdk1.8.0_231/jre/lib/jfr.jar:/home/whl/new_docker_libs/jdk1.8.0_231/jre/lib/jfxswt.jar:/home/whl/new_docker_libs/jdk1.8.0_231/jre/lib/jsse.jar:/home/whl/new_docker_libs/jdk1.8.0_231/jre/lib/management-agent.jar:/home/whl/new_docker_libs/jdk1.8.0_231/jre/lib/plugin.jar:/home/whl/new_docker_libs/jdk1.8.0_231/jre/lib/resources.jar:/home/whl/new_docker_libs/jdk1.8.0_231/jre/lib/rt.jar:/home/whl/Documents/java_project/demo/target/classes:/home/whl/.m2/repository/org/springframework/boot/spring-boot-starter-web/2.3.3.RELEASE/spring-boot-starter-web-2.3.3.RELEASE.jar:/home/whl/.m2/repository/org/springframework/boot/spring-boot-starter/2.3.3.RELEASE/spring-boot-starter-2.3.3.RELEASE.jar:/home/whl/.m2/repository/org/springframework/boot/spring-boot/2.3.3.RELEASE/spring-boot-2.3.3.RELEASE.jar:/home/whl/.m2/repository/org/springframework/boot/spring-boot-autoconfigure/2.3.3.RELEASE/spring-boot-autoconfigure-2.3.3.RELEASE.jar:/home/whl/.m2/repository/org/springframework/boot/spring-boot-starter-logging/2.3.3.RELEASE/spring-boot-starter-logging-2.3.3.RELEASE.jar:/home/whl/.
Launcher Type: SUN_STANDARD

Environment Variables:
JAVA_HOME=/usr/lib/jvm/java-1.8.0-openjdk-amd64
JRE_HOME=/usr/lib/jvm/java-1.8.0-openjdk-amd64/jre
CLASSPATH=.:/usr/lib/jvm/java-1.8.0-openjdk-amd64/lib:/lib
PATH=/usr/local/mongodb/bin:/usr/local/sbin:/usr/local/bin:/usr/sbin:/usr/bin:/sbin:/bin:/usr/games:/usr/local/games:/snap/bin:/usr/lib/jvm/java-1.8.0-openjdk-amd64/bin
SHELL=/bin/bash
DISPLAY=:0

Signal Handlers:
SIGSEGV: [libjvm.so+0xad4d90], sa_mask[0]=11111111011111111101111111111110, sa_flags=SA_RESTART|SA_SIGINFO
SIGBUS: [libjvm.so+0xad4d90], sa_mask[0]=11111111011111111101111111111110, sa_flags=SA_RESTART|SA_SIGINFO
SIGFPE: [libjvm.so+0x90bc10], sa_mask[0]=11111111011111111101111111111110, sa_flags=SA_RESTART|SA_SIGINFO
SIGPIPE: [libjvm.so+0x90bc10], sa_mask[0]=11111111011111111101111111111110, sa_flags=SA_RESTART|SA_SIGINFO
SIGXFSZ: [libjvm.so+0x90bc10], sa_mask[0]=11111111011111111101111111111110, sa_flags=SA_RESTART|SA_SIGINFO
SIGILL: [libjvm.so+0x90bc10], sa_mask[0]=11111111011111111101111111111110, sa_flags=SA_RESTART|SA_SIGINFO
SIGUSR1: SIG_DFL, sa_mask[0]=00000000000000000000000000000000, sa_flags=none
SIGUSR2: [libjvm.so+0x90bae0], sa_mask[0]=00100000000000000000000000000000, sa_flags=SA_RESTART|SA_SIGINFO
SIGHUP: [libjvm.so+0x90c100], sa_mask[0]=11111111011111111101111111111110, sa_flags=SA_RESTART|SA_SIGINFO
SIGINT: [libjvm.so+0x90c100], sa_mask[0]=11111111011111111101111111111110, sa_flags=SA_RESTART|SA_SIGINFO
SIGTERM: [libjvm.so+0x90c100], sa_mask[0]=11111111011111111101111111111110, sa_flags=SA_RESTART|SA_SIGINFO
SIGQUIT: [libjvm.so+0x90c100], sa_mask[0]=11111111011111111101111111111110, sa_flags=SA_RESTART|SA_SIGINFO


---------------  S Y S T E M  ---------------

OS:DISTRIB_ID=Ubuntu
DISTRIB_RELEASE=16.04
DISTRIB_CODENAME=xenial
DISTRIB_DESCRIPTION="Ubuntu 16.04.5 LTS"

uname:Linux 4.15.0-112-generic #113~16.04.1-Ubuntu SMP Fri Jul 10 04:37:08 UTC 2020 x86_64
libc:glibc 2.23 NPTL 2.23 
rlimit: STACK 8192k, CORE 0k, NPROC 1000000, NOFILE 1000000, AS infinity
load average:6.38 5.51 4.94

/proc/meminfo:
MemTotal:       32891256 kB
MemFree:         3051188 kB
MemAvailable:   18943764 kB
Buffers:         1097120 kB
Cached:         14797628 kB
SwapCached:           12 kB
Active:         20955584 kB
Inactive:        7699976 kB
Active(anon):   12647456 kB
Inactive(anon):   324560 kB
Active(file):    8308128 kB
Inactive(file):  7375416 kB
Unevictable:          96 kB
Mlocked:              96 kB
SwapTotal:        998396 kB
SwapFree:         997116 kB
Dirty:              8712 kB
Writeback:             0 kB
AnonPages:      12761040 kB
Mapped:          1336828 kB
Shmem:            295264 kB
Slab:             843408 kB
SReclaimable:     667668 kB
SUnreclaim:       175740 kB
KernelStack:       35648 kB
PageTables:       116124 kB
NFS_Unstable:          0 kB
Bounce:                0 kB
WritebackTmp:          0 kB
CommitLimit:    17444024 kB
Committed_AS:   26606424 kB
VmallocTotal:   34359738367 kB
VmallocUsed:           0 kB
VmallocChunk:          0 kB
HardwareCorrupted:     0 kB
AnonHugePages:         0 kB
ShmemHugePages:        0 kB
ShmemPmdMapped:        0 kB
CmaTotal:              0 kB
CmaFree:               0 kB
HugePages_Total:       0
HugePages_Free:        0
HugePages_Rsvd:        0
HugePages_Surp:        0
Hugepagesize:       2048 kB
DirectMap4k:     2115488 kB
DirectMap2M:    30341120 kB
DirectMap1G:     1048576 kB

container (cgroup) information:
container_type: cgroupv1
cpu_cpuset_cpus: 0-5
cpu_memory_nodes: 0
active_processor_count: 6
cpu_quota: -1
cpu_period: 100000
cpu_shares: -1
memory_limit_in_bytes: -1
memory_and_swap_limit_in_bytes: -2
memory_soft_limit_in_bytes: -1
memory_usage_in_bytes: 15890624512
memory_max_usage_in_bytes: 16250978304


CPU:total 6 (initial active 6) (6 cores per cpu, 1 threads per core) family 6 model 158 stepping 10, cmov, cx8, fxsr, mmx, sse, sse2, sse3, ssse3, sse4.1, sse4.2, popcnt, avx, avx2, aes, clmul, erms, rtm, 3dnowpref, lzcnt, tsc, tscinvbit, bmi1, bmi2, adx

/proc/cpuinfo:
processor	: 0
vendor_id	: GenuineIntel
cpu family	: 6
model		: 158
model name	: Intel(R) Core(TM) i5-8600K CPU @ 3.60GHz
stepping	: 10
microcode	: 0xd6
cpu MHz		: 4100.017
cache size	: 9216 KB
physical id	: 0
siblings	: 6
core id		: 0
cpu cores	: 6
apicid		: 0
initial apicid	: 0
fpu		: yes
fpu_exception	: yes
cpuid level	: 22
wp		: yes
flags		: fpu vme de pse tsc msr pae mce cx8 apic sep mtrr pge mca cmov pat pse36 clflush dts acpi mmx fxsr sse sse2 ss ht tm pbe syscall nx pdpe1gb rdtscp lm constant_tsc art arch_perfmon pebs bts rep_good nopl xtopology nonstop_tsc cpuid aperfmperf pni pclmulqdq dtes64 monitor ds_cpl vmx smx est tm2 ssse3 sdbg fma cx16 xtpr pdcm pcid sse4_1 sse4_2 x2apic movbe popcnt tsc_deadline_timer aes xsave avx f16c rdrand lahf_lm abm 3dnowprefetch cpuid_fault invpcid_single pti ssbd ibrs ibpb stibp tpr_shadow vnmi flexpriority ept vpid fsgsbase tsc_adjust bmi1 hle avx2 smep bmi2 erms invpcid rtm mpx rdseed adx smap clflushopt intel_pt xsaveopt xsavec xgetbv1 xsaves dtherm ida arat pln pts hwp hwp_notify hwp_act_window hwp_epp md_clear flush_l1d
bugs		: cpu_meltdown spectre_v1 spectre_v2 spec_store_bypass l1tf mds swapgs taa itlb_multihit srbds
bogomips	: 7200.00
clflush size	: 64
cache_alignment	: 64
address sizes	: 39 bits physical, 48 bits virtual
power management:

processor	: 1
vendor_id	: GenuineIntel
cpu family	: 6
model		: 158
model name	: Intel(R) Core(TM) i5-8600K CPU @ 3.60GHz
stepping	: 10
microcode	: 0xd6
cpu MHz		: 4099.999
cache size	: 9216 KB
physical id	: 0
siblings	: 6
core id		: 1
cpu cores	: 6
apicid		: 2
initial apicid	: 2
fpu		: yes
fpu_exception	: yes
cpuid level	: 22
wp		: yes
flags		: fpu vme de pse tsc msr pae mce cx8 apic sep mtrr pge mca cmov pat pse36 clflush dts acpi mmx fxsr sse sse2 ss ht tm pbe syscall nx pdpe1gb rdtscp lm constant_tsc art arch_perfmon pebs bts rep_good nopl xtopology nonstop_tsc cpuid aperfmperf pni pclmulqdq dtes64 monitor ds_cpl vmx smx est tm2 ssse3 sdbg fma cx16 xtpr pdcm pcid sse4_1 sse4_2 x2apic movbe popcnt tsc_deadline_timer aes xsave avx f16c rdrand lahf_lm abm 3dnowprefetch cpuid_fault invpcid_single pti ssbd ibrs ibpb stibp tpr_shadow vnmi flexpriority ept vpid fsgsbase tsc_adjust bmi1 hle avx2 smep bmi2 erms invpcid rtm mpx rdseed adx smap clflushopt intel_pt xsaveopt xsavec xgetbv1 xsaves dtherm ida arat pln pts hwp hwp_notify hwp_act_window hwp_epp md_clear flush_l1d
bugs		: cpu_meltdown spectre_v1 spectre_v2 spec_store_bypass l1tf mds swapgs taa itlb_multihit srbds
bogomips	: 7200.00
clflush size	: 64
cache_alignment	: 64
address sizes	: 39 bits physical, 48 bits virtual
power management:

processor	: 2
vendor_id	: GenuineIntel
cpu family	: 6
model		: 158
model name	: Intel(R) Core(TM) i5-8600K CPU @ 3.60GHz
stepping	: 10
microcode	: 0xd6
cpu MHz		: 4099.996
cache size	: 9216 KB
physical id	: 0
siblings	: 6
core id		: 2
cpu cores	: 6
apicid		: 4
initial apicid	: 4
fpu		: yes
fpu_exception	: yes
cpuid level	: 22
wp		: yes
flags		: fpu vme de pse tsc msr pae mce cx8 apic sep mtrr pge mca cmov pat pse36 clflush dts acpi mmx fxsr sse sse2 ss ht tm pbe syscall nx pdpe1gb rdtscp lm constant_tsc art arch_perfmon pebs bts rep_good nopl xtopology nonstop_tsc cpuid aperfmperf pni pclmulqdq dtes64 monitor ds_cpl vmx smx est tm2 ssse3 sdbg fma cx16 xtpr pdcm pcid sse4_1 sse4_2 x2apic movbe popcnt tsc_deadline_timer aes xsave avx f16c rdrand lahf_lm abm 3dnowprefetch cpuid_fault invpcid_single pti ssbd ibrs ibpb stibp tpr_shadow vnmi flexpriority ept vpid fsgsbase tsc_adjust bmi1 hle avx2 smep bmi2 erms invpcid rtm mpx rdseed adx smap clflushopt intel_pt xsaveopt xsavec xgetbv1 xsaves dtherm ida arat pln pts hwp hwp_notify hwp_act_window hwp_epp md_clear flush_l1d
bugs		: cpu_meltdown spectre_v1 spectre_v2 spec_store_bypass l1tf mds swapgs taa itlb_multihit srbds
bogomips	: 7200.00
clflush size	: 64
cache_alignment	: 64
address sizes	: 39 bits physical, 48 bits virtual
power management:

processor	: 3
vendor_id	: GenuineIntel
cpu family	: 6
model		: 158
model name	: Intel(R) Core(TM) i5-8600K CPU @ 3.60GHz
stepping	: 10
microcode	: 0xd6
cpu MHz		: 4099.997
cache size	: 9216 KB
physical id	: 0
siblings	: 6
core id		: 3
cpu cores	: 6
apicid		: 6
initial apicid	: 6
fpu		: yes
fpu_exception	: yes
cpuid level	: 22
wp		: yes
flags		: fpu vme de pse tsc msr pae mce cx8 apic sep mtrr pge mca cmov pat pse36 clflush dts acpi mmx fxsr sse sse2 ss ht tm pbe syscall nx pdpe1gb rdtscp lm constant_tsc art arch_perfmon pebs bts rep_good nopl xtopology nonstop_tsc cpuid aperfmperf pni pclmulqdq dtes64 monitor ds_cpl vmx smx est tm2 ssse3 sdbg fma cx16 xtpr pdcm pcid sse4_1 sse4_2 x2apic movbe popcnt tsc_deadline_timer aes xsave avx f16c rdrand lahf_lm abm 3dnowprefetch cpuid_fault invpcid_single pti ssbd ibrs ibpb stibp tpr_shadow vnmi flexpriority ept vpid fsgsbase tsc_adjust bmi1 hle avx2 smep bmi2 erms invpcid rtm mpx rdseed adx smap clflushopt intel_pt xsaveopt xsavec xgetbv1 xsaves dtherm ida arat pln pts hwp hwp_notify hwp_act_window hwp_epp md_clear flush_l1d
bugs		: cpu_meltdown spectre_v1 spectre_v2 spec_store_bypass l1tf mds swapgs taa itlb_multihit srbds
bogomips	: 7200.00
clflush size	: 64
cache_alignment	: 64
address sizes	: 39 bits physical, 48 bits virtual
power management:

processor	: 4
vendor_id	: GenuineIntel
cpu family	: 6
model		: 158
model name	: Intel(R) Core(TM) i5-8600K CPU @ 3.60GHz
stepping	: 10
microcode	: 0xd6
cpu MHz		: 4099.999
cache size	: 9216 KB
physical id	: 0
siblings	: 6
core id		: 4
cpu cores	: 6
apicid		: 8
initial apicid	: 8
fpu		: yes
fpu_exception	: yes
cpuid level	: 22
wp		: yes
flags		: fpu vme de pse tsc msr pae mce cx8 apic sep mtrr pge mca cmov pat pse36 clflush dts acpi mmx fxsr sse sse2 ss ht tm pbe syscall nx pdpe1gb rdtscp lm constant_tsc art arch_perfmon pebs bts rep_good nopl xtopology nonstop_tsc cpuid aperfmperf pni pclmulqdq dtes64 monitor ds_cpl vmx smx est tm2 ssse3 sdbg fma cx16 xtpr pdcm pcid sse4_1 sse4_2 x2apic movbe popcnt tsc_deadline_timer aes xsave avx f16c rdrand lahf_lm abm 3dnowprefetch cpuid_fault invpcid_single pti ssbd ibrs ibpb stibp tpr_shadow vnmi flexpriority ept vpid fsgsbase tsc_adjust bmi1 hle avx2 smep bmi2 erms invpcid rtm mpx rdseed adx smap clflushopt intel_pt xsaveopt xsavec xgetbv1 xsaves dtherm ida arat pln pts hwp hwp_notify hwp_act_window hwp_epp md_clear flush_l1d
bugs		: cpu_meltdown spectre_v1 spectre_v2 spec_store_bypass l1tf mds swapgs taa itlb_multihit srbds
bogomips	: 7200.00
clflush size	: 64
cache_alignment	: 64
address sizes	: 39 bits physical, 48 bits virtual
power management:

processor	: 5
vendor_id	: GenuineIntel
cpu family	: 6
model		: 158
model name	: Intel(R) Core(TM) i5-8600K CPU @ 3.60GHz
stepping	: 10
microcode	: 0xd6
cpu MHz		: 4099.995
cache size	: 9216 KB
physical id	: 0
siblings	: 6
core id		: 5
cpu cores	: 6
apicid		: 10
initial apicid	: 10
fpu		: yes
fpu_exception	: yes
cpuid level	: 22
wp		: yes
flags		: fpu vme de pse tsc msr pae mce cx8 apic sep mtrr pge mca cmov pat pse36 clflush dts acpi mmx fxsr sse sse2 ss ht tm pbe syscall nx pdpe1gb rdtscp lm constant_tsc art arch_perfmon pebs bts rep_good nopl xtopology nonstop_tsc cpuid aperfmperf pni pclmulqdq dtes64 monitor ds_cpl vmx smx est tm2 ssse3 sdbg fma cx16 xtpr pdcm pcid sse4_1 sse4_2 x2apic movbe popcnt tsc_deadline_timer aes xsave avx f16c rdrand lahf_lm abm 3dnowprefetch cpuid_fault invpcid_single pti ssbd ibrs ibpb stibp tpr_shadow vnmi flexpriority ept vpid fsgsbase tsc_adjust bmi1 hle avx2 smep bmi2 erms invpcid rtm mpx rdseed adx smap clflushopt intel_pt xsaveopt xsavec xgetbv1 xsaves dtherm ida arat pln pts hwp hwp_notify hwp_act_window hwp_epp md_clear flush_l1d
bugs		: cpu_meltdown spectre_v1 spectre_v2 spec_store_bypass l1tf mds swapgs taa itlb_multihit srbds
bogomips	: 7200.00
clflush size	: 64
cache_alignment	: 64
address sizes	: 39 bits physical, 48 bits virtual
power management:



Memory: 4k page, physical 32891256k(3049752k free), swap 998396k(997116k free)

vm_info: Java HotSpot(TM) 64-Bit Server VM (25.231-b11) for linux-amd64 JRE (1.8.0_231-b11), built on Oct  5 2019 03:00:41 by "java_re" with gcc 7.3.0

time: Thu Aug 27 16:36:48 2020
timezone: CST
elapsed time: 0 seconds (0d 0h 0m 0s)

