#
# A fatal error has been detected by the Java Runtime Environment:
#
#  SIGSEGV (0xb) at pc=0x00007f1cbf6e955e, pid=30665, tid=0x00007f1cc0c08700
#
# JRE version: Java(TM) SE Runtime Environment (8.0_231-b11) (build 1.8.0_231-b11)
# Java VM: Java HotSpot(TM) 64-Bit Server VM (25.231-b11 mixed mode linux-amd64 compressed oops)
# Problematic frame:
# V  [libjvm.so+0x6cb55e]  jni_GetFieldID+0xae
#
# Failed to write core dump. Core dumps have been disabled. To enable core dumping, try "ulimit -c unlimited" before starting Java again
#
# If you would like to submit a bug report, please visit:
#   http://bugreport.java.com/bugreport/crash.jsp
#

---------------  T H R E A D  ---------------

Current thread (0x00007f1cb8010800):  JavaThread "main" [_thread_in_vm, id=30672, stack(0x00007f1cc0b08000,0x00007f1cc0c09000)]

siginfo: si_signo: 11 (SIGSEGV), si_code: 1 (SEGV_MAPERR), si_addr: 0x0000000000000000

Registers:
RAX=0x0000000000000000, RBX=0x00007f1cb8010800, RCX=0x00007f1c800fba59, RDX=0x0000000000000049
RSP=0x00007f1cc0c07850, RBP=0x00007f1cc0c078d0, RSI=0x00007f1c800fba58, RDI=0x00007f1cbc00f550
R8 =0x0000000000000001, R9 =0x00000000000000e5, R10=0x0000000000000040, R11=0x00007f1c800fb4b6
R12=0x00007f1cbc05f980, R13=0x00007f1c800fba5a, R14=0x00007f1cc0c07860, R15=0x00007f1cbc00f550
RIP=0x00007f1cbf6e955e, EFLAGS=0x0000000000010206, CSGSFS=0x002b000000000033, ERR=0x0000000000000004
  TRAPNO=0x000000000000000e

Top of Stack: (sp=0x00007f1cc0c07850)
0x00007f1cc0c07850:   00007f1ca90055d0 0000000000000000
0x00007f1cc0c07860:   00007f1c00000049 00007f1c800fb100
0x00007f1cc0c07870:   00007f1ca69aaa40 00007f1cb8010800
0x00007f1cc0c07880:   00007f1cb8010800 00007f1cb800e050
0x00007f1cc0c07890:   00007f1c000000c7 00007f1cbfb8f1a8
0x00007f1cc0c078a0:   00000000000003d8 00007f1ca69aaa40
0x00007f1cc0c078b0:   0000000000000000 00007f1ca69aaa40
0x00007f1cc0c078c0:   00007f1cc0c079e0 00007f1cb8010800
0x00007f1cc0c078d0:   00007f1cc0c07900 00007f1c800fb4ee
0x00007f1cc0c078e0:   00007f1c800fba58 00007f1c800fba5a
0x00007f1cc0c078f0:   0000000000000000 00007f1cb80109f8
0x00007f1cc0c07900:   00007f1cc0c07960 00007f1c800fb19b
0x00007f1cc0c07910:   00007f1cc0c079e0 00007f1cb80109f8
0x00007f1cc0c07920:   00007f1ca69aaa40 00007f1cb8010800
0x00007f1cc0c07930:   0000000000000000 0000000000000000
0x00007f1cc0c07940:   00007f1ca69aaa40 00007f1cc0c079e0
0x00007f1cc0c07950:   00007f1cc0c079c0 00007f1ca9020806
0x00007f1cc0c07960:   00007f1cc0c079c0 00007f1ca9020aa8
0x00007f1cc0c07970:   0000000600000001 00007f1ca90204e2
0x00007f1cc0c07980:   00007f1cc0c07980 00007f1ca69aaa40
0x00007f1cc0c07990:   00007f1cc0c079e0 00007f1ca69aab58
0x00007f1cc0c079a0:   0000000000000000 00007f1ca69aaa40
0x00007f1cc0c079b0:   0000000000000000 00007f1cc0c079e0
0x00007f1cc0c079c0:   00007f1cc0c07a30 00007f1ca90080e0
0x00007f1cc0c079d0:   0000000000000000 00007f1ca9016d3b
0x00007f1cc0c079e0:   0000000718d69538 0000000718b21c58
0x00007f1cc0c079f0:   00007f1cc0c079f0 00007f1ca69aa578
0x00007f1cc0c07a00:   00007f1cc0c07a48 00007f1ca69aa610
0x00007f1cc0c07a10:   0000000000000000 00007f1ca69aa5a0
0x00007f1cc0c07a20:   00007f1cc0c079e0 00007f1cc0c07a48
0x00007f1cc0c07a30:   00007f1cc0c07ab0 00007f1ca90007a7
0x00007f1cc0c07a40:   0000000718d69538 0000000718d661a0 

Instructions: (pc=0x00007f1cbf6e955e)
0x00007f1cbf6e953e:   89 c6 e8 6b af 36 00 4d 85 e4 49 89 c7 0f 84 ef
0x00007f1cbf6e954e:   01 00 00 48 85 c0 0f 84 e6 01 00 00 48 8b 45 88
0x00007f1cbf6e955e:   48 8b 38 e8 7a 0d fc ff 48 8b 10 48 89 de 48 89
0x00007f1cbf6e956e:   c7 48 89 45 88 ff 92 90 00 00 00 48 83 7b 08 00 

Register to memory mapping:

RAX=0x0000000000000000 is an unknown value
RBX=0x00007f1cb8010800 is a thread
RCX=0x00007f1c800fba59: <offset 0x2a59> in /home/whl/Documents/java_project/demo/lib/Framework.so at 0x00007f1c800f9000
RDX=0x0000000000000049 is an unknown value
RSP=0x00007f1cc0c07850 is pointing into the stack for thread: 0x00007f1cb8010800
RBP=0x00007f1cc0c078d0 is pointing into the stack for thread: 0x00007f1cb8010800
RSI=0x00007f1c800fba58: <offset 0x2a58> in /home/whl/Documents/java_project/demo/lib/Framework.so at 0x00007f1c800f9000
RDI=0x00007f1cbc00f550 is an unknown value
R8 =0x0000000000000001 is an unknown value
R9 =0x00000000000000e5 is an unknown value
R10=0x0000000000000040 is an unknown value
R11=0x00007f1c800fb4b6: _ZN7JNIEnv_10GetFieldIDEP7_jclassPKcS3_+0 in /home/whl/Documents/java_project/demo/lib/Framework.so at 0x00007f1c800f9000
R12=0x00007f1cbc05f980 is an unknown value
R13=0x00007f1c800fba5a: <offset 0x2a5a> in /home/whl/Documents/java_project/demo/lib/Framework.so at 0x00007f1c800f9000
R14=0x00007f1cc0c07860 is pointing into the stack for thread: 0x00007f1cb8010800
R15=0x00007f1cbc00f550 is an unknown value


Stack: [0x00007f1cc0b08000,0x00007f1cc0c09000],  sp=0x00007f1cc0c07850,  free space=1022k
Native frames: (J=compiled Java code, j=interpreted, Vv=VM code, C=native code)
V  [libjvm.so+0x6cb55e]  jni_GetFieldID+0xae
C  [Framework.so+0x24ee]  JNIEnv_::GetFieldID(_jclass*, char const*, char const*)+0x38
C  [Framework.so+0x219b]  Java_com_example_demo_better_Framework_create+0x45
j  com.example.demo.better.Framework.create()Lcom/example/demo/domain/Camera;+0
j  com.example.demo.main.FrameworkVerify.main([Ljava/lang/String;)V+24
v  ~StubRoutines::call_stub
V  [libjvm.so+0x68868b]  JavaCalls::call_helper(JavaValue*, methodHandle*, JavaCallArguments*, Thread*)+0xddb
V  [libjvm.so+0x6d3641]  jni_invoke_static(JNIEnv_*, JavaValue*, _jobject*, JNICallType, _jmethodID*, JNI_ArgumentPusher*, Thread*) [clone .isra.96] [clone .constprop.117]+0x1e1
V  [libjvm.so+0x6d590b]  jni_CallStaticVoidMethod+0x15b
C  [libjli.so+0x889c]  JavaMain+0xa3c
C  [libpthread.so.0+0x76ba]  start_thread+0xca

Java frames: (J=compiled Java code, j=interpreted, Vv=VM code)
j  com.example.demo.better.Framework.create()Lcom/example/demo/domain/Camera;+0
j  com.example.demo.main.FrameworkVerify.main([Ljava/lang/String;)V+24
v  ~StubRoutines::call_stub

---------------  P R O C E S S  ---------------

Java Threads: ( => current thread )
  0x00007f1cb841a800 JavaThread "Service Thread" daemon [_thread_blocked, id=30708, stack(0x00007f1c803ff000,0x00007f1c80500000)]
  0x00007f1cb8417000 JavaThread "C1 CompilerThread2" daemon [_thread_blocked, id=30707, stack(0x00007f1ca4053000,0x00007f1ca4154000)]
  0x00007f1cb8410800 JavaThread "C2 CompilerThread1" daemon [_thread_in_native, id=30706, stack(0x00007f1ca4154000,0x00007f1ca4255000)]
  0x00007f1cb840d800 JavaThread "C2 CompilerThread0" daemon [_thread_in_native, id=30705, stack(0x00007f1ca4255000,0x00007f1ca4356000)]
  0x00007f1c64001000 JavaThread "JDWP Command Reader" daemon [_thread_in_native, id=30701, stack(0x00007f1ca44db000,0x00007f1ca45dc000)]
  0x00007f1cb81d9000 JavaThread "JDWP Event Helper Thread" daemon [_thread_blocked, id=30699, stack(0x00007f1ca45dc000,0x00007f1ca46dd000)]
  0x00007f1cb81d5800 JavaThread "JDWP Transport Listener: dt_socket" daemon [_thread_blocked, id=30694, stack(0x00007f1ca46dd000,0x00007f1ca47de000)]
  0x00007f1cb81c8000 JavaThread "Signal Dispatcher" daemon [_thread_blocked, id=30692, stack(0x00007f1ca49e3000,0x00007f1ca4ae4000)]
  0x00007f1cb8198000 JavaThread "Finalizer" daemon [_thread_blocked, id=30688, stack(0x00007f1ca4ae4000,0x00007f1ca4be5000)]
  0x00007f1cb8193800 JavaThread "Reference Handler" daemon [_thread_blocked, id=30687, stack(0x00007f1ca4be5000,0x00007f1ca4ce6000)]
=>0x00007f1cb8010800 JavaThread "main" [_thread_in_vm, id=30672, stack(0x00007f1cc0b08000,0x00007f1cc0c09000)]

Other Threads:
  0x00007f1cb818a000 VMThread [stack: 0x00007f1ca4ce6000,0x00007f1ca4de7000] [id=30686]
  0x00007f1cb841d800 WatcherThread [stack: 0x00007f1c802fe000,0x00007f1c803ff000] [id=30709]

VM state:not at safepoint (normal execution)

VM Mutex/Monitor currently owned by a thread: None

heap address: 0x00000005ca000000, size: 8032 MB, Compressed Oops mode: Zero based, Oop shift amount: 3
Narrow klass base: 0x0000000000000000, Narrow klass shift: 3
Compressed class space size: 1073741824 Address: 0x00000007c0000000

Heap:
 PSYoungGen      total 150016K, used 5160K [0x0000000718b00000, 0x0000000723200000, 0x00000007c0000000)
  eden space 129024K, 4% used [0x0000000718b00000,0x000000071900a3f8,0x0000000720900000)
  from space 20992K, 0% used [0x0000000721d80000,0x0000000721d80000,0x0000000723200000)
  to   space 20992K, 0% used [0x0000000720900000,0x0000000720900000,0x0000000721d80000)
 ParOldGen       total 343040K, used 0K [0x00000005ca000000, 0x00000005def00000, 0x0000000718b00000)
  object space 343040K, 0% used [0x00000005ca000000,0x00000005ca000000,0x00000005def00000)
 Metaspace       used 3177K, capacity 4568K, committed 4864K, reserved 1056768K
  class space    used 341K, capacity 392K, committed 512K, reserved 1048576K

Card table byte_map: [0x00007f1ca804f000,0x00007f1ca9000000] byte_map_base: 0x00007f1ca51ff000

Marking Bits: (ParMarkBitMap*) 0x00007f1cbffeade0
 Begin Bits: [0x00007f1c80500000, 0x00007f1c88280000)
 End Bits:   [0x00007f1c88280000, 0x00007f1c90000000)

Polling page: 0x00007f1cc0c2f000

CodeCache: size=245760Kb used=1083Kb max_used=1083Kb free=244676Kb
 bounds [0x00007f1ca9000000, 0x00007f1ca9270000, 0x00007f1cb8000000]
 total_blobs=248 nmethods=10 adapters=161
 compilation: enabled

Compilation events (10 events):
Event: 0.165 Thread 0x00007f1cb8417000 nmethod 8 0x00007f1ca910d390 code [0x00007f1ca910d4e0, 0x00007f1ca910d630]
Event: 0.165 Thread 0x00007f1cb8417000    4       3       java.lang.System::getSecurityManager (4 bytes)
Event: 0.165 Thread 0x00007f1cb8417000 nmethod 4 0x00007f1ca910d090 code [0x00007f1ca910d1e0, 0x00007f1ca910d330]
Event: 0.165 Thread 0x00007f1cb8417000    1       3       java.lang.AbstractStringBuilder::append (50 bytes)
Event: 0.165 Thread 0x00007f1cb8417000 nmethod 1 0x00007f1ca910c450 code [0x00007f1ca910c620, 0x00007f1ca910cd78]
Event: 0.165 Thread 0x00007f1cb8417000    2       3       java.lang.String::getChars (62 bytes)
Event: 0.165 Thread 0x00007f1cb8417000 nmethod 2 0x00007f1ca910bb10 code [0x00007f1ca910bce0, 0x00007f1ca910c178]
Event: 0.165 Thread 0x00007f1cb8417000    6       3       java.lang.AbstractStringBuilder::ensureCapacityInternal (27 bytes)
Event: 0.165 Thread 0x00007f1cb8417000 nmethod 6 0x00007f1ca910b2d0 code [0x00007f1ca910b460, 0x00007f1ca910b8d8]
Event: 0.175 Thread 0x00007f1cb840d800   21 %     4       sun.nio.cs.UTF_8$Encoder::encode @ 20 (359 bytes)

GC Heap History (0 events):
No events

Deoptimization events (0 events):
No events

Classes redefined (0 events):
No events

Internal exceptions (3 events):
Event: 0.026 Thread 0x00007f1cb8010800 Exception <a 'java/lang/NoSuchMethodError': Method sun.misc.Unsafe.defineClass(Ljava/lang/String;[BII)Ljava/lang/Class; name or signature does not match> (0x0000000718b07cb8) thrown at [/HUDSON/workspace/8-2-build-linux-amd64/jdk8u231/13620/hotspot/src/sh
Event: 0.026 Thread 0x00007f1cb8010800 Exception <a 'java/lang/NoSuchMethodError': Method sun.misc.Unsafe.prefetchRead(Ljava/lang/Object;J)V name or signature does not match> (0x0000000718b07fa0) thrown at [/HUDSON/workspace/8-2-build-linux-amd64/jdk8u231/13620/hotspot/src/share/vm/prims/jni.c
Event: 0.175 Thread 0x00007f1cb8010800 Exception <a 'java/lang/NoClassDefFoundError': Lcom/example/demo/domain/Camera> (0x0000000718d6e5d0) thrown at [/HUDSON/workspace/8-2-build-linux-amd64/jdk8u231/13620/hotspot/src/share/vm/classfile/systemDictionary.cpp, line 199]

Events (10 events):
Event: 0.173 loading class sun/launcher/LauncherHelper$FXHelper
Event: 0.173 loading class sun/launcher/LauncherHelper$FXHelper done
Event: 0.173 loading class java/lang/Class$MethodArray
Event: 0.174 loading class java/lang/Class$MethodArray done
Event: 0.174 loading class java/lang/Void
Event: 0.174 loading class java/lang/Void done
Event: 0.174 loading class com/example/demo/better/Framework
Event: 0.174 loading class com/example/demo/better/Framework done
Event: 0.175 loading class Lcom/example/demo/domain/Camera
Event: 0.175 loading class Lcom/example/demo/domain/Camera done


Dynamic libraries:
00400000-00401000 r-xp 00000000 08:11 10510491                           /home/whl/new_docker_libs/jdk1.8.0_231/bin/java
00600000-00601000 r--p 00000000 08:11 10510491                           /home/whl/new_docker_libs/jdk1.8.0_231/bin/java
00601000-00602000 rw-p 00001000 08:11 10510491                           /home/whl/new_docker_libs/jdk1.8.0_231/bin/java
01d35000-01d56000 rw-p 00000000 00:00 0                                  [heap]
5ca000000-5def00000 rw-p 00000000 00:00 0 
5def00000-718b00000 ---p 00000000 00:00 0 
718b00000-723200000 rw-p 00000000 00:00 0 
723200000-7c0000000 ---p 00000000 00:00 0 
7c0000000-7c0080000 rw-p 00000000 00:00 0 
7c0080000-800000000 ---p 00000000 00:00 0 
7f1c4b8bf000-7f1c4ba5c000 rw-p 00000000 00:00 0 
7f1c4ba5c000-7f1c4ba73000 r-xp 00000000 08:01 1573097                    /lib/x86_64-linux-gnu/libgcc_s.so.1
7f1c4ba73000-7f1c4bc72000 ---p 00017000 08:01 1573097                    /lib/x86_64-linux-gnu/libgcc_s.so.1
7f1c4bc72000-7f1c4bc73000 r--p 00016000 08:01 1573097                    /lib/x86_64-linux-gnu/libgcc_s.so.1
7f1c4bc73000-7f1c4bc74000 rw-p 00017000 08:01 1573097                    /lib/x86_64-linux-gnu/libgcc_s.so.1
7f1c4bc74000-7f1c4bdf0000 r-xp 00000000 08:01 7081727                    /usr/lib/x86_64-linux-gnu/libstdc++.so.6.0.25
7f1c4bdf0000-7f1c4bff0000 ---p 0017c000 08:01 7081727                    /usr/lib/x86_64-linux-gnu/libstdc++.so.6.0.25
7f1c4bff0000-7f1c4bffa000 r--p 0017c000 08:01 7081727                    /usr/lib/x86_64-linux-gnu/libstdc++.so.6.0.25
7f1c4bffa000-7f1c4bffc000 rw-p 00186000 08:01 7081727                    /usr/lib/x86_64-linux-gnu/libstdc++.so.6.0.25
7f1c4bffc000-7f1c4c000000 rw-p 00000000 00:00 0 
7f1c4c000000-7f1c4c021000 rw-p 00000000 00:00 0 
7f1c4c021000-7f1c50000000 ---p 00000000 00:00 0 
7f1c50000000-7f1c50021000 rw-p 00000000 00:00 0 
7f1c50021000-7f1c54000000 ---p 00000000 00:00 0 
7f1c54000000-7f1c54052000 rw-p 00000000 00:00 0 
7f1c54052000-7f1c58000000 ---p 00000000 00:00 0 
7f1c58000000-7f1c58021000 rw-p 00000000 00:00 0 
7f1c58021000-7f1c5c000000 ---p 00000000 00:00 0 
7f1c5c000000-7f1c5c021000 rw-p 00000000 00:00 0 
7f1c5c021000-7f1c60000000 ---p 00000000 00:00 0 
7f1c60000000-7f1c600a2000 rw-p 00000000 00:00 0 
7f1c600a2000-7f1c64000000 ---p 00000000 00:00 0 
7f1c64000000-7f1c64021000 rw-p 00000000 00:00 0 
7f1c64021000-7f1c68000000 ---p 00000000 00:00 0 
7f1c68000000-7f1c68021000 rw-p 00000000 00:00 0 
7f1c68021000-7f1c6c000000 ---p 00000000 00:00 0 
7f1c6c000000-7f1c6c021000 rw-p 00000000 00:00 0 
7f1c6c021000-7f1c70000000 ---p 00000000 00:00 0 
7f1c70000000-7f1c70021000 rw-p 00000000 00:00 0 
7f1c70021000-7f1c74000000 ---p 00000000 00:00 0 
7f1c74000000-7f1c74021000 rw-p 00000000 00:00 0 
7f1c74021000-7f1c78000000 ---p 00000000 00:00 0 
7f1c78000000-7f1c78021000 rw-p 00000000 00:00 0 
7f1c78021000-7f1c7c000000 ---p 00000000 00:00 0 
7f1c7c000000-7f1c7c021000 rw-p 00000000 00:00 0 
7f1c7c021000-7f1c80000000 ---p 00000000 00:00 0 
7f1c80001000-7f1c800f9000 rw-p 00000000 00:00 0 
7f1c800f9000-7f1c800fc000 r-xp 00000000 08:11 3516738                    /home/whl/Documents/java_project/demo/lib/Framework.so
7f1c800fc000-7f1c802fc000 ---p 00003000 08:11 3516738                    /home/whl/Documents/java_project/demo/lib/Framework.so
7f1c802fc000-7f1c802fd000 r--p 00003000 08:11 3516738                    /home/whl/Documents/java_project/demo/lib/Framework.so
7f1c802fd000-7f1c802fe000 rw-p 00004000 08:11 3516738                    /home/whl/Documents/java_project/demo/lib/Framework.so
7f1c802fe000-7f1c802ff000 ---p 00000000 00:00 0 
7f1c802ff000-7f1c803ff000 rw-p 00000000 00:00 0 
7f1c803ff000-7f1c80402000 ---p 00000000 00:00 0 
7f1c80402000-7f1c90000000 rw-p 00000000 00:00 0 
7f1c90000000-7f1c90021000 rw-p 00000000 00:00 0 
7f1c90021000-7f1c94000000 ---p 00000000 00:00 0 
7f1c94000000-7f1c94021000 rw-p 00000000 00:00 0 
7f1c94021000-7f1c98000000 ---p 00000000 00:00 0 
7f1c98000000-7f1c98021000 rw-p 00000000 00:00 0 
7f1c98021000-7f1c9c000000 ---p 00000000 00:00 0 
7f1c9c000000-7f1c9c021000 rw-p 00000000 00:00 0 
7f1c9c021000-7f1ca0000000 ---p 00000000 00:00 0 
7f1ca0000000-7f1ca0021000 rw-p 00000000 00:00 0 
7f1ca0021000-7f1ca4000000 ---p 00000000 00:00 0 
7f1ca4053000-7f1ca4056000 ---p 00000000 00:00 0 
7f1ca4056000-7f1ca4154000 rw-p 00000000 00:00 0 
7f1ca4154000-7f1ca4157000 ---p 00000000 00:00 0 
7f1ca4157000-7f1ca4255000 rw-p 00000000 00:00 0 
7f1ca4255000-7f1ca4258000 ---p 00000000 00:00 0 
7f1ca4258000-7f1ca4356000 rw-p 00000000 00:00 0 
7f1ca4356000-7f1ca435d000 r--s 00064000 08:11 13058257                   /home/whl/JetBrains.IntelliJ.IDEA.Ultimate.v2018.1.1.Linux/idea-IU-181.4445.78/lib/rt/debugger-agent.jar
7f1ca435d000-7f1ca435f000 r--s 0001a000 08:11 13058173                   /home/whl/JetBrains.IntelliJ.IDEA.Ultimate.v2018.1.1.Linux/idea-IU-181.4445.78/lib/idea_rt.jar
7f1ca435f000-7f1ca4360000 r--s 00005000 08:11 8480044                    /home/whl/.m2/repository/org/springframework/spring-jcl/5.2.8.RELEASE/spring-jcl-5.2.8.RELEASE.jar
7f1ca4360000-7f1ca437b000 r--s 00146000 08:11 8480072                    /home/whl/.m2/repository/org/springframework/spring-core/5.2.8.RELEASE/spring-core-5.2.8.RELEASE.jar
7f1ca437b000-7f1ca4395000 r--s 00230000 08:11 8487111                    /home/whl/.m2/repository/mysql/mysql-connector-java/8.0.21/mysql-connector-java-8.0.21.jar
7f1ca4395000-7f1ca439e000 r--s 00044000 08:11 8480226                    /home/whl/.m2/repository/org/springframework/spring-tx/5.2.8.RELEASE/spring-tx-5.2.8.RELEASE.jar
7f1ca439e000-7f1ca43a7000 r--s 0005b000 08:11 8480234                    /home/whl/.m2/repository/org/springframework/spring-jdbc/5.2.8.RELEASE/spring-jdbc-5.2.8.RELEASE.jar
7f1ca43a7000-7f1ca43a9000 r--s 00009000 08:11 8480014                    /home/whl/.m2/repository/org/slf4j/slf4j-api/1.7.30/slf4j-api-1.7.30.jar
7f1ca43a9000-7f1ca43ad000 r--s 00023000 08:11 8480222                    /home/whl/.m2/repository/com/zaxxer/HikariCP/3.4.5/HikariCP-3.4.5.jar
7f1ca43ad000-7f1ca43ae000 r--s 00001000 08:11 8480218                    /home/whl/.m2/repository/org/springframework/boot/spring-boot-starter-jdbc/2.3.3.RELEASE/spring-boot-starter-jdbc-2.3.3.RELEASE.jar
7f1ca43ae000-7f1ca43b3000 r--s 00040000 08:11 8479993                    /home/whl/.m2/repository/org/springframework/spring-expression/5.2.8.RELEASE/spring-expression-5.2.8.RELEASE.jar
7f1ca43b3000-7f1ca43ce000 r--s 00111000 08:11 8479977                    /home/whl/.m2/repository/org/springframework/spring-context/5.2.8.RELEASE/spring-context-5.2.8.RELEASE.jar
7f1ca43ce000-7f1ca43d7000 r--s 00052000 08:11 8479994                    /home/whl/.m2/repository/org/springframework/spring-aop/5.2.8.RELEASE/spring-aop-5.2.8.RELEASE.jar
7f1ca43d7000-7f1ca43e9000 r--s 000d8000 08:11 8479990                    /home/whl/.m2/repository/org/springframework/spring-webmvc/5.2.8.RELEASE/spring-webmvc-5.2.8.RELEASE.jar
7f1ca43e9000-7f1ca43f6000 r--s 0009c000 08:11 8479978                    /home/whl/.m2/repository/org/springframework/spring-beans/5.2.8.RELEASE/spring-beans-5.2.8.RELEASE.jar
7f1ca43f6000-7f1ca4412000 r--s 00144000 08:11 8479996                    /home/whl/.m2/repository/org/springframework/spring-web/5.2.8.RELEASE/spring-web-5.2.8.RELEASE.jar
7f1ca4412000-7f1ca4418000 r--s 0003c000 08:11 8479985                    /home/whl/.m2/repository/org/apache/tomcat/embed/tomcat-embed-websocket/9.0.37/tomcat-embed-websocket-9.0.37.jar
7f1ca4418000-7f1ca441d000 r--s 00036000 08:11 8479976                    /home/whl/.m2/repository/org/glassfish/jakarta.el/3.0.3/jakarta.el-3.0.3.jar
7f1ca441d000-7f1ca4449000 r--s 0030f000 08:11 8479984                    /home/whl/.m2/repository/org/apache/tomcat/embed/tomcat-embed-core/9.0.37/tomcat-embed-core-9.0.37.jar
7f1ca4449000-7f1ca444a000 r--s 00001000 08:11 8479982                    /home/whl/.m2/repository/org/springframework/boot/spring-boot-starter-tomcat/2.3.3.RELEASE/spring-boot-starter-tomcat-2.3.3.RELEASE.jar
7f1ca444a000-7f1ca444c000 r--s 00001000 08:11 8479980                    /home/whl/.m2/repository/com/fasterxml/jackson/module/jackson-module-parameter-names/2.11.2/jackson-module-parameter-names-2.11.2.jar
7f1ca444c000-7f1ca4450000 r--s 00018000 08:11 8479975                    /home/whl/.m2/repository/com/fasterxml/jackson/datatype/jackson-datatype-jsr310/2.11.2/jackson-datatype-jsr310-2.11.2.jar
7f1ca4450000-7f1ca4452000 r--s 00007000 08:11 8479973                    /home/whl/.m2/repository/com/fasterxml/jackson/datatype/jackson-datatype-jdk8/2.11.2/jackson-datatype-jdk8-2.11.2.jar
7f1ca4452000-7f1ca4456000 r--s 00052000 08:11 8479971                    /home/whl/.m2/repository/com/fasterxml/jackson/core/jackson-core/2.11.2/jackson-core-2.11.2.jar
7f1ca4456000-7f1ca4459000 r--s 0000e000 08:11 8479969                    /home/whl/.m2/repository/com/fasterxml/jackson/core/jackson-annotations/2.11.2/jackson-annotations-2.11.2.jar
7f1ca4459000-7f1ca446e000 r--s 00146000 08:11 8479967                    /home/whl/.m2/repository/com/fasterxml/jackson/core/jackson-databind/2.11.2/jackson-databind-2.11.2.jar
7f1ca446e000-7f1ca4475000 r--s 00045000 08:11 8479963                    /home/whl/.m2/repository/org/yaml/snakeyaml/1.26/snakeyaml-1.26.jar
7f1ca4475000-7f1ca447b000 r--s 00042000 08:11 8479957                    /home/whl/.m2/repository/org/apache/logging/log4j/log4j-api/2.13.3/log4j-api-2.13.3.jar
7f1ca447b000-7f1ca4486000 r--s 00069000 08:11 8479951                    /home/whl/.m2/repository/ch/qos/logback/logback-core/1.2.3/logback-core-1.2.3.jar
7f1ca4486000-7f1ca44b0000 r--s 0013f000 08:11 8479953                    /home/whl/.m2/repository/org/springframework/boot/spring-boot-autoconfigure/2.3.3.RELEASE/spring-boot-autoconfigure-2.3.3.RELEASE.jar
7f1ca44b0000-7f1ca44c8000 r--s 000fa000 08:11 8479974                    /home/whl/.m2/repository/org/springframework/boot/spring-boot/2.3.3.RELEASE/spring-boot-2.3.3.RELEASE.jar
7f1ca44c8000-7f1ca44db000 r--s 0034b000 08:11 10518661                   /home/whl/new_docker_libs/jdk1.8.0_231/jre/lib/resources.jar
7f1ca44db000-7f1ca44de000 ---p 00000000 00:00 0 
7f1ca44de000-7f1ca45dc000 rw-p 00000000 00:00 0 
7f1ca45dc000-7f1ca45df000 ---p 00000000 00:00 0 
7f1ca45df000-7f1ca46dd000 rw-p 00000000 00:00 0 
7f1ca46dd000-7f1ca46e0000 ---p 00000000 00:00 0 
7f1ca46e0000-7f1ca47de000 rw-p 00000000 00:00 0 
7f1ca47de000-7f1ca47e2000 r-xp 00000000 08:11 10526781                   /home/whl/new_docker_libs/jdk1.8.0_231/jre/lib/amd64/libdt_socket.so
7f1ca47e2000-7f1ca49e1000 ---p 00004000 08:11 10526781                   /home/whl/new_docker_libs/jdk1.8.0_231/jre/lib/amd64/libdt_socket.so
7f1ca49e1000-7f1ca49e2000 r--p 00003000 08:11 10526781                   /home/whl/new_docker_libs/jdk1.8.0_231/jre/lib/amd64/libdt_socket.so
7f1ca49e2000-7f1ca49e3000 rw-p 00004000 08:11 10526781                   /home/whl/new_docker_libs/jdk1.8.0_231/jre/lib/amd64/libdt_socket.so
7f1ca49e3000-7f1ca49e6000 ---p 00000000 00:00 0 
7f1ca49e6000-7f1ca4ae4000 rw-p 00000000 00:00 0 
7f1ca4ae4000-7f1ca4ae7000 ---p 00000000 00:00 0 
7f1ca4ae7000-7f1ca4be5000 rw-p 00000000 00:00 0 
7f1ca4be5000-7f1ca4be8000 ---p 00000000 00:00 0 
7f1ca4be8000-7f1ca4ce6000 rw-p 00000000 00:00 0 
7f1ca4ce6000-7f1ca4ce7000 ---p 00000000 00:00 0 
7f1ca4ce7000-7f1ca634c000 rw-p 00000000 00:00 0 
7f1ca634c000-7f1ca6526000 r--s 03d89000 08:11 10518539                   /home/whl/new_docker_libs/jdk1.8.0_231/jre/lib/rt.jar
7f1ca6526000-7f1ca69dc000 rw-p 00000000 00:00 0 
7f1ca69dc000-7f1ca6d9c000 ---p 00000000 00:00 0 
7f1ca6d9c000-7f1ca7d4c000 rw-p 00000000 00:00 0 
7f1ca7d4c000-7f1ca7d4d000 ---p 00000000 00:00 0 
7f1ca7d4d000-7f1ca7e4d000 rw-p 00000000 00:00 0 
7f1ca7e4d000-7f1ca7e4e000 ---p 00000000 00:00 0 
7f1ca7e4e000-7f1ca7f4e000 rw-p 00000000 00:00 0 
7f1ca7f4e000-7f1ca7f4f000 ---p 00000000 00:00 0 
7f1ca7f4f000-7f1ca80f7000 rw-p 00000000 00:00 0 
7f1ca80f7000-7f1ca8ac4000 ---p 00000000 00:00 0 
7f1ca8ac4000-7f1ca8b18000 rw-p 00000000 00:00 0 
7f1ca8b18000-7f1ca8fff000 ---p 00000000 00:00 0 
7f1ca8fff000-7f1ca9000000 rw-p 00000000 00:00 0 
7f1ca9000000-7f1ca9270000 rwxp 00000000 00:00 0 
7f1ca9270000-7f1cb8000000 ---p 00000000 00:00 0 
7f1cb8000000-7f1cb8473000 rw-p 00000000 00:00 0 
7f1cb8473000-7f1cbc000000 ---p 00000000 00:00 0 
7f1cbc000000-7f1cbc001000 r--s 00001000 08:11 8479965                    /home/whl/.m2/repository/org/springframework/boot/spring-boot-starter-json/2.3.3.RELEASE/spring-boot-starter-json-2.3.3.RELEASE.jar
7f1cbc001000-7f1cbc003000 r--s 00005000 08:11 8479961                    /home/whl/.m2/repository/jakarta/annotation/jakarta.annotation-api/1.3.5/jakarta.annotation-api-1.3.5.jar
7f1cbc003000-7f1cbc005000 r--s 00000000 08:11 8479959                    /home/whl/.m2/repository/org/slf4j/jul-to-slf4j/1.7.30/jul-to-slf4j-1.7.30.jar
7f1cbc005000-7f1cbc00b000 r--s 00041000 08:11 8479949                    /home/whl/.m2/repository/ch/qos/logback/logback-classic/1.2.3/logback-classic-1.2.3.jar
7f1cbc00b000-7f1cbc066000 rw-p 00000000 00:00 0 
7f1cbc066000-7f1cbc067000 ---p 00000000 00:00 0 
7f1cbc067000-7f1cbc167000 rw-p 00000000 00:00 0 
7f1cbc167000-7f1cbc168000 ---p 00000000 00:00 0 
7f1cbc168000-7f1cbc268000 rw-p 00000000 00:00 0 
7f1cbc268000-7f1cbc269000 ---p 00000000 00:00 0 
7f1cbc269000-7f1cbc411000 rw-p 00000000 00:00 0 
7f1cbc411000-7f1cbcddf000 ---p 00000000 00:00 0 
7f1cbcddf000-7f1cbcde9000 rw-p 00000000 00:00 0 
7f1cbcde9000-7f1cbd19f000 ---p 00000000 00:00 0 
7f1cbd19f000-7f1cbd1ba000 r-xp 00000000 08:11 10526793                   /home/whl/new_docker_libs/jdk1.8.0_231/jre/lib/amd64/libzip.so
7f1cbd1ba000-7f1cbd3b9000 ---p 0001b000 08:11 10526793                   /home/whl/new_docker_libs/jdk1.8.0_231/jre/lib/amd64/libzip.so
7f1cbd3b9000-7f1cbd3ba000 r--p 0001a000 08:11 10526793                   /home/whl/new_docker_libs/jdk1.8.0_231/jre/lib/amd64/libzip.so
7f1cbd3ba000-7f1cbd3bb000 rw-p 0001b000 08:11 10526793                   /home/whl/new_docker_libs/jdk1.8.0_231/jre/lib/amd64/libzip.so
7f1cbd3bb000-7f1cbd3c6000 r-xp 00000000 08:01 1609134                    /lib/x86_64-linux-gnu/libnss_files-2.23.so
7f1cbd3c6000-7f1cbd5c5000 ---p 0000b000 08:01 1609134                    /lib/x86_64-linux-gnu/libnss_files-2.23.so
7f1cbd5c5000-7f1cbd5c6000 r--p 0000a000 08:01 1609134                    /lib/x86_64-linux-gnu/libnss_files-2.23.so
7f1cbd5c6000-7f1cbd5c7000 rw-p 0000b000 08:01 1609134                    /lib/x86_64-linux-gnu/libnss_files-2.23.so
7f1cbd5c7000-7f1cbd5cd000 rw-p 00000000 00:00 0 
7f1cbd5cd000-7f1cbd5d8000 r-xp 00000000 08:01 1609138                    /lib/x86_64-linux-gnu/libnss_nis-2.23.so
7f1cbd5d8000-7f1cbd7d7000 ---p 0000b000 08:01 1609138                    /lib/x86_64-linux-gnu/libnss_nis-2.23.so
7f1cbd7d7000-7f1cbd7d8000 r--p 0000a000 08:01 1609138                    /lib/x86_64-linux-gnu/libnss_nis-2.23.so
7f1cbd7d8000-7f1cbd7d9000 rw-p 0000b000 08:01 1609138                    /lib/x86_64-linux-gnu/libnss_nis-2.23.so
7f1cbd7d9000-7f1cbd7ef000 r-xp 00000000 08:01 1609124                    /lib/x86_64-linux-gnu/libnsl-2.23.so
7f1cbd7ef000-7f1cbd9ee000 ---p 00016000 08:01 1609124                    /lib/x86_64-linux-gnu/libnsl-2.23.so
7f1cbd9ee000-7f1cbd9ef000 r--p 00015000 08:01 1609124                    /lib/x86_64-linux-gnu/libnsl-2.23.so
7f1cbd9ef000-7f1cbd9f0000 rw-p 00016000 08:01 1609124                    /lib/x86_64-linux-gnu/libnsl-2.23.so
7f1cbd9f0000-7f1cbd9f2000 rw-p 00000000 00:00 0 
7f1cbd9f2000-7f1cbd9fa000 r-xp 00000000 08:01 1609136                    /lib/x86_64-linux-gnu/libnss_compat-2.23.so
7f1cbd9fa000-7f1cbdbf9000 ---p 00008000 08:01 1609136                    /lib/x86_64-linux-gnu/libnss_compat-2.23.so
7f1cbdbf9000-7f1cbdbfa000 r--p 00007000 08:01 1609136                    /lib/x86_64-linux-gnu/libnss_compat-2.23.so
7f1cbdbfa000-7f1cbdbfb000 rw-p 00008000 08:01 1609136                    /lib/x86_64-linux-gnu/libnss_compat-2.23.so
7f1cbdbfb000-7f1cbdc05000 r-xp 00000000 08:11 10526795                   /home/whl/new_docker_libs/jdk1.8.0_231/jre/lib/amd64/libinstrument.so
7f1cbdc05000-7f1cbde04000 ---p 0000a000 08:11 10526795                   /home/whl/new_docker_libs/jdk1.8.0_231/jre/lib/amd64/libinstrument.so
7f1cbde04000-7f1cbde05000 r--p 00009000 08:11 10526795                   /home/whl/new_docker_libs/jdk1.8.0_231/jre/lib/amd64/libinstrument.so
7f1cbde05000-7f1cbde06000 rw-p 0000a000 08:11 10526795                   /home/whl/new_docker_libs/jdk1.8.0_231/jre/lib/amd64/libinstrument.so
7f1cbde06000-7f1cbe290000 r--p 00000000 08:01 7078947                    /usr/lib/locale/locale-archive
7f1cbe290000-7f1cbe292000 r-xp 00000000 08:11 10526806                   /home/whl/new_docker_libs/jdk1.8.0_231/jre/lib/amd64/libnpt.so
7f1cbe292000-7f1cbe492000 ---p 00002000 08:11 10526806                   /home/whl/new_docker_libs/jdk1.8.0_231/jre/lib/amd64/libnpt.so
7f1cbe492000-7f1cbe493000 r--p 00002000 08:11 10526806                   /home/whl/new_docker_libs/jdk1.8.0_231/jre/lib/amd64/libnpt.so
7f1cbe493000-7f1cbe494000 rw-p 00003000 08:11 10526806                   /home/whl/new_docker_libs/jdk1.8.0_231/jre/lib/amd64/libnpt.so
7f1cbe494000-7f1cbe4ce000 r-xp 00000000 08:11 10526779                   /home/whl/new_docker_libs/jdk1.8.0_231/jre/lib/amd64/libjdwp.so
7f1cbe4ce000-7f1cbe6cd000 ---p 0003a000 08:11 10526779                   /home/whl/new_docker_libs/jdk1.8.0_231/jre/lib/amd64/libjdwp.so
7f1cbe6cd000-7f1cbe6ce000 r--p 00039000 08:11 10526779                   /home/whl/new_docker_libs/jdk1.8.0_231/jre/lib/amd64/libjdwp.so
7f1cbe6ce000-7f1cbe6cf000 rw-p 0003a000 08:11 10526779                   /home/whl/new_docker_libs/jdk1.8.0_231/jre/lib/amd64/libjdwp.so
7f1cbe6cf000-7f1cbe6fb000 r-xp 00000000 08:11 10526784                   /home/whl/new_docker_libs/jdk1.8.0_231/jre/lib/amd64/libjava.so
7f1cbe6fb000-7f1cbe8fb000 ---p 0002c000 08:11 10526784                   /home/whl/new_docker_libs/jdk1.8.0_231/jre/lib/amd64/libjava.so
7f1cbe8fb000-7f1cbe8fc000 r--p 0002c000 08:11 10526784                   /home/whl/new_docker_libs/jdk1.8.0_231/jre/lib/amd64/libjava.so
7f1cbe8fc000-7f1cbe8fe000 rw-p 0002d000 08:11 10526784                   /home/whl/new_docker_libs/jdk1.8.0_231/jre/lib/amd64/libjava.so
7f1cbe8fe000-7f1cbe90b000 r-xp 00000000 08:11 10526775                   /home/whl/new_docker_libs/jdk1.8.0_231/jre/lib/amd64/libverify.so
7f1cbe90b000-7f1cbeb0a000 ---p 0000d000 08:11 10526775                   /home/whl/new_docker_libs/jdk1.8.0_231/jre/lib/amd64/libverify.so
7f1cbeb0a000-7f1cbeb0c000 r--p 0000c000 08:11 10526775                   /home/whl/new_docker_libs/jdk1.8.0_231/jre/lib/amd64/libverify.so
7f1cbeb0c000-7f1cbeb0d000 rw-p 0000e000 08:11 10526775                   /home/whl/new_docker_libs/jdk1.8.0_231/jre/lib/amd64/libverify.so
7f1cbeb0d000-7f1cbeb14000 r-xp 00000000 08:01 1609141                    /lib/x86_64-linux-gnu/librt-2.23.so
7f1cbeb14000-7f1cbed13000 ---p 00007000 08:01 1609141                    /lib/x86_64-linux-gnu/librt-2.23.so
7f1cbed13000-7f1cbed14000 r--p 00006000 08:01 1609141                    /lib/x86_64-linux-gnu/librt-2.23.so
7f1cbed14000-7f1cbed15000 rw-p 00007000 08:01 1609141                    /lib/x86_64-linux-gnu/librt-2.23.so
7f1cbed15000-7f1cbee1d000 r-xp 00000000 08:01 1609125                    /lib/x86_64-linux-gnu/libm-2.23.so
7f1cbee1d000-7f1cbf01c000 ---p 00108000 08:01 1609125                    /lib/x86_64-linux-gnu/libm-2.23.so
7f1cbf01c000-7f1cbf01d000 r--p 00107000 08:01 1609125                    /lib/x86_64-linux-gnu/libm-2.23.so
7f1cbf01d000-7f1cbf01e000 rw-p 00108000 08:01 1609125                    /lib/x86_64-linux-gnu/libm-2.23.so
7f1cbf01e000-7f1cbfd07000 r-xp 00000000 08:11 10526791                   /home/whl/new_docker_libs/jdk1.8.0_231/jre/lib/amd64/server/libjvm.so
7f1cbfd07000-7f1cbff06000 ---p 00ce9000 08:11 10526791                   /home/whl/new_docker_libs/jdk1.8.0_231/jre/lib/amd64/server/libjvm.so
7f1cbff06000-7f1cbff9c000 r--p 00ce8000 08:11 10526791                   /home/whl/new_docker_libs/jdk1.8.0_231/jre/lib/amd64/server/libjvm.so
7f1cbff9c000-7f1cbffcd000 rw-p 00d7e000 08:11 10526791                   /home/whl/new_docker_libs/jdk1.8.0_231/jre/lib/amd64/server/libjvm.so
7f1cbffcd000-7f1cc0008000 rw-p 00000000 00:00 0 
7f1cc0008000-7f1cc01c8000 r-xp 00000000 08:01 1609110                    /lib/x86_64-linux-gnu/libc-2.23.so
7f1cc01c8000-7f1cc03c8000 ---p 001c0000 08:01 1609110                    /lib/x86_64-linux-gnu/libc-2.23.so
7f1cc03c8000-7f1cc03cc000 r--p 001c0000 08:01 1609110                    /lib/x86_64-linux-gnu/libc-2.23.so
7f1cc03cc000-7f1cc03ce000 rw-p 001c4000 08:01 1609110                    /lib/x86_64-linux-gnu/libc-2.23.so
7f1cc03ce000-7f1cc03d2000 rw-p 00000000 00:00 0 
7f1cc03d2000-7f1cc03d5000 r-xp 00000000 08:01 1584625                    /lib/x86_64-linux-gnu/libdl-2.23.so
7f1cc03d5000-7f1cc05d4000 ---p 00003000 08:01 1584625                    /lib/x86_64-linux-gnu/libdl-2.23.so
7f1cc05d4000-7f1cc05d5000 r--p 00002000 08:01 1584625                    /lib/x86_64-linux-gnu/libdl-2.23.so
7f1cc05d5000-7f1cc05d6000 rw-p 00003000 08:01 1584625                    /lib/x86_64-linux-gnu/libdl-2.23.so
7f1cc05d6000-7f1cc05ed000 r-xp 00000000 08:11 10494103                   /home/whl/new_docker_libs/jdk1.8.0_231/lib/amd64/jli/libjli.so
7f1cc05ed000-7f1cc07ec000 ---p 00017000 08:11 10494103                   /home/whl/new_docker_libs/jdk1.8.0_231/lib/amd64/jli/libjli.so
7f1cc07ec000-7f1cc07ed000 r--p 00016000 08:11 10494103                   /home/whl/new_docker_libs/jdk1.8.0_231/lib/amd64/jli/libjli.so
7f1cc07ed000-7f1cc07ee000 rw-p 00017000 08:11 10494103                   /home/whl/new_docker_libs/jdk1.8.0_231/lib/amd64/jli/libjli.so
7f1cc07ee000-7f1cc0806000 r-xp 00000000 08:01 1609112                    /lib/x86_64-linux-gnu/libpthread-2.23.so
7f1cc0806000-7f1cc0a05000 ---p 00018000 08:01 1609112                    /lib/x86_64-linux-gnu/libpthread-2.23.so
7f1cc0a05000-7f1cc0a06000 r--p 00017000 08:01 1609112                    /lib/x86_64-linux-gnu/libpthread-2.23.so
7f1cc0a06000-7f1cc0a07000 rw-p 00018000 08:01 1609112                    /lib/x86_64-linux-gnu/libpthread-2.23.so
7f1cc0a07000-7f1cc0a0b000 rw-p 00000000 00:00 0 
7f1cc0a0b000-7f1cc0a31000 r-xp 00000000 08:01 1609132                    /lib/x86_64-linux-gnu/ld-2.23.so
7f1cc0a31000-7f1cc0a33000 r--s 00003000 08:11 8479955                    /home/whl/.m2/repository/org/apache/logging/log4j/log4j-to-slf4j/2.13.3/log4j-to-slf4j-2.13.3.jar
7f1cc0a33000-7f1cc0a34000 r--s 00001000 08:11 8479948                    /home/whl/.m2/repository/org/springframework/boot/spring-boot-starter-logging/2.3.3.RELEASE/spring-boot-starter-logging-2.3.3.RELEASE.jar
7f1cc0a34000-7f1cc0a35000 r--s 00001000 08:11 8479946                    /home/whl/.m2/repository/org/springframework/boot/spring-boot-starter/2.3.3.RELEASE/spring-boot-starter-2.3.3.RELEASE.jar
7f1cc0a35000-7f1cc0a36000 r--s 00001000 08:11 8479945                    /home/whl/.m2/repository/org/springframework/boot/spring-boot-starter-web/2.3.3.RELEASE/spring-boot-starter-web-2.3.3.RELEASE.jar
7f1cc0a36000-7f1cc0a49000 r--s 000d6000 08:11 10518533                   /home/whl/new_docker_libs/jdk1.8.0_231/jre/lib/plugin.jar
7f1cc0a49000-7f1cc0a4a000 r--s 00000000 08:11 10518739                   /home/whl/new_docker_libs/jdk1.8.0_231/jre/lib/management-agent.jar
7f1cc0a4a000-7f1cc0a4e000 r--s 000a4000 08:11 10518728                   /home/whl/new_docker_libs/jdk1.8.0_231/jre/lib/jsse.jar
7f1cc0a4e000-7f1cc0a50000 r--s 00007000 08:11 10518733                   /home/whl/new_docker_libs/jdk1.8.0_231/jre/lib/jfxswt.jar
7f1cc0a50000-7f1cc0a6b000 r--s 0020c000 08:11 10518534                   /home/whl/new_docker_libs/jdk1.8.0_231/jre/lib/deploy.jar
7f1cc0a6b000-7f1cc0b08000 rw-p 00000000 00:00 0 
7f1cc0b08000-7f1cc0b0b000 ---p 00000000 00:00 0 
7f1cc0b0b000-7f1cc0c0e000 rw-p 00000000 00:00 0 
7f1cc0c0e000-7f1cc0c13000 r--s 00087000 08:11 10518723                   /home/whl/new_docker_libs/jdk1.8.0_231/jre/lib/jfr.jar
7f1cc0c13000-7f1cc0c16000 r--s 0001a000 08:11 10518629                   /home/whl/new_docker_libs/jdk1.8.0_231/jre/lib/jce.jar
7f1cc0c16000-7f1cc0c20000 r--s 0006e000 08:11 10518665                   /home/whl/new_docker_libs/jdk1.8.0_231/jre/lib/javaws.jar
7f1cc0c20000-7f1cc0c25000 r--s 002f9000 08:11 10518538                   /home/whl/new_docker_libs/jdk1.8.0_231/jre/lib/charsets.jar
7f1cc0c25000-7f1cc0c26000 r--s 00002000 08:11 13058256                   /home/whl/JetBrains.IntelliJ.IDEA.Ultimate.v2018.1.1.Linux/idea-IU-181.4445.78/lib/rt/debugger-agent-storage.jar
7f1cc0c26000-7f1cc0c2e000 rw-s 00000000 08:01 6947060                    /tmp/hsperfdata_whl/30665
7f1cc0c2e000-7f1cc0c2f000 rw-p 00000000 00:00 0 
7f1cc0c2f000-7f1cc0c30000 r--p 00000000 00:00 0 
7f1cc0c30000-7f1cc0c31000 r--p 00025000 08:01 1609132                    /lib/x86_64-linux-gnu/ld-2.23.so
7f1cc0c31000-7f1cc0c32000 rw-p 00026000 08:01 1609132                    /lib/x86_64-linux-gnu/ld-2.23.so
7f1cc0c32000-7f1cc0c33000 rw-p 00000000 00:00 0 
7ffdeeb93000-7ffdeebb5000 rw-p 00000000 00:00 0                          [stack]
7ffdeebe7000-7ffdeebea000 r--p 00000000 00:00 0                          [vvar]
7ffdeebea000-7ffdeebec000 r-xp 00000000 00:00 0                          [vdso]
ffffffffff600000-ffffffffff601000 r-xp 00000000 00:00 0                  [vsyscall]

VM Arguments:
jvm_args: -agentlib:jdwp=transport=dt_socket,address=127.0.0.1:18281,suspend=y,server=n -javaagent:/home/whl/JetBrains.IntelliJ.IDEA.Ultimate.v2018.1.1.Linux/idea-IU-181.4445.78/lib/rt/debugger-agent.jar=file:/tmp/capture.props -Dfile.encoding=UTF-8 
java_command: com.example.demo.main.FrameworkVerify
java_class_path (initial): /home/whl/new_docker_libs/jdk1.8.0_231/jre/lib/charsets.jar:/home/whl/new_docker_libs/jdk1.8.0_231/jre/lib/deploy.jar:/home/whl/new_docker_libs/jdk1.8.0_231/jre/lib/ext/cldrdata.jar:/home/whl/new_docker_libs/jdk1.8.0_231/jre/lib/ext/dnsns.jar:/home/whl/new_docker_libs/jdk1.8.0_231/jre/lib/ext/jaccess.jar:/home/whl/new_docker_libs/jdk1.8.0_231/jre/lib/ext/jfxrt.jar:/home/whl/new_docker_libs/jdk1.8.0_231/jre/lib/ext/localedata.jar:/home/whl/new_docker_libs/jdk1.8.0_231/jre/lib/ext/nashorn.jar:/home/whl/new_docker_libs/jdk1.8.0_231/jre/lib/ext/sunec.jar:/home/whl/new_docker_libs/jdk1.8.0_231/jre/lib/ext/sunjce_provider.jar:/home/whl/new_docker_libs/jdk1.8.0_231/jre/lib/ext/sunpkcs11.jar:/home/whl/new_docker_libs/jdk1.8.0_231/jre/lib/ext/zipfs.jar:/home/whl/new_docker_libs/jdk1.8.0_231/jre/lib/javaws.jar:/home/whl/new_docker_libs/jdk1.8.0_231/jre/lib/jce.jar:/home/whl/new_docker_libs/jdk1.8.0_231/jre/lib/jfr.jar:/home/whl/new_docker_libs/jdk1.8.0_231/jre/lib/jfxswt.jar:/home/whl/new_docker_libs/jdk1.8.0_231/jre/lib/jsse.jar:/home/whl/new_docker_libs/jdk1.8.0_231/jre/lib/management-agent.jar:/home/whl/new_docker_libs/jdk1.8.0_231/jre/lib/plugin.jar:/home/whl/new_docker_libs/jdk1.8.0_231/jre/lib/resources.jar:/home/whl/new_docker_libs/jdk1.8.0_231/jre/lib/rt.jar:/home/whl/Documents/java_project/demo/target/classes:/home/whl/.m2/repository/org/springframework/boot/spring-boot-starter-web/2.3.3.RELEASE/spring-boot-starter-web-2.3.3.RELEASE.jar:/home/whl/.m2/repository/org/springframework/boot/spring-boot-starter/2.3.3.RELEASE/spring-boot-starter-2.3.3.RELEASE.jar:/home/whl/.m2/repository/org/springframework/boot/spring-boot/2.3.3.RELEASE/spring-boot-2.3.3.RELEASE.jar:/home/whl/.m2/repository/org/springframework/boot/spring-boot-autoconfigure/2.3.3.RELEASE/spring-boot-autoconfigure-2.3.3.RELEASE.jar:/home/whl/.m2/repository/org/springframework/boot/spring-boot-starter-logging/2.3.3.RELEASE/spring-boot-starter-logging-2.3.3.RELEASE.jar:/home/whl/.
Launcher Type: SUN_STANDARD

Environment Variables:
JAVA_HOME=/usr/lib/jvm/java-1.8.0-openjdk-amd64
JRE_HOME=/usr/lib/jvm/java-1.8.0-openjdk-amd64/jre
CLASSPATH=.:/usr/lib/jvm/java-1.8.0-openjdk-amd64/lib:/lib
PATH=/usr/local/mongodb/bin:/usr/local/sbin:/usr/local/bin:/usr/sbin:/usr/bin:/sbin:/bin:/usr/games:/usr/local/games:/snap/bin:/usr/lib/jvm/java-1.8.0-openjdk-amd64/bin
SHELL=/bin/bash
DISPLAY=:0

Signal Handlers:
SIGSEGV: [libjvm.so+0xad4d90], sa_mask[0]=11111111011111111101111111111110, sa_flags=SA_RESTART|SA_SIGINFO
SIGBUS: [libjvm.so+0xad4d90], sa_mask[0]=11111111011111111101111111111110, sa_flags=SA_RESTART|SA_SIGINFO
SIGFPE: [libjvm.so+0x90bc10], sa_mask[0]=11111111011111111101111111111110, sa_flags=SA_RESTART|SA_SIGINFO
SIGPIPE: [libjvm.so+0x90bc10], sa_mask[0]=11111111011111111101111111111110, sa_flags=SA_RESTART|SA_SIGINFO
SIGXFSZ: [libjvm.so+0x90bc10], sa_mask[0]=11111111011111111101111111111110, sa_flags=SA_RESTART|SA_SIGINFO
SIGILL: [libjvm.so+0x90bc10], sa_mask[0]=11111111011111111101111111111110, sa_flags=SA_RESTART|SA_SIGINFO
SIGUSR1: SIG_DFL, sa_mask[0]=00000000000000000000000000000000, sa_flags=none
SIGUSR2: [libjvm.so+0x90bae0], sa_mask[0]=00100000000000000000000000000000, sa_flags=SA_RESTART|SA_SIGINFO
SIGHUP: [libjvm.so+0x90c100], sa_mask[0]=11111111011111111101111111111110, sa_flags=SA_RESTART|SA_SIGINFO
SIGINT: [libjvm.so+0x90c100], sa_mask[0]=11111111011111111101111111111110, sa_flags=SA_RESTART|SA_SIGINFO
SIGTERM: [libjvm.so+0x90c100], sa_mask[0]=11111111011111111101111111111110, sa_flags=SA_RESTART|SA_SIGINFO
SIGQUIT: [libjvm.so+0x90c100], sa_mask[0]=11111111011111111101111111111110, sa_flags=SA_RESTART|SA_SIGINFO


---------------  S Y S T E M  ---------------

OS:DISTRIB_ID=Ubuntu
DISTRIB_RELEASE=16.04
DISTRIB_CODENAME=xenial
DISTRIB_DESCRIPTION="Ubuntu 16.04.5 LTS"

uname:Linux 4.15.0-112-generic #113~16.04.1-Ubuntu SMP Fri Jul 10 04:37:08 UTC 2020 x86_64
libc:glibc 2.23 NPTL 2.23 
rlimit: STACK 8192k, CORE 0k, NPROC 1000000, NOFILE 1000000, AS infinity
load average:4.29 4.50 4.45

/proc/meminfo:
MemTotal:       32891256 kB
MemFree:         3274480 kB
MemAvailable:   19161952 kB
Buffers:         1097076 kB
Cached:         14745272 kB
SwapCached:           12 kB
Active:         20772928 kB
Inactive:        7653172 kB
Active(anon):   12469672 kB
Inactive(anon):   277392 kB
Active(file):    8303256 kB
Inactive(file):  7375780 kB
Unevictable:          96 kB
Mlocked:              96 kB
SwapTotal:        998396 kB
SwapFree:         997116 kB
Dirty:              6580 kB
Writeback:             0 kB
AnonPages:      12583948 kB
Mapped:          1295276 kB
Shmem:            248148 kB
Slab:             842668 kB
SReclaimable:     667096 kB
SUnreclaim:       175572 kB
KernelStack:       35520 kB
PageTables:       115560 kB
NFS_Unstable:          0 kB
Bounce:                0 kB
WritebackTmp:          0 kB
CommitLimit:    17444024 kB
Committed_AS:   26447000 kB
VmallocTotal:   34359738367 kB
VmallocUsed:           0 kB
VmallocChunk:          0 kB
HardwareCorrupted:     0 kB
AnonHugePages:         0 kB
ShmemHugePages:        0 kB
ShmemPmdMapped:        0 kB
CmaTotal:              0 kB
CmaFree:               0 kB
HugePages_Total:       0
HugePages_Free:        0
HugePages_Rsvd:        0
HugePages_Surp:        0
Hugepagesize:       2048 kB
DirectMap4k:     2115488 kB
DirectMap2M:    30341120 kB
DirectMap1G:     1048576 kB

container (cgroup) information:
container_type: cgroupv1
cpu_cpuset_cpus: 0-5
cpu_memory_nodes: 0
active_processor_count: 6
cpu_quota: -1
cpu_period: 100000
cpu_shares: -1
memory_limit_in_bytes: -1
memory_and_swap_limit_in_bytes: -2
memory_soft_limit_in_bytes: -1
memory_usage_in_bytes: 15652864000
memory_max_usage_in_bytes: 16250978304


CPU:total 6 (initial active 6) (6 cores per cpu, 1 threads per core) family 6 model 158 stepping 10, cmov, cx8, fxsr, mmx, sse, sse2, sse3, ssse3, sse4.1, sse4.2, popcnt, avx, avx2, aes, clmul, erms, rtm, 3dnowpref, lzcnt, tsc, tscinvbit, bmi1, bmi2, adx

/proc/cpuinfo:
processor	: 0
vendor_id	: GenuineIntel
cpu family	: 6
model		: 158
model name	: Intel(R) Core(TM) i5-8600K CPU @ 3.60GHz
stepping	: 10
microcode	: 0xd6
cpu MHz		: 4100.000
cache size	: 9216 KB
physical id	: 0
siblings	: 6
core id		: 0
cpu cores	: 6
apicid		: 0
initial apicid	: 0
fpu		: yes
fpu_exception	: yes
cpuid level	: 22
wp		: yes
flags		: fpu vme de pse tsc msr pae mce cx8 apic sep mtrr pge mca cmov pat pse36 clflush dts acpi mmx fxsr sse sse2 ss ht tm pbe syscall nx pdpe1gb rdtscp lm constant_tsc art arch_perfmon pebs bts rep_good nopl xtopology nonstop_tsc cpuid aperfmperf pni pclmulqdq dtes64 monitor ds_cpl vmx smx est tm2 ssse3 sdbg fma cx16 xtpr pdcm pcid sse4_1 sse4_2 x2apic movbe popcnt tsc_deadline_timer aes xsave avx f16c rdrand lahf_lm abm 3dnowprefetch cpuid_fault invpcid_single pti ssbd ibrs ibpb stibp tpr_shadow vnmi flexpriority ept vpid fsgsbase tsc_adjust bmi1 hle avx2 smep bmi2 erms invpcid rtm mpx rdseed adx smap clflushopt intel_pt xsaveopt xsavec xgetbv1 xsaves dtherm ida arat pln pts hwp hwp_notify hwp_act_window hwp_epp md_clear flush_l1d
bugs		: cpu_meltdown spectre_v1 spectre_v2 spec_store_bypass l1tf mds swapgs taa itlb_multihit srbds
bogomips	: 7200.00
clflush size	: 64
cache_alignment	: 64
address sizes	: 39 bits physical, 48 bits virtual
power management:

processor	: 1
vendor_id	: GenuineIntel
cpu family	: 6
model		: 158
model name	: Intel(R) Core(TM) i5-8600K CPU @ 3.60GHz
stepping	: 10
microcode	: 0xd6
cpu MHz		: 4099.990
cache size	: 9216 KB
physical id	: 0
siblings	: 6
core id		: 1
cpu cores	: 6
apicid		: 2
initial apicid	: 2
fpu		: yes
fpu_exception	: yes
cpuid level	: 22
wp		: yes
flags		: fpu vme de pse tsc msr pae mce cx8 apic sep mtrr pge mca cmov pat pse36 clflush dts acpi mmx fxsr sse sse2 ss ht tm pbe syscall nx pdpe1gb rdtscp lm constant_tsc art arch_perfmon pebs bts rep_good nopl xtopology nonstop_tsc cpuid aperfmperf pni pclmulqdq dtes64 monitor ds_cpl vmx smx est tm2 ssse3 sdbg fma cx16 xtpr pdcm pcid sse4_1 sse4_2 x2apic movbe popcnt tsc_deadline_timer aes xsave avx f16c rdrand lahf_lm abm 3dnowprefetch cpuid_fault invpcid_single pti ssbd ibrs ibpb stibp tpr_shadow vnmi flexpriority ept vpid fsgsbase tsc_adjust bmi1 hle avx2 smep bmi2 erms invpcid rtm mpx rdseed adx smap clflushopt intel_pt xsaveopt xsavec xgetbv1 xsaves dtherm ida arat pln pts hwp hwp_notify hwp_act_window hwp_epp md_clear flush_l1d
bugs		: cpu_meltdown spectre_v1 spectre_v2 spec_store_bypass l1tf mds swapgs taa itlb_multihit srbds
bogomips	: 7200.00
clflush size	: 64
cache_alignment	: 64
address sizes	: 39 bits physical, 48 bits virtual
power management:

processor	: 2
vendor_id	: GenuineIntel
cpu family	: 6
model		: 158
model name	: Intel(R) Core(TM) i5-8600K CPU @ 3.60GHz
stepping	: 10
microcode	: 0xd6
cpu MHz		: 4099.999
cache size	: 9216 KB
physical id	: 0
siblings	: 6
core id		: 2
cpu cores	: 6
apicid		: 4
initial apicid	: 4
fpu		: yes
fpu_exception	: yes
cpuid level	: 22
wp		: yes
flags		: fpu vme de pse tsc msr pae mce cx8 apic sep mtrr pge mca cmov pat pse36 clflush dts acpi mmx fxsr sse sse2 ss ht tm pbe syscall nx pdpe1gb rdtscp lm constant_tsc art arch_perfmon pebs bts rep_good nopl xtopology nonstop_tsc cpuid aperfmperf pni pclmulqdq dtes64 monitor ds_cpl vmx smx est tm2 ssse3 sdbg fma cx16 xtpr pdcm pcid sse4_1 sse4_2 x2apic movbe popcnt tsc_deadline_timer aes xsave avx f16c rdrand lahf_lm abm 3dnowprefetch cpuid_fault invpcid_single pti ssbd ibrs ibpb stibp tpr_shadow vnmi flexpriority ept vpid fsgsbase tsc_adjust bmi1 hle avx2 smep bmi2 erms invpcid rtm mpx rdseed adx smap clflushopt intel_pt xsaveopt xsavec xgetbv1 xsaves dtherm ida arat pln pts hwp hwp_notify hwp_act_window hwp_epp md_clear flush_l1d
bugs		: cpu_meltdown spectre_v1 spectre_v2 spec_store_bypass l1tf mds swapgs taa itlb_multihit srbds
bogomips	: 7200.00
clflush size	: 64
cache_alignment	: 64
address sizes	: 39 bits physical, 48 bits virtual
power management:

processor	: 3
vendor_id	: GenuineIntel
cpu family	: 6
model		: 158
model name	: Intel(R) Core(TM) i5-8600K CPU @ 3.60GHz
stepping	: 10
microcode	: 0xd6
cpu MHz		: 4099.998
cache size	: 9216 KB
physical id	: 0
siblings	: 6
core id		: 3
cpu cores	: 6
apicid		: 6
initial apicid	: 6
fpu		: yes
fpu_exception	: yes
cpuid level	: 22
wp		: yes
flags		: fpu vme de pse tsc msr pae mce cx8 apic sep mtrr pge mca cmov pat pse36 clflush dts acpi mmx fxsr sse sse2 ss ht tm pbe syscall nx pdpe1gb rdtscp lm constant_tsc art arch_perfmon pebs bts rep_good nopl xtopology nonstop_tsc cpuid aperfmperf pni pclmulqdq dtes64 monitor ds_cpl vmx smx est tm2 ssse3 sdbg fma cx16 xtpr pdcm pcid sse4_1 sse4_2 x2apic movbe popcnt tsc_deadline_timer aes xsave avx f16c rdrand lahf_lm abm 3dnowprefetch cpuid_fault invpcid_single pti ssbd ibrs ibpb stibp tpr_shadow vnmi flexpriority ept vpid fsgsbase tsc_adjust bmi1 hle avx2 smep bmi2 erms invpcid rtm mpx rdseed adx smap clflushopt intel_pt xsaveopt xsavec xgetbv1 xsaves dtherm ida arat pln pts hwp hwp_notify hwp_act_window hwp_epp md_clear flush_l1d
bugs		: cpu_meltdown spectre_v1 spectre_v2 spec_store_bypass l1tf mds swapgs taa itlb_multihit srbds
bogomips	: 7200.00
clflush size	: 64
cache_alignment	: 64
address sizes	: 39 bits physical, 48 bits virtual
power management:

processor	: 4
vendor_id	: GenuineIntel
cpu family	: 6
model		: 158
model name	: Intel(R) Core(TM) i5-8600K CPU @ 3.60GHz
stepping	: 10
microcode	: 0xd6
cpu MHz		: 4100.008
cache size	: 9216 KB
physical id	: 0
siblings	: 6
core id		: 4
cpu cores	: 6
apicid		: 8
initial apicid	: 8
fpu		: yes
fpu_exception	: yes
cpuid level	: 22
wp		: yes
flags		: fpu vme de pse tsc msr pae mce cx8 apic sep mtrr pge mca cmov pat pse36 clflush dts acpi mmx fxsr sse sse2 ss ht tm pbe syscall nx pdpe1gb rdtscp lm constant_tsc art arch_perfmon pebs bts rep_good nopl xtopology nonstop_tsc cpuid aperfmperf pni pclmulqdq dtes64 monitor ds_cpl vmx smx est tm2 ssse3 sdbg fma cx16 xtpr pdcm pcid sse4_1 sse4_2 x2apic movbe popcnt tsc_deadline_timer aes xsave avx f16c rdrand lahf_lm abm 3dnowprefetch cpuid_fault invpcid_single pti ssbd ibrs ibpb stibp tpr_shadow vnmi flexpriority ept vpid fsgsbase tsc_adjust bmi1 hle avx2 smep bmi2 erms invpcid rtm mpx rdseed adx smap clflushopt intel_pt xsaveopt xsavec xgetbv1 xsaves dtherm ida arat pln pts hwp hwp_notify hwp_act_window hwp_epp md_clear flush_l1d
bugs		: cpu_meltdown spectre_v1 spectre_v2 spec_store_bypass l1tf mds swapgs taa itlb_multihit srbds
bogomips	: 7200.00
clflush size	: 64
cache_alignment	: 64
address sizes	: 39 bits physical, 48 bits virtual
power management:

processor	: 5
vendor_id	: GenuineIntel
cpu family	: 6
model		: 158
model name	: Intel(R) Core(TM) i5-8600K CPU @ 3.60GHz
stepping	: 10
microcode	: 0xd6
cpu MHz		: 4100.002
cache size	: 9216 KB
physical id	: 0
siblings	: 6
core id		: 5
cpu cores	: 6
apicid		: 10
initial apicid	: 10
fpu		: yes
fpu_exception	: yes
cpuid level	: 22
wp		: yes
flags		: fpu vme de pse tsc msr pae mce cx8 apic sep mtrr pge mca cmov pat pse36 clflush dts acpi mmx fxsr sse sse2 ss ht tm pbe syscall nx pdpe1gb rdtscp lm constant_tsc art arch_perfmon pebs bts rep_good nopl xtopology nonstop_tsc cpuid aperfmperf pni pclmulqdq dtes64 monitor ds_cpl vmx smx est tm2 ssse3 sdbg fma cx16 xtpr pdcm pcid sse4_1 sse4_2 x2apic movbe popcnt tsc_deadline_timer aes xsave avx f16c rdrand lahf_lm abm 3dnowprefetch cpuid_fault invpcid_single pti ssbd ibrs ibpb stibp tpr_shadow vnmi flexpriority ept vpid fsgsbase tsc_adjust bmi1 hle avx2 smep bmi2 erms invpcid rtm mpx rdseed adx smap clflushopt intel_pt xsaveopt xsavec xgetbv1 xsaves dtherm ida arat pln pts hwp hwp_notify hwp_act_window hwp_epp md_clear flush_l1d
bugs		: cpu_meltdown spectre_v1 spectre_v2 spec_store_bypass l1tf mds swapgs taa itlb_multihit srbds
bogomips	: 7200.00
clflush size	: 64
cache_alignment	: 64
address sizes	: 39 bits physical, 48 bits virtual
power management:



Memory: 4k page, physical 32891256k(3272092k free), swap 998396k(997116k free)

vm_info: Java HotSpot(TM) 64-Bit Server VM (25.231-b11) for linux-amd64 JRE (1.8.0_231-b11), built on Oct  5 2019 03:00:41 by "java_re" with gcc 7.3.0

time: Thu Aug 27 16:20:41 2020
timezone: CST
elapsed time: 0 seconds (0d 0h 0m 0s)

